[2023-01-28T16:28:15.473+0000] {processor.py:154} INFO - Started process (PID=72) to work on /home/airflow/.local/lib/python3.7/site-packages/airflow/example_dags/example_branch_python_dop_operator_3.py
[2023-01-28T16:28:15.475+0000] {processor.py:756} INFO - Processing file /home/airflow/.local/lib/python3.7/site-packages/airflow/example_dags/example_branch_python_dop_operator_3.py for tasks to queue
[2023-01-28T16:28:15.480+0000] {logging_mixin.py:120} INFO - [2023-01-28T16:28:15.479+0000] {dagbag.py:537} INFO - Filling up the DagBag from /home/airflow/.local/lib/python3.7/site-packages/airflow/example_dags/example_branch_python_dop_operator_3.py
[2023-01-28T16:28:15.540+0000] {processor.py:766} INFO - DAG(s) dict_keys(['example_branch_dop_operator_v3']) retrieved from /home/airflow/.local/lib/python3.7/site-packages/airflow/example_dags/example_branch_python_dop_operator_3.py
[2023-01-28T16:28:15.960+0000] {logging_mixin.py:120} INFO - [2023-01-28T16:28:15.959+0000] {manager.py:507} INFO - Created Permission View: can edit on DAG:example_branch_dop_operator_v3
[2023-01-28T16:28:15.990+0000] {logging_mixin.py:120} INFO - [2023-01-28T16:28:15.990+0000] {manager.py:507} INFO - Created Permission View: can read on DAG:example_branch_dop_operator_v3
[2023-01-28T16:28:16.006+0000] {logging_mixin.py:120} INFO - [2023-01-28T16:28:16.006+0000] {manager.py:507} INFO - Created Permission View: can delete on DAG:example_branch_dop_operator_v3
[2023-01-28T16:28:16.009+0000] {logging_mixin.py:120} INFO - [2023-01-28T16:28:16.008+0000] {dag.py:2585} INFO - Sync 1 DAGs
[2023-01-28T16:28:16.041+0000] {logging_mixin.py:120} INFO - [2023-01-28T16:28:16.041+0000] {dag.py:2606} INFO - Creating ORM DAG for example_branch_dop_operator_v3
[2023-01-28T16:28:16.076+0000] {logging_mixin.py:120} INFO - [2023-01-28T16:28:16.076+0000] {dag.py:3340} INFO - Setting next_dagrun for example_branch_dop_operator_v3 to 2023-01-28T16:27:00+00:00, run_after=2023-01-28T16:28:00+00:00
[2023-01-28T16:28:16.121+0000] {processor.py:176} INFO - Processing /home/airflow/.local/lib/python3.7/site-packages/airflow/example_dags/example_branch_python_dop_operator_3.py took 0.655 seconds
[2023-01-28T16:31:21.487+0000] {processor.py:154} INFO - Started process (PID=63) to work on /home/airflow/.local/lib/python3.7/site-packages/airflow/example_dags/example_branch_python_dop_operator_3.py
[2023-01-28T16:31:21.489+0000] {processor.py:756} INFO - Processing file /home/airflow/.local/lib/python3.7/site-packages/airflow/example_dags/example_branch_python_dop_operator_3.py for tasks to queue
[2023-01-28T16:31:21.492+0000] {logging_mixin.py:120} INFO - [2023-01-28T16:31:21.491+0000] {dagbag.py:537} INFO - Filling up the DagBag from /home/airflow/.local/lib/python3.7/site-packages/airflow/example_dags/example_branch_python_dop_operator_3.py
[2023-01-28T16:31:21.538+0000] {processor.py:766} INFO - DAG(s) dict_keys(['example_branch_dop_operator_v3']) retrieved from /home/airflow/.local/lib/python3.7/site-packages/airflow/example_dags/example_branch_python_dop_operator_3.py
[2023-01-28T16:31:21.581+0000] {logging_mixin.py:120} INFO - [2023-01-28T16:31:21.581+0000] {dag.py:2585} INFO - Sync 1 DAGs
[2023-01-28T16:31:21.630+0000] {logging_mixin.py:120} INFO - [2023-01-28T16:31:21.630+0000] {dag.py:3340} INFO - Setting next_dagrun for example_branch_dop_operator_v3 to 2023-01-28T16:30:00+00:00, run_after=2023-01-28T16:31:00+00:00
[2023-01-28T16:31:21.659+0000] {processor.py:176} INFO - Processing /home/airflow/.local/lib/python3.7/site-packages/airflow/example_dags/example_branch_python_dop_operator_3.py took 0.179 seconds
[2023-01-28T16:31:52.226+0000] {processor.py:154} INFO - Started process (PID=126) to work on /home/airflow/.local/lib/python3.7/site-packages/airflow/example_dags/example_branch_python_dop_operator_3.py
[2023-01-28T16:31:52.229+0000] {processor.py:756} INFO - Processing file /home/airflow/.local/lib/python3.7/site-packages/airflow/example_dags/example_branch_python_dop_operator_3.py for tasks to queue
[2023-01-28T16:31:52.231+0000] {logging_mixin.py:120} INFO - [2023-01-28T16:31:52.230+0000] {dagbag.py:537} INFO - Filling up the DagBag from /home/airflow/.local/lib/python3.7/site-packages/airflow/example_dags/example_branch_python_dop_operator_3.py
[2023-01-28T16:31:52.274+0000] {processor.py:766} INFO - DAG(s) dict_keys(['example_branch_dop_operator_v3']) retrieved from /home/airflow/.local/lib/python3.7/site-packages/airflow/example_dags/example_branch_python_dop_operator_3.py
[2023-01-28T16:31:52.354+0000] {logging_mixin.py:120} INFO - [2023-01-28T16:31:52.354+0000] {dag.py:2585} INFO - Sync 1 DAGs
[2023-01-28T16:31:52.422+0000] {logging_mixin.py:120} INFO - [2023-01-28T16:31:52.421+0000] {dag.py:3340} INFO - Setting next_dagrun for example_branch_dop_operator_v3 to 2023-01-28T16:30:00+00:00, run_after=2023-01-28T16:31:00+00:00
[2023-01-28T16:31:52.462+0000] {processor.py:176} INFO - Processing /home/airflow/.local/lib/python3.7/site-packages/airflow/example_dags/example_branch_python_dop_operator_3.py took 0.242 seconds
[2023-01-28T16:32:22.897+0000] {processor.py:154} INFO - Started process (PID=181) to work on /home/airflow/.local/lib/python3.7/site-packages/airflow/example_dags/example_branch_python_dop_operator_3.py
[2023-01-28T16:32:22.899+0000] {processor.py:756} INFO - Processing file /home/airflow/.local/lib/python3.7/site-packages/airflow/example_dags/example_branch_python_dop_operator_3.py for tasks to queue
[2023-01-28T16:32:22.901+0000] {logging_mixin.py:120} INFO - [2023-01-28T16:32:22.901+0000] {dagbag.py:537} INFO - Filling up the DagBag from /home/airflow/.local/lib/python3.7/site-packages/airflow/example_dags/example_branch_python_dop_operator_3.py
[2023-01-28T16:32:22.941+0000] {processor.py:766} INFO - DAG(s) dict_keys(['example_branch_dop_operator_v3']) retrieved from /home/airflow/.local/lib/python3.7/site-packages/airflow/example_dags/example_branch_python_dop_operator_3.py
[2023-01-28T16:32:23.007+0000] {logging_mixin.py:120} INFO - [2023-01-28T16:32:23.007+0000] {dag.py:2585} INFO - Sync 1 DAGs
[2023-01-28T16:32:23.060+0000] {logging_mixin.py:120} INFO - [2023-01-28T16:32:23.060+0000] {dag.py:3340} INFO - Setting next_dagrun for example_branch_dop_operator_v3 to 2023-01-28T16:31:00+00:00, run_after=2023-01-28T16:32:00+00:00
[2023-01-28T16:32:23.090+0000] {processor.py:176} INFO - Processing /home/airflow/.local/lib/python3.7/site-packages/airflow/example_dags/example_branch_python_dop_operator_3.py took 0.199 seconds
[2023-01-28T16:32:54.535+0000] {processor.py:154} INFO - Started process (PID=244) to work on /home/airflow/.local/lib/python3.7/site-packages/airflow/example_dags/example_branch_python_dop_operator_3.py
[2023-01-28T16:32:54.538+0000] {processor.py:756} INFO - Processing file /home/airflow/.local/lib/python3.7/site-packages/airflow/example_dags/example_branch_python_dop_operator_3.py for tasks to queue
[2023-01-28T16:32:54.540+0000] {logging_mixin.py:120} INFO - [2023-01-28T16:32:54.540+0000] {dagbag.py:537} INFO - Filling up the DagBag from /home/airflow/.local/lib/python3.7/site-packages/airflow/example_dags/example_branch_python_dop_operator_3.py
[2023-01-28T16:32:54.578+0000] {processor.py:766} INFO - DAG(s) dict_keys(['example_branch_dop_operator_v3']) retrieved from /home/airflow/.local/lib/python3.7/site-packages/airflow/example_dags/example_branch_python_dop_operator_3.py
[2023-01-28T16:32:54.643+0000] {logging_mixin.py:120} INFO - [2023-01-28T16:32:54.643+0000] {dag.py:2585} INFO - Sync 1 DAGs
[2023-01-28T16:32:54.690+0000] {logging_mixin.py:120} INFO - [2023-01-28T16:32:54.690+0000] {dag.py:3340} INFO - Setting next_dagrun for example_branch_dop_operator_v3 to 2023-01-28T16:31:00+00:00, run_after=2023-01-28T16:32:00+00:00
[2023-01-28T16:32:54.717+0000] {processor.py:176} INFO - Processing /home/airflow/.local/lib/python3.7/site-packages/airflow/example_dags/example_branch_python_dop_operator_3.py took 0.189 seconds
