[2023-01-28T16:28:20.785+0000] {processor.py:154} INFO - Started process (PID=85) to work on /home/airflow/.local/lib/python3.7/site-packages/airflow/example_dags/example_latest_only.py
[2023-01-28T16:28:20.788+0000] {processor.py:756} INFO - Processing file /home/airflow/.local/lib/python3.7/site-packages/airflow/example_dags/example_latest_only.py for tasks to queue
[2023-01-28T16:28:20.791+0000] {logging_mixin.py:120} INFO - [2023-01-28T16:28:20.791+0000] {dagbag.py:537} INFO - Filling up the DagBag from /home/airflow/.local/lib/python3.7/site-packages/airflow/example_dags/example_latest_only.py
[2023-01-28T16:28:20.832+0000] {processor.py:766} INFO - DAG(s) dict_keys(['latest_only']) retrieved from /home/airflow/.local/lib/python3.7/site-packages/airflow/example_dags/example_latest_only.py
[2023-01-28T16:28:21.270+0000] {logging_mixin.py:120} INFO - [2023-01-28T16:28:21.264+0000] {manager.py:507} INFO - Created Permission View: can edit on DAG:latest_only
[2023-01-28T16:28:21.289+0000] {logging_mixin.py:120} INFO - [2023-01-28T16:28:21.289+0000] {manager.py:507} INFO - Created Permission View: can read on DAG:latest_only
[2023-01-28T16:28:21.309+0000] {logging_mixin.py:120} INFO - [2023-01-28T16:28:21.309+0000] {manager.py:507} INFO - Created Permission View: can delete on DAG:latest_only
[2023-01-28T16:28:21.310+0000] {logging_mixin.py:120} INFO - [2023-01-28T16:28:21.310+0000] {dag.py:2585} INFO - Sync 1 DAGs
[2023-01-28T16:28:21.369+0000] {logging_mixin.py:120} INFO - [2023-01-28T16:28:21.368+0000] {dag.py:2606} INFO - Creating ORM DAG for latest_only
[2023-01-28T16:28:21.399+0000] {logging_mixin.py:120} INFO - [2023-01-28T16:28:21.398+0000] {dag.py:3340} INFO - Setting next_dagrun for latest_only to 2023-01-28T12:28:21.398557+00:00, run_after=2023-01-28T16:28:21.398557+00:00
[2023-01-28T16:28:21.550+0000] {processor.py:176} INFO - Processing /home/airflow/.local/lib/python3.7/site-packages/airflow/example_dags/example_latest_only.py took 0.773 seconds
[2023-01-28T16:31:23.299+0000] {processor.py:154} INFO - Started process (PID=76) to work on /home/airflow/.local/lib/python3.7/site-packages/airflow/example_dags/example_latest_only.py
[2023-01-28T16:31:23.302+0000] {processor.py:756} INFO - Processing file /home/airflow/.local/lib/python3.7/site-packages/airflow/example_dags/example_latest_only.py for tasks to queue
[2023-01-28T16:31:23.303+0000] {logging_mixin.py:120} INFO - [2023-01-28T16:31:23.303+0000] {dagbag.py:537} INFO - Filling up the DagBag from /home/airflow/.local/lib/python3.7/site-packages/airflow/example_dags/example_latest_only.py
[2023-01-28T16:31:23.330+0000] {processor.py:766} INFO - DAG(s) dict_keys(['latest_only']) retrieved from /home/airflow/.local/lib/python3.7/site-packages/airflow/example_dags/example_latest_only.py
[2023-01-28T16:31:23.386+0000] {logging_mixin.py:120} INFO - [2023-01-28T16:31:23.385+0000] {dag.py:2585} INFO - Sync 1 DAGs
[2023-01-28T16:31:23.424+0000] {logging_mixin.py:120} INFO - [2023-01-28T16:31:23.424+0000] {dag.py:3340} INFO - Setting next_dagrun for latest_only to 2023-01-28T12:31:23.424068+00:00, run_after=2023-01-28T16:31:23.424068+00:00
[2023-01-28T16:31:23.469+0000] {processor.py:176} INFO - Processing /home/airflow/.local/lib/python3.7/site-packages/airflow/example_dags/example_latest_only.py took 0.175 seconds
[2023-01-28T16:31:54.133+0000] {processor.py:154} INFO - Started process (PID=139) to work on /home/airflow/.local/lib/python3.7/site-packages/airflow/example_dags/example_latest_only.py
[2023-01-28T16:31:54.136+0000] {processor.py:756} INFO - Processing file /home/airflow/.local/lib/python3.7/site-packages/airflow/example_dags/example_latest_only.py for tasks to queue
[2023-01-28T16:31:54.137+0000] {logging_mixin.py:120} INFO - [2023-01-28T16:31:54.137+0000] {dagbag.py:537} INFO - Filling up the DagBag from /home/airflow/.local/lib/python3.7/site-packages/airflow/example_dags/example_latest_only.py
[2023-01-28T16:31:54.161+0000] {processor.py:766} INFO - DAG(s) dict_keys(['latest_only']) retrieved from /home/airflow/.local/lib/python3.7/site-packages/airflow/example_dags/example_latest_only.py
[2023-01-28T16:31:54.218+0000] {logging_mixin.py:120} INFO - [2023-01-28T16:31:54.218+0000] {dag.py:2585} INFO - Sync 1 DAGs
[2023-01-28T16:31:54.253+0000] {logging_mixin.py:120} INFO - [2023-01-28T16:31:54.253+0000] {dag.py:3340} INFO - Setting next_dagrun for latest_only to 2023-01-28T12:31:54.253112+00:00, run_after=2023-01-28T16:31:54.253112+00:00
[2023-01-28T16:31:54.278+0000] {processor.py:176} INFO - Processing /home/airflow/.local/lib/python3.7/site-packages/airflow/example_dags/example_latest_only.py took 0.149 seconds
[2023-01-28T16:32:25.070+0000] {processor.py:154} INFO - Started process (PID=194) to work on /home/airflow/.local/lib/python3.7/site-packages/airflow/example_dags/example_latest_only.py
[2023-01-28T16:32:25.075+0000] {processor.py:756} INFO - Processing file /home/airflow/.local/lib/python3.7/site-packages/airflow/example_dags/example_latest_only.py for tasks to queue
[2023-01-28T16:32:25.077+0000] {logging_mixin.py:120} INFO - [2023-01-28T16:32:25.077+0000] {dagbag.py:537} INFO - Filling up the DagBag from /home/airflow/.local/lib/python3.7/site-packages/airflow/example_dags/example_latest_only.py
[2023-01-28T16:32:25.107+0000] {processor.py:766} INFO - DAG(s) dict_keys(['latest_only']) retrieved from /home/airflow/.local/lib/python3.7/site-packages/airflow/example_dags/example_latest_only.py
[2023-01-28T16:32:25.177+0000] {logging_mixin.py:120} INFO - [2023-01-28T16:32:25.177+0000] {dag.py:2585} INFO - Sync 1 DAGs
[2023-01-28T16:32:25.224+0000] {logging_mixin.py:120} INFO - [2023-01-28T16:32:25.224+0000] {dag.py:3340} INFO - Setting next_dagrun for latest_only to 2023-01-28T12:32:25.223844+00:00, run_after=2023-01-28T16:32:25.223844+00:00
[2023-01-28T16:32:25.255+0000] {processor.py:176} INFO - Processing /home/airflow/.local/lib/python3.7/site-packages/airflow/example_dags/example_latest_only.py took 0.190 seconds
[2023-01-28T16:32:56.900+0000] {processor.py:154} INFO - Started process (PID=257) to work on /home/airflow/.local/lib/python3.7/site-packages/airflow/example_dags/example_latest_only.py
[2023-01-28T16:32:56.903+0000] {processor.py:756} INFO - Processing file /home/airflow/.local/lib/python3.7/site-packages/airflow/example_dags/example_latest_only.py for tasks to queue
[2023-01-28T16:32:56.906+0000] {logging_mixin.py:120} INFO - [2023-01-28T16:32:56.906+0000] {dagbag.py:537} INFO - Filling up the DagBag from /home/airflow/.local/lib/python3.7/site-packages/airflow/example_dags/example_latest_only.py
[2023-01-28T16:32:58.489+0000] {logging_mixin.py:120} INFO - [2023-01-28T16:32:58.488+0000] {process_utils.py:256} INFO - Waiting up to 5 seconds for processes to exit...
