[2023-01-28T16:28:00.345+0000] {processor.py:154} INFO - Started process (PID=44) to work on /home/airflow/.local/lib/python3.7/site-packages/airflow/example_dags/example_external_task_marker_dag.py
[2023-01-28T16:28:00.349+0000] {processor.py:756} INFO - Processing file /home/airflow/.local/lib/python3.7/site-packages/airflow/example_dags/example_external_task_marker_dag.py for tasks to queue
[2023-01-28T16:28:00.357+0000] {logging_mixin.py:120} INFO - [2023-01-28T16:28:00.356+0000] {dagbag.py:537} INFO - Filling up the DagBag from /home/airflow/.local/lib/python3.7/site-packages/airflow/example_dags/example_external_task_marker_dag.py
[2023-01-28T16:28:00.494+0000] {processor.py:766} INFO - DAG(s) dict_keys(['example_external_task_marker_parent', 'example_external_task_marker_child']) retrieved from /home/airflow/.local/lib/python3.7/site-packages/airflow/example_dags/example_external_task_marker_dag.py
[2023-01-28T16:28:00.839+0000] {logging_mixin.py:120} INFO - [2023-01-28T16:28:00.839+0000] {manager.py:507} INFO - Created Permission View: can edit on DAG:example_external_task_marker_parent
[2023-01-28T16:28:00.853+0000] {logging_mixin.py:120} INFO - [2023-01-28T16:28:00.853+0000] {manager.py:507} INFO - Created Permission View: can read on DAG:example_external_task_marker_parent
[2023-01-28T16:28:00.868+0000] {logging_mixin.py:120} INFO - [2023-01-28T16:28:00.868+0000] {manager.py:507} INFO - Created Permission View: can delete on DAG:example_external_task_marker_parent
[2023-01-28T16:28:01.178+0000] {logging_mixin.py:120} INFO - [2023-01-28T16:28:01.178+0000] {manager.py:507} INFO - Created Permission View: can edit on DAG:example_external_task_marker_child
[2023-01-28T16:28:01.205+0000] {logging_mixin.py:120} INFO - [2023-01-28T16:28:01.204+0000] {manager.py:507} INFO - Created Permission View: can read on DAG:example_external_task_marker_child
[2023-01-28T16:28:01.223+0000] {logging_mixin.py:120} INFO - [2023-01-28T16:28:01.222+0000] {manager.py:507} INFO - Created Permission View: can delete on DAG:example_external_task_marker_child
[2023-01-28T16:28:01.225+0000] {logging_mixin.py:120} INFO - [2023-01-28T16:28:01.224+0000] {dag.py:2585} INFO - Sync 2 DAGs
[2023-01-28T16:28:01.260+0000] {logging_mixin.py:120} INFO - [2023-01-28T16:28:01.260+0000] {dag.py:2606} INFO - Creating ORM DAG for example_external_task_marker_parent
[2023-01-28T16:28:01.271+0000] {logging_mixin.py:120} INFO - [2023-01-28T16:28:01.271+0000] {dag.py:2606} INFO - Creating ORM DAG for example_external_task_marker_child
[2023-01-28T16:28:01.301+0000] {logging_mixin.py:120} INFO - [2023-01-28T16:28:01.301+0000] {dag.py:3340} INFO - Setting next_dagrun for example_external_task_marker_child to None, run_after=None
[2023-01-28T16:28:01.303+0000] {logging_mixin.py:120} INFO - [2023-01-28T16:28:01.303+0000] {dag.py:3340} INFO - Setting next_dagrun for example_external_task_marker_parent to None, run_after=None
[2023-01-28T16:28:01.342+0000] {processor.py:176} INFO - Processing /home/airflow/.local/lib/python3.7/site-packages/airflow/example_dags/example_external_task_marker_dag.py took 1.036 seconds
[2023-01-28T16:28:31.602+0000] {processor.py:154} INFO - Started process (PID=98) to work on /home/airflow/.local/lib/python3.7/site-packages/airflow/example_dags/example_external_task_marker_dag.py
[2023-01-28T16:28:31.624+0000] {processor.py:756} INFO - Processing file /home/airflow/.local/lib/python3.7/site-packages/airflow/example_dags/example_external_task_marker_dag.py for tasks to queue
[2023-01-28T16:28:31.630+0000] {logging_mixin.py:120} INFO - [2023-01-28T16:28:31.629+0000] {dagbag.py:537} INFO - Filling up the DagBag from /home/airflow/.local/lib/python3.7/site-packages/airflow/example_dags/example_external_task_marker_dag.py
[2023-01-28T16:28:31.719+0000] {processor.py:766} INFO - DAG(s) dict_keys(['example_external_task_marker_parent', 'example_external_task_marker_child']) retrieved from /home/airflow/.local/lib/python3.7/site-packages/airflow/example_dags/example_external_task_marker_dag.py
[2023-01-28T16:28:32.749+0000] {logging_mixin.py:120} INFO - [2023-01-28T16:28:32.748+0000] {dag.py:2585} INFO - Sync 2 DAGs
[2023-01-28T16:28:32.927+0000] {logging_mixin.py:120} INFO - [2023-01-28T16:28:32.927+0000] {dag.py:3340} INFO - Setting next_dagrun for example_external_task_marker_child to None, run_after=None
[2023-01-28T16:28:32.948+0000] {logging_mixin.py:120} INFO - [2023-01-28T16:28:32.947+0000] {dag.py:3340} INFO - Setting next_dagrun for example_external_task_marker_parent to None, run_after=None
[2023-01-28T16:28:33.077+0000] {processor.py:176} INFO - Processing /home/airflow/.local/lib/python3.7/site-packages/airflow/example_dags/example_external_task_marker_dag.py took 1.495 seconds
[2023-01-28T16:31:19.091+0000] {processor.py:154} INFO - Started process (PID=44) to work on /home/airflow/.local/lib/python3.7/site-packages/airflow/example_dags/example_external_task_marker_dag.py
[2023-01-28T16:31:19.095+0000] {processor.py:756} INFO - Processing file /home/airflow/.local/lib/python3.7/site-packages/airflow/example_dags/example_external_task_marker_dag.py for tasks to queue
[2023-01-28T16:31:19.097+0000] {logging_mixin.py:120} INFO - [2023-01-28T16:31:19.097+0000] {dagbag.py:537} INFO - Filling up the DagBag from /home/airflow/.local/lib/python3.7/site-packages/airflow/example_dags/example_external_task_marker_dag.py
[2023-01-28T16:31:19.158+0000] {processor.py:766} INFO - DAG(s) dict_keys(['example_external_task_marker_parent', 'example_external_task_marker_child']) retrieved from /home/airflow/.local/lib/python3.7/site-packages/airflow/example_dags/example_external_task_marker_dag.py
[2023-01-28T16:31:19.205+0000] {logging_mixin.py:120} INFO - [2023-01-28T16:31:19.205+0000] {dag.py:2585} INFO - Sync 2 DAGs
[2023-01-28T16:31:19.243+0000] {logging_mixin.py:120} INFO - [2023-01-28T16:31:19.243+0000] {dag.py:3340} INFO - Setting next_dagrun for example_external_task_marker_child to None, run_after=None
[2023-01-28T16:31:19.250+0000] {logging_mixin.py:120} INFO - [2023-01-28T16:31:19.250+0000] {dag.py:3340} INFO - Setting next_dagrun for example_external_task_marker_parent to None, run_after=None
[2023-01-28T16:31:19.280+0000] {processor.py:176} INFO - Processing /home/airflow/.local/lib/python3.7/site-packages/airflow/example_dags/example_external_task_marker_dag.py took 0.199 seconds
[2023-01-28T16:31:49.863+0000] {processor.py:154} INFO - Started process (PID=98) to work on /home/airflow/.local/lib/python3.7/site-packages/airflow/example_dags/example_external_task_marker_dag.py
[2023-01-28T16:31:49.865+0000] {processor.py:756} INFO - Processing file /home/airflow/.local/lib/python3.7/site-packages/airflow/example_dags/example_external_task_marker_dag.py for tasks to queue
[2023-01-28T16:31:49.867+0000] {logging_mixin.py:120} INFO - [2023-01-28T16:31:49.867+0000] {dagbag.py:537} INFO - Filling up the DagBag from /home/airflow/.local/lib/python3.7/site-packages/airflow/example_dags/example_external_task_marker_dag.py
[2023-01-28T16:31:49.895+0000] {processor.py:766} INFO - DAG(s) dict_keys(['example_external_task_marker_child', 'example_external_task_marker_parent']) retrieved from /home/airflow/.local/lib/python3.7/site-packages/airflow/example_dags/example_external_task_marker_dag.py
[2023-01-28T16:31:50.201+0000] {logging_mixin.py:120} INFO - [2023-01-28T16:31:50.201+0000] {dag.py:2585} INFO - Sync 2 DAGs
[2023-01-28T16:31:50.233+0000] {logging_mixin.py:120} INFO - [2023-01-28T16:31:50.233+0000] {dag.py:3340} INFO - Setting next_dagrun for example_external_task_marker_child to None, run_after=None
[2023-01-28T16:31:50.237+0000] {logging_mixin.py:120} INFO - [2023-01-28T16:31:50.237+0000] {dag.py:3340} INFO - Setting next_dagrun for example_external_task_marker_parent to None, run_after=None
[2023-01-28T16:31:50.264+0000] {processor.py:176} INFO - Processing /home/airflow/.local/lib/python3.7/site-packages/airflow/example_dags/example_external_task_marker_dag.py took 0.408 seconds
[2023-01-28T16:32:20.568+0000] {processor.py:154} INFO - Started process (PID=162) to work on /home/airflow/.local/lib/python3.7/site-packages/airflow/example_dags/example_external_task_marker_dag.py
[2023-01-28T16:32:20.571+0000] {processor.py:756} INFO - Processing file /home/airflow/.local/lib/python3.7/site-packages/airflow/example_dags/example_external_task_marker_dag.py for tasks to queue
[2023-01-28T16:32:20.574+0000] {logging_mixin.py:120} INFO - [2023-01-28T16:32:20.573+0000] {dagbag.py:537} INFO - Filling up the DagBag from /home/airflow/.local/lib/python3.7/site-packages/airflow/example_dags/example_external_task_marker_dag.py
[2023-01-28T16:32:20.596+0000] {processor.py:766} INFO - DAG(s) dict_keys(['example_external_task_marker_child', 'example_external_task_marker_parent']) retrieved from /home/airflow/.local/lib/python3.7/site-packages/airflow/example_dags/example_external_task_marker_dag.py
[2023-01-28T16:32:20.882+0000] {logging_mixin.py:120} INFO - [2023-01-28T16:32:20.882+0000] {dag.py:2585} INFO - Sync 2 DAGs
[2023-01-28T16:32:20.936+0000] {logging_mixin.py:120} INFO - [2023-01-28T16:32:20.935+0000] {dag.py:3340} INFO - Setting next_dagrun for example_external_task_marker_child to None, run_after=None
[2023-01-28T16:32:20.945+0000] {logging_mixin.py:120} INFO - [2023-01-28T16:32:20.945+0000] {dag.py:3340} INFO - Setting next_dagrun for example_external_task_marker_parent to None, run_after=None
[2023-01-28T16:32:20.971+0000] {processor.py:176} INFO - Processing /home/airflow/.local/lib/python3.7/site-packages/airflow/example_dags/example_external_task_marker_dag.py took 0.414 seconds
[2023-01-28T16:32:51.659+0000] {processor.py:154} INFO - Started process (PID=223) to work on /home/airflow/.local/lib/python3.7/site-packages/airflow/example_dags/example_external_task_marker_dag.py
[2023-01-28T16:32:51.661+0000] {processor.py:756} INFO - Processing file /home/airflow/.local/lib/python3.7/site-packages/airflow/example_dags/example_external_task_marker_dag.py for tasks to queue
[2023-01-28T16:32:51.663+0000] {logging_mixin.py:120} INFO - [2023-01-28T16:32:51.663+0000] {dagbag.py:537} INFO - Filling up the DagBag from /home/airflow/.local/lib/python3.7/site-packages/airflow/example_dags/example_external_task_marker_dag.py
[2023-01-28T16:32:51.706+0000] {processor.py:766} INFO - DAG(s) dict_keys(['example_external_task_marker_child', 'example_external_task_marker_parent']) retrieved from /home/airflow/.local/lib/python3.7/site-packages/airflow/example_dags/example_external_task_marker_dag.py
[2023-01-28T16:32:52.069+0000] {logging_mixin.py:120} INFO - [2023-01-28T16:32:52.069+0000] {dag.py:2585} INFO - Sync 2 DAGs
[2023-01-28T16:32:52.147+0000] {logging_mixin.py:120} INFO - [2023-01-28T16:32:52.147+0000] {dag.py:3340} INFO - Setting next_dagrun for example_external_task_marker_child to None, run_after=None
[2023-01-28T16:32:52.159+0000] {logging_mixin.py:120} INFO - [2023-01-28T16:32:52.158+0000] {dag.py:3340} INFO - Setting next_dagrun for example_external_task_marker_parent to None, run_after=None
[2023-01-28T16:32:52.195+0000] {processor.py:176} INFO - Processing /home/airflow/.local/lib/python3.7/site-packages/airflow/example_dags/example_external_task_marker_dag.py took 0.543 seconds
