[2023-01-28T16:28:04.378+0000] {processor.py:154} INFO - Started process (PID=51) to work on /home/airflow/.local/lib/python3.7/site-packages/airflow/example_dags/example_branch_operator_decorator.py
[2023-01-28T16:28:04.386+0000] {processor.py:756} INFO - Processing file /home/airflow/.local/lib/python3.7/site-packages/airflow/example_dags/example_branch_operator_decorator.py for tasks to queue
[2023-01-28T16:28:04.390+0000] {logging_mixin.py:120} INFO - [2023-01-28T16:28:04.390+0000] {dagbag.py:537} INFO - Filling up the DagBag from /home/airflow/.local/lib/python3.7/site-packages/airflow/example_dags/example_branch_operator_decorator.py
[2023-01-28T16:28:04.493+0000] {processor.py:766} INFO - DAG(s) dict_keys(['example_branch_python_operator_decorator']) retrieved from /home/airflow/.local/lib/python3.7/site-packages/airflow/example_dags/example_branch_operator_decorator.py
[2023-01-28T16:28:04.868+0000] {logging_mixin.py:120} INFO - [2023-01-28T16:28:04.868+0000] {manager.py:507} INFO - Created Permission View: can edit on DAG:example_branch_python_operator_decorator
[2023-01-28T16:28:04.888+0000] {logging_mixin.py:120} INFO - [2023-01-28T16:28:04.888+0000] {manager.py:507} INFO - Created Permission View: can read on DAG:example_branch_python_operator_decorator
[2023-01-28T16:28:04.905+0000] {logging_mixin.py:120} INFO - [2023-01-28T16:28:04.905+0000] {manager.py:507} INFO - Created Permission View: can delete on DAG:example_branch_python_operator_decorator
[2023-01-28T16:28:04.906+0000] {logging_mixin.py:120} INFO - [2023-01-28T16:28:04.906+0000] {dag.py:2585} INFO - Sync 1 DAGs
[2023-01-28T16:28:04.963+0000] {logging_mixin.py:120} INFO - [2023-01-28T16:28:04.963+0000] {dag.py:2606} INFO - Creating ORM DAG for example_branch_python_operator_decorator
[2023-01-28T16:28:05.002+0000] {logging_mixin.py:120} INFO - [2023-01-28T16:28:05.002+0000] {dag.py:3340} INFO - Setting next_dagrun for example_branch_python_operator_decorator to 2023-01-27T00:00:00+00:00, run_after=2023-01-28T00:00:00+00:00
[2023-01-28T16:28:05.035+0000] {processor.py:176} INFO - Processing /home/airflow/.local/lib/python3.7/site-packages/airflow/example_dags/example_branch_operator_decorator.py took 0.678 seconds
[2023-01-28T16:28:35.525+0000] {processor.py:154} INFO - Started process (PID=105) to work on /home/airflow/.local/lib/python3.7/site-packages/airflow/example_dags/example_branch_operator_decorator.py
[2023-01-28T16:28:35.528+0000] {processor.py:756} INFO - Processing file /home/airflow/.local/lib/python3.7/site-packages/airflow/example_dags/example_branch_operator_decorator.py for tasks to queue
[2023-01-28T16:28:35.535+0000] {logging_mixin.py:120} INFO - [2023-01-28T16:28:35.534+0000] {dagbag.py:537} INFO - Filling up the DagBag from /home/airflow/.local/lib/python3.7/site-packages/airflow/example_dags/example_branch_operator_decorator.py
[2023-01-28T16:28:35.630+0000] {processor.py:766} INFO - DAG(s) dict_keys(['example_branch_python_operator_decorator']) retrieved from /home/airflow/.local/lib/python3.7/site-packages/airflow/example_dags/example_branch_operator_decorator.py
[2023-01-28T16:28:35.740+0000] {logging_mixin.py:120} INFO - [2023-01-28T16:28:35.740+0000] {dag.py:2585} INFO - Sync 1 DAGs
[2023-01-28T16:28:35.849+0000] {logging_mixin.py:120} INFO - [2023-01-28T16:28:35.848+0000] {dag.py:3340} INFO - Setting next_dagrun for example_branch_python_operator_decorator to 2023-01-27T00:00:00+00:00, run_after=2023-01-28T00:00:00+00:00
[2023-01-28T16:28:35.918+0000] {processor.py:176} INFO - Processing /home/airflow/.local/lib/python3.7/site-packages/airflow/example_dags/example_branch_operator_decorator.py took 0.402 seconds
[2023-01-28T16:31:20.066+0000] {processor.py:154} INFO - Started process (PID=51) to work on /home/airflow/.local/lib/python3.7/site-packages/airflow/example_dags/example_branch_operator_decorator.py
[2023-01-28T16:31:20.069+0000] {processor.py:756} INFO - Processing file /home/airflow/.local/lib/python3.7/site-packages/airflow/example_dags/example_branch_operator_decorator.py for tasks to queue
[2023-01-28T16:31:20.071+0000] {logging_mixin.py:120} INFO - [2023-01-28T16:31:20.071+0000] {dagbag.py:537} INFO - Filling up the DagBag from /home/airflow/.local/lib/python3.7/site-packages/airflow/example_dags/example_branch_operator_decorator.py
[2023-01-28T16:31:20.124+0000] {processor.py:766} INFO - DAG(s) dict_keys(['example_branch_python_operator_decorator']) retrieved from /home/airflow/.local/lib/python3.7/site-packages/airflow/example_dags/example_branch_operator_decorator.py
[2023-01-28T16:31:20.178+0000] {logging_mixin.py:120} INFO - [2023-01-28T16:31:20.178+0000] {dag.py:2585} INFO - Sync 1 DAGs
[2023-01-28T16:31:20.259+0000] {logging_mixin.py:120} INFO - [2023-01-28T16:31:20.259+0000] {dag.py:3340} INFO - Setting next_dagrun for example_branch_python_operator_decorator to 2023-01-27T00:00:00+00:00, run_after=2023-01-28T00:00:00+00:00
[2023-01-28T16:31:20.299+0000] {processor.py:176} INFO - Processing /home/airflow/.local/lib/python3.7/site-packages/airflow/example_dags/example_branch_operator_decorator.py took 0.250 seconds
[2023-01-28T16:31:50.898+0000] {processor.py:154} INFO - Started process (PID=105) to work on /home/airflow/.local/lib/python3.7/site-packages/airflow/example_dags/example_branch_operator_decorator.py
[2023-01-28T16:31:50.907+0000] {processor.py:756} INFO - Processing file /home/airflow/.local/lib/python3.7/site-packages/airflow/example_dags/example_branch_operator_decorator.py for tasks to queue
[2023-01-28T16:31:50.909+0000] {logging_mixin.py:120} INFO - [2023-01-28T16:31:50.909+0000] {dagbag.py:537} INFO - Filling up the DagBag from /home/airflow/.local/lib/python3.7/site-packages/airflow/example_dags/example_branch_operator_decorator.py
[2023-01-28T16:31:50.954+0000] {processor.py:766} INFO - DAG(s) dict_keys(['example_branch_python_operator_decorator']) retrieved from /home/airflow/.local/lib/python3.7/site-packages/airflow/example_dags/example_branch_operator_decorator.py
[2023-01-28T16:31:51.012+0000] {logging_mixin.py:120} INFO - [2023-01-28T16:31:51.012+0000] {dag.py:2585} INFO - Sync 1 DAGs
[2023-01-28T16:31:51.060+0000] {logging_mixin.py:120} INFO - [2023-01-28T16:31:51.060+0000] {dag.py:3340} INFO - Setting next_dagrun for example_branch_python_operator_decorator to 2023-01-27T00:00:00+00:00, run_after=2023-01-28T00:00:00+00:00
[2023-01-28T16:31:51.097+0000] {processor.py:176} INFO - Processing /home/airflow/.local/lib/python3.7/site-packages/airflow/example_dags/example_branch_operator_decorator.py took 0.204 seconds
[2023-01-28T16:32:21.541+0000] {processor.py:154} INFO - Started process (PID=169) to work on /home/airflow/.local/lib/python3.7/site-packages/airflow/example_dags/example_branch_operator_decorator.py
[2023-01-28T16:32:21.543+0000] {processor.py:756} INFO - Processing file /home/airflow/.local/lib/python3.7/site-packages/airflow/example_dags/example_branch_operator_decorator.py for tasks to queue
[2023-01-28T16:32:21.544+0000] {logging_mixin.py:120} INFO - [2023-01-28T16:32:21.544+0000] {dagbag.py:537} INFO - Filling up the DagBag from /home/airflow/.local/lib/python3.7/site-packages/airflow/example_dags/example_branch_operator_decorator.py
[2023-01-28T16:32:21.573+0000] {processor.py:766} INFO - DAG(s) dict_keys(['example_branch_python_operator_decorator']) retrieved from /home/airflow/.local/lib/python3.7/site-packages/airflow/example_dags/example_branch_operator_decorator.py
[2023-01-28T16:32:21.625+0000] {logging_mixin.py:120} INFO - [2023-01-28T16:32:21.624+0000] {dag.py:2585} INFO - Sync 1 DAGs
[2023-01-28T16:32:21.657+0000] {logging_mixin.py:120} INFO - [2023-01-28T16:32:21.657+0000] {dag.py:3340} INFO - Setting next_dagrun for example_branch_python_operator_decorator to 2023-01-27T00:00:00+00:00, run_after=2023-01-28T00:00:00+00:00
[2023-01-28T16:32:21.689+0000] {processor.py:176} INFO - Processing /home/airflow/.local/lib/python3.7/site-packages/airflow/example_dags/example_branch_operator_decorator.py took 0.152 seconds
[2023-01-28T16:32:52.862+0000] {processor.py:154} INFO - Started process (PID=232) to work on /home/airflow/.local/lib/python3.7/site-packages/airflow/example_dags/example_branch_operator_decorator.py
[2023-01-28T16:32:52.870+0000] {processor.py:756} INFO - Processing file /home/airflow/.local/lib/python3.7/site-packages/airflow/example_dags/example_branch_operator_decorator.py for tasks to queue
[2023-01-28T16:32:52.872+0000] {logging_mixin.py:120} INFO - [2023-01-28T16:32:52.872+0000] {dagbag.py:537} INFO - Filling up the DagBag from /home/airflow/.local/lib/python3.7/site-packages/airflow/example_dags/example_branch_operator_decorator.py
[2023-01-28T16:32:52.916+0000] {processor.py:766} INFO - DAG(s) dict_keys(['example_branch_python_operator_decorator']) retrieved from /home/airflow/.local/lib/python3.7/site-packages/airflow/example_dags/example_branch_operator_decorator.py
[2023-01-28T16:32:52.995+0000] {logging_mixin.py:120} INFO - [2023-01-28T16:32:52.995+0000] {dag.py:2585} INFO - Sync 1 DAGs
[2023-01-28T16:32:53.039+0000] {logging_mixin.py:120} INFO - [2023-01-28T16:32:53.039+0000] {dag.py:3340} INFO - Setting next_dagrun for example_branch_python_operator_decorator to 2023-01-27T00:00:00+00:00, run_after=2023-01-28T00:00:00+00:00
[2023-01-28T16:32:53.073+0000] {processor.py:176} INFO - Processing /home/airflow/.local/lib/python3.7/site-packages/airflow/example_dags/example_branch_operator_decorator.py took 0.226 seconds
