[2023-01-28T16:28:19.515+0000] {processor.py:154} INFO - Started process (PID=83) to work on /home/airflow/.local/lib/python3.7/site-packages/airflow/example_dags/example_datasets.py
[2023-01-28T16:28:19.520+0000] {processor.py:756} INFO - Processing file /home/airflow/.local/lib/python3.7/site-packages/airflow/example_dags/example_datasets.py for tasks to queue
[2023-01-28T16:28:19.524+0000] {logging_mixin.py:120} INFO - [2023-01-28T16:28:19.524+0000] {dagbag.py:537} INFO - Filling up the DagBag from /home/airflow/.local/lib/python3.7/site-packages/airflow/example_dags/example_datasets.py
[2023-01-28T16:28:19.580+0000] {processor.py:766} INFO - DAG(s) dict_keys(['dataset_consumes_1', 'dataset_consumes_1_never_scheduled', 'dataset_produces_2', 'dataset_produces_1', 'dataset_consumes_1_and_2', 'dataset_consumes_unknown_never_scheduled']) retrieved from /home/airflow/.local/lib/python3.7/site-packages/airflow/example_dags/example_datasets.py
[2023-01-28T16:28:20.009+0000] {logging_mixin.py:120} INFO - [2023-01-28T16:28:20.008+0000] {manager.py:507} INFO - Created Permission View: can edit on DAG:dataset_consumes_1
[2023-01-28T16:28:20.056+0000] {logging_mixin.py:120} INFO - [2023-01-28T16:28:20.055+0000] {manager.py:507} INFO - Created Permission View: can read on DAG:dataset_consumes_1
[2023-01-28T16:28:20.079+0000] {logging_mixin.py:120} INFO - [2023-01-28T16:28:20.078+0000] {manager.py:507} INFO - Created Permission View: can delete on DAG:dataset_consumes_1
[2023-01-28T16:28:20.110+0000] {logging_mixin.py:120} INFO - [2023-01-28T16:28:20.110+0000] {manager.py:507} INFO - Created Permission View: can edit on DAG:dataset_consumes_1_never_scheduled
[2023-01-28T16:28:20.131+0000] {logging_mixin.py:120} INFO - [2023-01-28T16:28:20.130+0000] {manager.py:507} INFO - Created Permission View: can read on DAG:dataset_consumes_1_never_scheduled
[2023-01-28T16:28:20.176+0000] {logging_mixin.py:120} INFO - [2023-01-28T16:28:20.176+0000] {manager.py:507} INFO - Created Permission View: can delete on DAG:dataset_consumes_1_never_scheduled
[2023-01-28T16:28:20.203+0000] {logging_mixin.py:120} INFO - [2023-01-28T16:28:20.203+0000] {manager.py:507} INFO - Created Permission View: can edit on DAG:dataset_produces_2
[2023-01-28T16:28:20.214+0000] {logging_mixin.py:120} INFO - [2023-01-28T16:28:20.214+0000] {manager.py:507} INFO - Created Permission View: can read on DAG:dataset_produces_2
[2023-01-28T16:28:20.227+0000] {logging_mixin.py:120} INFO - [2023-01-28T16:28:20.227+0000] {manager.py:507} INFO - Created Permission View: can delete on DAG:dataset_produces_2
[2023-01-28T16:28:20.261+0000] {logging_mixin.py:120} INFO - [2023-01-28T16:28:20.261+0000] {manager.py:507} INFO - Created Permission View: can edit on DAG:dataset_produces_1
[2023-01-28T16:28:20.285+0000] {logging_mixin.py:120} INFO - [2023-01-28T16:28:20.285+0000] {manager.py:507} INFO - Created Permission View: can read on DAG:dataset_produces_1
[2023-01-28T16:28:20.345+0000] {logging_mixin.py:120} INFO - [2023-01-28T16:28:20.345+0000] {manager.py:507} INFO - Created Permission View: can delete on DAG:dataset_produces_1
[2023-01-28T16:28:20.404+0000] {logging_mixin.py:120} INFO - [2023-01-28T16:28:20.403+0000] {manager.py:507} INFO - Created Permission View: can edit on DAG:dataset_consumes_1_and_2
[2023-01-28T16:28:20.423+0000] {logging_mixin.py:120} INFO - [2023-01-28T16:28:20.423+0000] {manager.py:507} INFO - Created Permission View: can read on DAG:dataset_consumes_1_and_2
[2023-01-28T16:28:20.441+0000] {logging_mixin.py:120} INFO - [2023-01-28T16:28:20.440+0000] {manager.py:507} INFO - Created Permission View: can delete on DAG:dataset_consumes_1_and_2
[2023-01-28T16:28:20.485+0000] {logging_mixin.py:120} INFO - [2023-01-28T16:28:20.484+0000] {manager.py:507} INFO - Created Permission View: can edit on DAG:dataset_consumes_unknown_never_scheduled
[2023-01-28T16:28:20.507+0000] {logging_mixin.py:120} INFO - [2023-01-28T16:28:20.507+0000] {manager.py:507} INFO - Created Permission View: can read on DAG:dataset_consumes_unknown_never_scheduled
[2023-01-28T16:28:20.545+0000] {logging_mixin.py:120} INFO - [2023-01-28T16:28:20.545+0000] {manager.py:507} INFO - Created Permission View: can delete on DAG:dataset_consumes_unknown_never_scheduled
[2023-01-28T16:28:20.548+0000] {logging_mixin.py:120} INFO - [2023-01-28T16:28:20.548+0000] {dag.py:2585} INFO - Sync 6 DAGs
[2023-01-28T16:28:20.574+0000] {logging_mixin.py:120} INFO - [2023-01-28T16:28:20.574+0000] {dag.py:2606} INFO - Creating ORM DAG for dataset_consumes_unknown_never_scheduled
[2023-01-28T16:28:20.577+0000] {logging_mixin.py:120} INFO - [2023-01-28T16:28:20.577+0000] {dag.py:2606} INFO - Creating ORM DAG for dataset_produces_2
[2023-01-28T16:28:20.580+0000] {logging_mixin.py:120} INFO - [2023-01-28T16:28:20.579+0000] {dag.py:2606} INFO - Creating ORM DAG for dataset_produces_1
[2023-01-28T16:28:20.582+0000] {logging_mixin.py:120} INFO - [2023-01-28T16:28:20.581+0000] {dag.py:2606} INFO - Creating ORM DAG for dataset_consumes_1_and_2
[2023-01-28T16:28:20.583+0000] {logging_mixin.py:120} INFO - [2023-01-28T16:28:20.583+0000] {dag.py:2606} INFO - Creating ORM DAG for dataset_consumes_1_never_scheduled
[2023-01-28T16:28:20.585+0000] {logging_mixin.py:120} INFO - [2023-01-28T16:28:20.585+0000] {dag.py:2606} INFO - Creating ORM DAG for dataset_consumes_1
[2023-01-28T16:28:20.608+0000] {logging_mixin.py:120} INFO - [2023-01-28T16:28:20.608+0000] {dag.py:3340} INFO - Setting next_dagrun for dataset_consumes_1 to None, run_after=None
[2023-01-28T16:28:20.612+0000] {logging_mixin.py:120} INFO - [2023-01-28T16:28:20.611+0000] {dag.py:3340} INFO - Setting next_dagrun for dataset_consumes_1_and_2 to None, run_after=None
[2023-01-28T16:28:20.614+0000] {logging_mixin.py:120} INFO - [2023-01-28T16:28:20.614+0000] {dag.py:3340} INFO - Setting next_dagrun for dataset_consumes_1_never_scheduled to None, run_after=None
[2023-01-28T16:28:20.616+0000] {logging_mixin.py:120} INFO - [2023-01-28T16:28:20.616+0000] {dag.py:3340} INFO - Setting next_dagrun for dataset_consumes_unknown_never_scheduled to None, run_after=None
[2023-01-28T16:28:20.620+0000] {logging_mixin.py:120} INFO - [2023-01-28T16:28:20.620+0000] {dag.py:3340} INFO - Setting next_dagrun for dataset_produces_1 to 2023-01-27T00:00:00+00:00, run_after=2023-01-28T00:00:00+00:00
[2023-01-28T16:28:20.622+0000] {logging_mixin.py:120} INFO - [2023-01-28T16:28:20.622+0000] {dag.py:3340} INFO - Setting next_dagrun for dataset_produces_2 to None, run_after=None
[2023-01-28T16:28:20.716+0000] {processor.py:176} INFO - Processing /home/airflow/.local/lib/python3.7/site-packages/airflow/example_dags/example_datasets.py took 1.217 seconds
[2023-01-28T16:31:22.941+0000] {processor.py:154} INFO - Started process (PID=74) to work on /home/airflow/.local/lib/python3.7/site-packages/airflow/example_dags/example_datasets.py
[2023-01-28T16:31:22.944+0000] {processor.py:756} INFO - Processing file /home/airflow/.local/lib/python3.7/site-packages/airflow/example_dags/example_datasets.py for tasks to queue
[2023-01-28T16:31:22.946+0000] {logging_mixin.py:120} INFO - [2023-01-28T16:31:22.946+0000] {dagbag.py:537} INFO - Filling up the DagBag from /home/airflow/.local/lib/python3.7/site-packages/airflow/example_dags/example_datasets.py
[2023-01-28T16:31:22.983+0000] {processor.py:766} INFO - DAG(s) dict_keys(['dataset_produces_2', 'dataset_produces_1', 'dataset_consumes_1', 'dataset_consumes_1_never_scheduled', 'dataset_consumes_1_and_2', 'dataset_consumes_unknown_never_scheduled']) retrieved from /home/airflow/.local/lib/python3.7/site-packages/airflow/example_dags/example_datasets.py
[2023-01-28T16:31:23.191+0000] {logging_mixin.py:120} INFO - [2023-01-28T16:31:23.191+0000] {dag.py:2585} INFO - Sync 6 DAGs
[2023-01-28T16:31:23.231+0000] {logging_mixin.py:120} INFO - [2023-01-28T16:31:23.231+0000] {dag.py:3340} INFO - Setting next_dagrun for dataset_consumes_1 to None, run_after=None
[2023-01-28T16:31:23.238+0000] {logging_mixin.py:120} INFO - [2023-01-28T16:31:23.237+0000] {dag.py:3340} INFO - Setting next_dagrun for dataset_consumes_1_and_2 to None, run_after=None
[2023-01-28T16:31:23.240+0000] {logging_mixin.py:120} INFO - [2023-01-28T16:31:23.240+0000] {dag.py:3340} INFO - Setting next_dagrun for dataset_consumes_1_never_scheduled to None, run_after=None
[2023-01-28T16:31:23.243+0000] {logging_mixin.py:120} INFO - [2023-01-28T16:31:23.243+0000] {dag.py:3340} INFO - Setting next_dagrun for dataset_consumes_unknown_never_scheduled to None, run_after=None
[2023-01-28T16:31:23.249+0000] {logging_mixin.py:120} INFO - [2023-01-28T16:31:23.248+0000] {dag.py:3340} INFO - Setting next_dagrun for dataset_produces_1 to 2023-01-27T00:00:00+00:00, run_after=2023-01-28T00:00:00+00:00
[2023-01-28T16:31:23.251+0000] {logging_mixin.py:120} INFO - [2023-01-28T16:31:23.251+0000] {dag.py:3340} INFO - Setting next_dagrun for dataset_produces_2 to None, run_after=None
[2023-01-28T16:31:23.294+0000] {processor.py:176} INFO - Processing /home/airflow/.local/lib/python3.7/site-packages/airflow/example_dags/example_datasets.py took 0.374 seconds
[2023-01-28T16:31:53.862+0000] {processor.py:154} INFO - Started process (PID=137) to work on /home/airflow/.local/lib/python3.7/site-packages/airflow/example_dags/example_datasets.py
[2023-01-28T16:31:53.865+0000] {processor.py:756} INFO - Processing file /home/airflow/.local/lib/python3.7/site-packages/airflow/example_dags/example_datasets.py for tasks to queue
[2023-01-28T16:31:53.867+0000] {logging_mixin.py:120} INFO - [2023-01-28T16:31:53.866+0000] {dagbag.py:537} INFO - Filling up the DagBag from /home/airflow/.local/lib/python3.7/site-packages/airflow/example_dags/example_datasets.py
[2023-01-28T16:31:53.902+0000] {processor.py:766} INFO - DAG(s) dict_keys(['dataset_consumes_1', 'dataset_produces_2', 'dataset_consumes_1_and_2', 'dataset_consumes_1_never_scheduled', 'dataset_consumes_unknown_never_scheduled', 'dataset_produces_1']) retrieved from /home/airflow/.local/lib/python3.7/site-packages/airflow/example_dags/example_datasets.py
[2023-01-28T16:31:53.994+0000] {logging_mixin.py:120} INFO - [2023-01-28T16:31:53.993+0000] {dag.py:2585} INFO - Sync 6 DAGs
[2023-01-28T16:31:54.030+0000] {logging_mixin.py:120} INFO - [2023-01-28T16:31:54.030+0000] {dag.py:3340} INFO - Setting next_dagrun for dataset_consumes_1 to None, run_after=None
[2023-01-28T16:31:54.035+0000] {logging_mixin.py:120} INFO - [2023-01-28T16:31:54.035+0000] {dag.py:3340} INFO - Setting next_dagrun for dataset_consumes_1_and_2 to None, run_after=None
[2023-01-28T16:31:54.038+0000] {logging_mixin.py:120} INFO - [2023-01-28T16:31:54.038+0000] {dag.py:3340} INFO - Setting next_dagrun for dataset_consumes_1_never_scheduled to None, run_after=None
[2023-01-28T16:31:54.040+0000] {logging_mixin.py:120} INFO - [2023-01-28T16:31:54.040+0000] {dag.py:3340} INFO - Setting next_dagrun for dataset_consumes_unknown_never_scheduled to None, run_after=None
[2023-01-28T16:31:54.045+0000] {logging_mixin.py:120} INFO - [2023-01-28T16:31:54.045+0000] {dag.py:3340} INFO - Setting next_dagrun for dataset_produces_1 to 2023-01-27T00:00:00+00:00, run_after=2023-01-28T00:00:00+00:00
[2023-01-28T16:31:54.051+0000] {logging_mixin.py:120} INFO - [2023-01-28T16:31:54.051+0000] {dag.py:3340} INFO - Setting next_dagrun for dataset_produces_2 to None, run_after=None
[2023-01-28T16:31:54.097+0000] {processor.py:176} INFO - Processing /home/airflow/.local/lib/python3.7/site-packages/airflow/example_dags/example_datasets.py took 0.241 seconds
[2023-01-28T16:32:24.638+0000] {processor.py:154} INFO - Started process (PID=192) to work on /home/airflow/.local/lib/python3.7/site-packages/airflow/example_dags/example_datasets.py
[2023-01-28T16:32:24.642+0000] {processor.py:756} INFO - Processing file /home/airflow/.local/lib/python3.7/site-packages/airflow/example_dags/example_datasets.py for tasks to queue
[2023-01-28T16:32:24.645+0000] {logging_mixin.py:120} INFO - [2023-01-28T16:32:24.645+0000] {dagbag.py:537} INFO - Filling up the DagBag from /home/airflow/.local/lib/python3.7/site-packages/airflow/example_dags/example_datasets.py
[2023-01-28T16:32:24.700+0000] {processor.py:766} INFO - DAG(s) dict_keys(['dataset_produces_1', 'dataset_produces_2', 'dataset_consumes_1', 'dataset_consumes_unknown_never_scheduled', 'dataset_consumes_1_and_2', 'dataset_consumes_1_never_scheduled']) retrieved from /home/airflow/.local/lib/python3.7/site-packages/airflow/example_dags/example_datasets.py
[2023-01-28T16:32:24.868+0000] {logging_mixin.py:120} INFO - [2023-01-28T16:32:24.867+0000] {dag.py:2585} INFO - Sync 6 DAGs
[2023-01-28T16:32:24.943+0000] {logging_mixin.py:120} INFO - [2023-01-28T16:32:24.943+0000] {dag.py:3340} INFO - Setting next_dagrun for dataset_consumes_1 to None, run_after=None
[2023-01-28T16:32:24.952+0000] {logging_mixin.py:120} INFO - [2023-01-28T16:32:24.952+0000] {dag.py:3340} INFO - Setting next_dagrun for dataset_consumes_1_and_2 to None, run_after=None
[2023-01-28T16:32:24.956+0000] {logging_mixin.py:120} INFO - [2023-01-28T16:32:24.956+0000] {dag.py:3340} INFO - Setting next_dagrun for dataset_consumes_1_never_scheduled to None, run_after=None
[2023-01-28T16:32:24.959+0000] {logging_mixin.py:120} INFO - [2023-01-28T16:32:24.959+0000] {dag.py:3340} INFO - Setting next_dagrun for dataset_consumes_unknown_never_scheduled to None, run_after=None
[2023-01-28T16:32:24.966+0000] {logging_mixin.py:120} INFO - [2023-01-28T16:32:24.966+0000] {dag.py:3340} INFO - Setting next_dagrun for dataset_produces_1 to 2023-01-27T00:00:00+00:00, run_after=2023-01-28T00:00:00+00:00
[2023-01-28T16:32:24.969+0000] {logging_mixin.py:120} INFO - [2023-01-28T16:32:24.968+0000] {dag.py:3340} INFO - Setting next_dagrun for dataset_produces_2 to None, run_after=None
[2023-01-28T16:32:25.027+0000] {processor.py:176} INFO - Processing /home/airflow/.local/lib/python3.7/site-packages/airflow/example_dags/example_datasets.py took 0.398 seconds
[2023-01-28T16:32:56.250+0000] {processor.py:154} INFO - Started process (PID=255) to work on /home/airflow/.local/lib/python3.7/site-packages/airflow/example_dags/example_datasets.py
[2023-01-28T16:32:56.253+0000] {processor.py:756} INFO - Processing file /home/airflow/.local/lib/python3.7/site-packages/airflow/example_dags/example_datasets.py for tasks to queue
[2023-01-28T16:32:56.255+0000] {logging_mixin.py:120} INFO - [2023-01-28T16:32:56.255+0000] {dagbag.py:537} INFO - Filling up the DagBag from /home/airflow/.local/lib/python3.7/site-packages/airflow/example_dags/example_datasets.py
[2023-01-28T16:32:56.349+0000] {processor.py:766} INFO - DAG(s) dict_keys(['dataset_consumes_1_never_scheduled', 'dataset_consumes_1', 'dataset_produces_1', 'dataset_consumes_unknown_never_scheduled', 'dataset_consumes_1_and_2', 'dataset_produces_2']) retrieved from /home/airflow/.local/lib/python3.7/site-packages/airflow/example_dags/example_datasets.py
[2023-01-28T16:32:56.635+0000] {logging_mixin.py:120} INFO - [2023-01-28T16:32:56.635+0000] {dag.py:2585} INFO - Sync 6 DAGs
[2023-01-28T16:32:56.889+0000] {logging_mixin.py:120} INFO - [2023-01-28T16:32:56.889+0000] {dag.py:3340} INFO - Setting next_dagrun for dataset_consumes_1 to None, run_after=None
[2023-01-28T16:32:56.900+0000] {logging_mixin.py:120} INFO - [2023-01-28T16:32:56.899+0000] {dag.py:3340} INFO - Setting next_dagrun for dataset_consumes_1_and_2 to None, run_after=None
[2023-01-28T16:32:56.908+0000] {logging_mixin.py:120} INFO - [2023-01-28T16:32:56.908+0000] {dag.py:3340} INFO - Setting next_dagrun for dataset_consumes_1_never_scheduled to None, run_after=None
[2023-01-28T16:32:56.921+0000] {logging_mixin.py:120} INFO - [2023-01-28T16:32:56.919+0000] {dag.py:3340} INFO - Setting next_dagrun for dataset_consumes_unknown_never_scheduled to None, run_after=None
