[2023-01-28T16:28:02.241+0000] {processor.py:154} INFO - Started process (PID=48) to work on /home/airflow/.local/lib/python3.7/site-packages/airflow/example_dags/example_kubernetes_executor.py
[2023-01-28T16:28:02.246+0000] {processor.py:756} INFO - Processing file /home/airflow/.local/lib/python3.7/site-packages/airflow/example_dags/example_kubernetes_executor.py for tasks to queue
[2023-01-28T16:28:02.251+0000] {logging_mixin.py:120} INFO - [2023-01-28T16:28:02.251+0000] {dagbag.py:537} INFO - Filling up the DagBag from /home/airflow/.local/lib/python3.7/site-packages/airflow/example_dags/example_kubernetes_executor.py
[2023-01-28T16:28:02.401+0000] {processor.py:766} INFO - DAG(s) dict_keys(['example_kubernetes_executor']) retrieved from /home/airflow/.local/lib/python3.7/site-packages/airflow/example_dags/example_kubernetes_executor.py
[2023-01-28T16:28:02.761+0000] {logging_mixin.py:120} INFO - [2023-01-28T16:28:02.760+0000] {manager.py:507} INFO - Created Permission View: can edit on DAG:example_kubernetes_executor
[2023-01-28T16:28:02.794+0000] {logging_mixin.py:120} INFO - [2023-01-28T16:28:02.794+0000] {manager.py:507} INFO - Created Permission View: can read on DAG:example_kubernetes_executor
[2023-01-28T16:28:02.811+0000] {logging_mixin.py:120} INFO - [2023-01-28T16:28:02.810+0000] {manager.py:507} INFO - Created Permission View: can delete on DAG:example_kubernetes_executor
[2023-01-28T16:28:02.813+0000] {logging_mixin.py:120} INFO - [2023-01-28T16:28:02.812+0000] {dag.py:2585} INFO - Sync 1 DAGs
[2023-01-28T16:28:02.916+0000] {logging_mixin.py:120} INFO - [2023-01-28T16:28:02.915+0000] {dag.py:2606} INFO - Creating ORM DAG for example_kubernetes_executor
[2023-01-28T16:28:02.999+0000] {logging_mixin.py:120} INFO - [2023-01-28T16:28:02.999+0000] {dag.py:3340} INFO - Setting next_dagrun for example_kubernetes_executor to None, run_after=None
[2023-01-28T16:28:03.118+0000] {processor.py:176} INFO - Processing /home/airflow/.local/lib/python3.7/site-packages/airflow/example_dags/example_kubernetes_executor.py took 0.895 seconds
[2023-01-28T16:28:33.784+0000] {processor.py:154} INFO - Started process (PID=102) to work on /home/airflow/.local/lib/python3.7/site-packages/airflow/example_dags/example_kubernetes_executor.py
[2023-01-28T16:28:33.801+0000] {processor.py:756} INFO - Processing file /home/airflow/.local/lib/python3.7/site-packages/airflow/example_dags/example_kubernetes_executor.py for tasks to queue
[2023-01-28T16:28:33.806+0000] {logging_mixin.py:120} INFO - [2023-01-28T16:28:33.805+0000] {dagbag.py:537} INFO - Filling up the DagBag from /home/airflow/.local/lib/python3.7/site-packages/airflow/example_dags/example_kubernetes_executor.py
[2023-01-28T16:28:33.935+0000] {processor.py:766} INFO - DAG(s) dict_keys(['example_kubernetes_executor']) retrieved from /home/airflow/.local/lib/python3.7/site-packages/airflow/example_dags/example_kubernetes_executor.py
[2023-01-28T16:28:34.215+0000] {logging_mixin.py:120} INFO - [2023-01-28T16:28:34.215+0000] {dag.py:2585} INFO - Sync 1 DAGs
[2023-01-28T16:28:34.382+0000] {logging_mixin.py:120} INFO - [2023-01-28T16:28:34.382+0000] {dag.py:3340} INFO - Setting next_dagrun for example_kubernetes_executor to None, run_after=None
[2023-01-28T16:28:34.460+0000] {processor.py:176} INFO - Processing /home/airflow/.local/lib/python3.7/site-packages/airflow/example_dags/example_kubernetes_executor.py took 0.692 seconds
[2023-01-28T16:31:19.561+0000] {processor.py:154} INFO - Started process (PID=48) to work on /home/airflow/.local/lib/python3.7/site-packages/airflow/example_dags/example_kubernetes_executor.py
[2023-01-28T16:31:19.563+0000] {processor.py:756} INFO - Processing file /home/airflow/.local/lib/python3.7/site-packages/airflow/example_dags/example_kubernetes_executor.py for tasks to queue
[2023-01-28T16:31:19.564+0000] {logging_mixin.py:120} INFO - [2023-01-28T16:31:19.564+0000] {dagbag.py:537} INFO - Filling up the DagBag from /home/airflow/.local/lib/python3.7/site-packages/airflow/example_dags/example_kubernetes_executor.py
[2023-01-28T16:31:19.610+0000] {processor.py:766} INFO - DAG(s) dict_keys(['example_kubernetes_executor']) retrieved from /home/airflow/.local/lib/python3.7/site-packages/airflow/example_dags/example_kubernetes_executor.py
[2023-01-28T16:31:19.656+0000] {logging_mixin.py:120} INFO - [2023-01-28T16:31:19.656+0000] {dag.py:2585} INFO - Sync 1 DAGs
[2023-01-28T16:31:19.700+0000] {logging_mixin.py:120} INFO - [2023-01-28T16:31:19.699+0000] {dag.py:3340} INFO - Setting next_dagrun for example_kubernetes_executor to None, run_after=None
[2023-01-28T16:31:19.729+0000] {processor.py:176} INFO - Processing /home/airflow/.local/lib/python3.7/site-packages/airflow/example_dags/example_kubernetes_executor.py took 0.173 seconds
[2023-01-28T16:31:50.481+0000] {processor.py:154} INFO - Started process (PID=102) to work on /home/airflow/.local/lib/python3.7/site-packages/airflow/example_dags/example_kubernetes_executor.py
[2023-01-28T16:31:50.483+0000] {processor.py:756} INFO - Processing file /home/airflow/.local/lib/python3.7/site-packages/airflow/example_dags/example_kubernetes_executor.py for tasks to queue
[2023-01-28T16:31:50.485+0000] {logging_mixin.py:120} INFO - [2023-01-28T16:31:50.485+0000] {dagbag.py:537} INFO - Filling up the DagBag from /home/airflow/.local/lib/python3.7/site-packages/airflow/example_dags/example_kubernetes_executor.py
[2023-01-28T16:31:50.548+0000] {processor.py:766} INFO - DAG(s) dict_keys(['example_kubernetes_executor']) retrieved from /home/airflow/.local/lib/python3.7/site-packages/airflow/example_dags/example_kubernetes_executor.py
[2023-01-28T16:31:50.609+0000] {logging_mixin.py:120} INFO - [2023-01-28T16:31:50.609+0000] {dag.py:2585} INFO - Sync 1 DAGs
[2023-01-28T16:31:50.644+0000] {logging_mixin.py:120} INFO - [2023-01-28T16:31:50.644+0000] {dag.py:3340} INFO - Setting next_dagrun for example_kubernetes_executor to None, run_after=None
[2023-01-28T16:31:50.670+0000] {processor.py:176} INFO - Processing /home/airflow/.local/lib/python3.7/site-packages/airflow/example_dags/example_kubernetes_executor.py took 0.194 seconds
[2023-01-28T16:32:21.197+0000] {processor.py:154} INFO - Started process (PID=166) to work on /home/airflow/.local/lib/python3.7/site-packages/airflow/example_dags/example_kubernetes_executor.py
[2023-01-28T16:32:21.199+0000] {processor.py:756} INFO - Processing file /home/airflow/.local/lib/python3.7/site-packages/airflow/example_dags/example_kubernetes_executor.py for tasks to queue
[2023-01-28T16:32:21.201+0000] {logging_mixin.py:120} INFO - [2023-01-28T16:32:21.200+0000] {dagbag.py:537} INFO - Filling up the DagBag from /home/airflow/.local/lib/python3.7/site-packages/airflow/example_dags/example_kubernetes_executor.py
[2023-01-28T16:32:21.232+0000] {processor.py:766} INFO - DAG(s) dict_keys(['example_kubernetes_executor']) retrieved from /home/airflow/.local/lib/python3.7/site-packages/airflow/example_dags/example_kubernetes_executor.py
[2023-01-28T16:32:21.286+0000] {logging_mixin.py:120} INFO - [2023-01-28T16:32:21.286+0000] {dag.py:2585} INFO - Sync 1 DAGs
[2023-01-28T16:32:21.324+0000] {logging_mixin.py:120} INFO - [2023-01-28T16:32:21.323+0000] {dag.py:3340} INFO - Setting next_dagrun for example_kubernetes_executor to None, run_after=None
[2023-01-28T16:32:21.347+0000] {processor.py:176} INFO - Processing /home/airflow/.local/lib/python3.7/site-packages/airflow/example_dags/example_kubernetes_executor.py took 0.153 seconds
[2023-01-28T16:32:52.502+0000] {processor.py:154} INFO - Started process (PID=229) to work on /home/airflow/.local/lib/python3.7/site-packages/airflow/example_dags/example_kubernetes_executor.py
[2023-01-28T16:32:52.504+0000] {processor.py:756} INFO - Processing file /home/airflow/.local/lib/python3.7/site-packages/airflow/example_dags/example_kubernetes_executor.py for tasks to queue
[2023-01-28T16:32:52.506+0000] {logging_mixin.py:120} INFO - [2023-01-28T16:32:52.505+0000] {dagbag.py:537} INFO - Filling up the DagBag from /home/airflow/.local/lib/python3.7/site-packages/airflow/example_dags/example_kubernetes_executor.py
[2023-01-28T16:32:52.577+0000] {processor.py:766} INFO - DAG(s) dict_keys(['example_kubernetes_executor']) retrieved from /home/airflow/.local/lib/python3.7/site-packages/airflow/example_dags/example_kubernetes_executor.py
[2023-01-28T16:32:52.652+0000] {logging_mixin.py:120} INFO - [2023-01-28T16:32:52.652+0000] {dag.py:2585} INFO - Sync 1 DAGs
[2023-01-28T16:32:52.710+0000] {logging_mixin.py:120} INFO - [2023-01-28T16:32:52.710+0000] {dag.py:3340} INFO - Setting next_dagrun for example_kubernetes_executor to None, run_after=None
[2023-01-28T16:32:52.754+0000] {processor.py:176} INFO - Processing /home/airflow/.local/lib/python3.7/site-packages/airflow/example_dags/example_kubernetes_executor.py took 0.257 seconds
