[2023-01-28T16:28:03.312+0000] {processor.py:154} INFO - Started process (PID=50) to work on /home/airflow/.local/lib/python3.7/site-packages/airflow/example_dags/example_bash_operator.py
[2023-01-28T16:28:03.315+0000] {processor.py:756} INFO - Processing file /home/airflow/.local/lib/python3.7/site-packages/airflow/example_dags/example_bash_operator.py for tasks to queue
[2023-01-28T16:28:03.318+0000] {logging_mixin.py:120} INFO - [2023-01-28T16:28:03.317+0000] {dagbag.py:537} INFO - Filling up the DagBag from /home/airflow/.local/lib/python3.7/site-packages/airflow/example_dags/example_bash_operator.py
[2023-01-28T16:28:03.424+0000] {processor.py:766} INFO - DAG(s) dict_keys(['example_bash_operator']) retrieved from /home/airflow/.local/lib/python3.7/site-packages/airflow/example_dags/example_bash_operator.py
[2023-01-28T16:28:04.328+0000] {logging_mixin.py:120} INFO - [2023-01-28T16:28:04.327+0000] {manager.py:507} INFO - Created Permission View: can edit on DAG:example_bash_operator
[2023-01-28T16:28:04.361+0000] {logging_mixin.py:120} INFO - [2023-01-28T16:28:04.361+0000] {manager.py:507} INFO - Created Permission View: can read on DAG:example_bash_operator
[2023-01-28T16:28:04.381+0000] {logging_mixin.py:120} INFO - [2023-01-28T16:28:04.381+0000] {manager.py:507} INFO - Created Permission View: can delete on DAG:example_bash_operator
[2023-01-28T16:28:04.383+0000] {logging_mixin.py:120} INFO - [2023-01-28T16:28:04.383+0000] {dag.py:2585} INFO - Sync 1 DAGs
[2023-01-28T16:28:04.417+0000] {logging_mixin.py:120} INFO - [2023-01-28T16:28:04.417+0000] {dag.py:2606} INFO - Creating ORM DAG for example_bash_operator
[2023-01-28T16:28:04.453+0000] {logging_mixin.py:120} INFO - [2023-01-28T16:28:04.452+0000] {dag.py:3340} INFO - Setting next_dagrun for example_bash_operator to 2023-01-27T00:00:00+00:00, run_after=2023-01-28T00:00:00+00:00
[2023-01-28T16:28:04.523+0000] {processor.py:176} INFO - Processing /home/airflow/.local/lib/python3.7/site-packages/airflow/example_dags/example_bash_operator.py took 1.205 seconds
[2023-01-28T16:28:34.889+0000] {processor.py:154} INFO - Started process (PID=104) to work on /home/airflow/.local/lib/python3.7/site-packages/airflow/example_dags/example_bash_operator.py
[2023-01-28T16:28:34.893+0000] {processor.py:756} INFO - Processing file /home/airflow/.local/lib/python3.7/site-packages/airflow/example_dags/example_bash_operator.py for tasks to queue
[2023-01-28T16:28:34.898+0000] {logging_mixin.py:120} INFO - [2023-01-28T16:28:34.897+0000] {dagbag.py:537} INFO - Filling up the DagBag from /home/airflow/.local/lib/python3.7/site-packages/airflow/example_dags/example_bash_operator.py
[2023-01-28T16:28:34.993+0000] {processor.py:766} INFO - DAG(s) dict_keys(['example_bash_operator']) retrieved from /home/airflow/.local/lib/python3.7/site-packages/airflow/example_dags/example_bash_operator.py
[2023-01-28T16:28:35.242+0000] {logging_mixin.py:120} INFO - [2023-01-28T16:28:35.241+0000] {dag.py:2585} INFO - Sync 1 DAGs
[2023-01-28T16:28:35.396+0000] {logging_mixin.py:120} INFO - [2023-01-28T16:28:35.395+0000] {dag.py:3340} INFO - Setting next_dagrun for example_bash_operator to 2023-01-27T00:00:00+00:00, run_after=2023-01-28T00:00:00+00:00
[2023-01-28T16:28:35.451+0000] {processor.py:176} INFO - Processing /home/airflow/.local/lib/python3.7/site-packages/airflow/example_dags/example_bash_operator.py took 0.596 seconds
[2023-01-28T16:31:19.811+0000] {processor.py:154} INFO - Started process (PID=50) to work on /home/airflow/.local/lib/python3.7/site-packages/airflow/example_dags/example_bash_operator.py
[2023-01-28T16:31:19.817+0000] {processor.py:756} INFO - Processing file /home/airflow/.local/lib/python3.7/site-packages/airflow/example_dags/example_bash_operator.py for tasks to queue
[2023-01-28T16:31:19.821+0000] {logging_mixin.py:120} INFO - [2023-01-28T16:31:19.821+0000] {dagbag.py:537} INFO - Filling up the DagBag from /home/airflow/.local/lib/python3.7/site-packages/airflow/example_dags/example_bash_operator.py
[2023-01-28T16:31:19.872+0000] {processor.py:766} INFO - DAG(s) dict_keys(['example_bash_operator']) retrieved from /home/airflow/.local/lib/python3.7/site-packages/airflow/example_dags/example_bash_operator.py
[2023-01-28T16:31:19.933+0000] {logging_mixin.py:120} INFO - [2023-01-28T16:31:19.933+0000] {dag.py:2585} INFO - Sync 1 DAGs
[2023-01-28T16:31:19.997+0000] {logging_mixin.py:120} INFO - [2023-01-28T16:31:19.997+0000] {dag.py:3340} INFO - Setting next_dagrun for example_bash_operator to 2023-01-27T00:00:00+00:00, run_after=2023-01-28T00:00:00+00:00
[2023-01-28T16:31:20.034+0000] {processor.py:176} INFO - Processing /home/airflow/.local/lib/python3.7/site-packages/airflow/example_dags/example_bash_operator.py took 0.234 seconds
[2023-01-28T16:31:50.703+0000] {processor.py:154} INFO - Started process (PID=104) to work on /home/airflow/.local/lib/python3.7/site-packages/airflow/example_dags/example_bash_operator.py
[2023-01-28T16:31:50.705+0000] {processor.py:756} INFO - Processing file /home/airflow/.local/lib/python3.7/site-packages/airflow/example_dags/example_bash_operator.py for tasks to queue
[2023-01-28T16:31:50.707+0000] {logging_mixin.py:120} INFO - [2023-01-28T16:31:50.707+0000] {dagbag.py:537} INFO - Filling up the DagBag from /home/airflow/.local/lib/python3.7/site-packages/airflow/example_dags/example_bash_operator.py
[2023-01-28T16:31:50.740+0000] {processor.py:766} INFO - DAG(s) dict_keys(['example_bash_operator']) retrieved from /home/airflow/.local/lib/python3.7/site-packages/airflow/example_dags/example_bash_operator.py
[2023-01-28T16:31:50.804+0000] {logging_mixin.py:120} INFO - [2023-01-28T16:31:50.804+0000] {dag.py:2585} INFO - Sync 1 DAGs
[2023-01-28T16:31:50.840+0000] {logging_mixin.py:120} INFO - [2023-01-28T16:31:50.839+0000] {dag.py:3340} INFO - Setting next_dagrun for example_bash_operator to 2023-01-27T00:00:00+00:00, run_after=2023-01-28T00:00:00+00:00
[2023-01-28T16:31:50.864+0000] {processor.py:176} INFO - Processing /home/airflow/.local/lib/python3.7/site-packages/airflow/example_dags/example_bash_operator.py took 0.165 seconds
[2023-01-28T16:32:21.376+0000] {processor.py:154} INFO - Started process (PID=168) to work on /home/airflow/.local/lib/python3.7/site-packages/airflow/example_dags/example_bash_operator.py
[2023-01-28T16:32:21.378+0000] {processor.py:756} INFO - Processing file /home/airflow/.local/lib/python3.7/site-packages/airflow/example_dags/example_bash_operator.py for tasks to queue
[2023-01-28T16:32:21.379+0000] {logging_mixin.py:120} INFO - [2023-01-28T16:32:21.379+0000] {dagbag.py:537} INFO - Filling up the DagBag from /home/airflow/.local/lib/python3.7/site-packages/airflow/example_dags/example_bash_operator.py
[2023-01-28T16:32:21.404+0000] {processor.py:766} INFO - DAG(s) dict_keys(['example_bash_operator']) retrieved from /home/airflow/.local/lib/python3.7/site-packages/airflow/example_dags/example_bash_operator.py
[2023-01-28T16:32:21.460+0000] {logging_mixin.py:120} INFO - [2023-01-28T16:32:21.460+0000] {dag.py:2585} INFO - Sync 1 DAGs
[2023-01-28T16:32:21.492+0000] {logging_mixin.py:120} INFO - [2023-01-28T16:32:21.492+0000] {dag.py:3340} INFO - Setting next_dagrun for example_bash_operator to 2023-01-27T00:00:00+00:00, run_after=2023-01-28T00:00:00+00:00
[2023-01-28T16:32:21.512+0000] {processor.py:176} INFO - Processing /home/airflow/.local/lib/python3.7/site-packages/airflow/example_dags/example_bash_operator.py took 0.140 seconds
[2023-01-28T16:32:52.794+0000] {processor.py:154} INFO - Started process (PID=231) to work on /home/airflow/.local/lib/python3.7/site-packages/airflow/example_dags/example_bash_operator.py
[2023-01-28T16:32:52.797+0000] {processor.py:756} INFO - Processing file /home/airflow/.local/lib/python3.7/site-packages/airflow/example_dags/example_bash_operator.py for tasks to queue
[2023-01-28T16:32:52.800+0000] {logging_mixin.py:120} INFO - [2023-01-28T16:32:52.800+0000] {dagbag.py:537} INFO - Filling up the DagBag from /home/airflow/.local/lib/python3.7/site-packages/airflow/example_dags/example_bash_operator.py
[2023-01-28T16:32:52.868+0000] {processor.py:766} INFO - DAG(s) dict_keys(['example_bash_operator']) retrieved from /home/airflow/.local/lib/python3.7/site-packages/airflow/example_dags/example_bash_operator.py
[2023-01-28T16:32:52.963+0000] {logging_mixin.py:120} INFO - [2023-01-28T16:32:52.962+0000] {dag.py:2585} INFO - Sync 1 DAGs
[2023-01-28T16:32:53.008+0000] {logging_mixin.py:120} INFO - [2023-01-28T16:32:53.007+0000] {dag.py:3340} INFO - Setting next_dagrun for example_bash_operator to 2023-01-27T00:00:00+00:00, run_after=2023-01-28T00:00:00+00:00
[2023-01-28T16:32:53.044+0000] {processor.py:176} INFO - Processing /home/airflow/.local/lib/python3.7/site-packages/airflow/example_dags/example_bash_operator.py took 0.255 seconds
