[2023-01-28T16:28:16.753+0000] {processor.py:154} INFO - Started process (PID=75) to work on /home/airflow/.local/lib/python3.7/site-packages/airflow/example_dags/example_python_operator.py
[2023-01-28T16:28:16.757+0000] {processor.py:756} INFO - Processing file /home/airflow/.local/lib/python3.7/site-packages/airflow/example_dags/example_python_operator.py for tasks to queue
[2023-01-28T16:28:16.760+0000] {logging_mixin.py:120} INFO - [2023-01-28T16:28:16.759+0000] {dagbag.py:537} INFO - Filling up the DagBag from /home/airflow/.local/lib/python3.7/site-packages/airflow/example_dags/example_python_operator.py
[2023-01-28T16:28:16.826+0000] {logging_mixin.py:120} INFO - [2023-01-28T16:28:16.826+0000] {taskmixin.py:205} WARNING - Dependency <Task(_PythonDecoratedOperator): print_the_context>, log_sql_query already registered for DAG: example_python_operator
[2023-01-28T16:28:16.828+0000] {logging_mixin.py:120} INFO - [2023-01-28T16:28:16.828+0000] {taskmixin.py:205} WARNING - Dependency <Task(_PythonDecoratedOperator): log_sql_query>, print_the_context already registered for DAG: example_python_operator
[2023-01-28T16:28:16.832+0000] {logging_mixin.py:120} INFO - [2023-01-28T16:28:16.831+0000] {taskmixin.py:205} WARNING - Dependency <Task(_PythonDecoratedOperator): print_the_context>, log_sql_query already registered for DAG: example_python_operator
[2023-01-28T16:28:16.834+0000] {logging_mixin.py:120} INFO - [2023-01-28T16:28:16.833+0000] {taskmixin.py:205} WARNING - Dependency <Task(_PythonDecoratedOperator): log_sql_query>, print_the_context already registered for DAG: example_python_operator
[2023-01-28T16:28:16.837+0000] {logging_mixin.py:120} INFO - [2023-01-28T16:28:16.836+0000] {taskmixin.py:205} WARNING - Dependency <Task(_PythonDecoratedOperator): print_the_context>, log_sql_query already registered for DAG: example_python_operator
[2023-01-28T16:28:16.839+0000] {logging_mixin.py:120} INFO - [2023-01-28T16:28:16.838+0000] {taskmixin.py:205} WARNING - Dependency <Task(_PythonDecoratedOperator): log_sql_query>, print_the_context already registered for DAG: example_python_operator
[2023-01-28T16:28:16.844+0000] {logging_mixin.py:120} INFO - [2023-01-28T16:28:16.844+0000] {taskmixin.py:205} WARNING - Dependency <Task(_PythonDecoratedOperator): print_the_context>, log_sql_query already registered for DAG: example_python_operator
[2023-01-28T16:28:16.847+0000] {logging_mixin.py:120} INFO - [2023-01-28T16:28:16.846+0000] {taskmixin.py:205} WARNING - Dependency <Task(_PythonDecoratedOperator): log_sql_query>, print_the_context already registered for DAG: example_python_operator
[2023-01-28T16:28:16.880+0000] {processor.py:766} INFO - DAG(s) dict_keys(['example_python_operator']) retrieved from /home/airflow/.local/lib/python3.7/site-packages/airflow/example_dags/example_python_operator.py
[2023-01-28T16:28:17.173+0000] {logging_mixin.py:120} INFO - [2023-01-28T16:28:17.172+0000] {manager.py:507} INFO - Created Permission View: can edit on DAG:example_python_operator
[2023-01-28T16:28:17.192+0000] {logging_mixin.py:120} INFO - [2023-01-28T16:28:17.192+0000] {manager.py:507} INFO - Created Permission View: can read on DAG:example_python_operator
[2023-01-28T16:28:17.204+0000] {logging_mixin.py:120} INFO - [2023-01-28T16:28:17.203+0000] {manager.py:507} INFO - Created Permission View: can delete on DAG:example_python_operator
[2023-01-28T16:28:17.205+0000] {logging_mixin.py:120} INFO - [2023-01-28T16:28:17.205+0000] {dag.py:2585} INFO - Sync 1 DAGs
[2023-01-28T16:28:17.238+0000] {logging_mixin.py:120} INFO - [2023-01-28T16:28:17.238+0000] {dag.py:2606} INFO - Creating ORM DAG for example_python_operator
[2023-01-28T16:28:17.259+0000] {logging_mixin.py:120} INFO - [2023-01-28T16:28:17.259+0000] {dag.py:3340} INFO - Setting next_dagrun for example_python_operator to None, run_after=None
[2023-01-28T16:28:17.289+0000] {processor.py:176} INFO - Processing /home/airflow/.local/lib/python3.7/site-packages/airflow/example_dags/example_python_operator.py took 0.546 seconds
[2023-01-28T16:31:21.889+0000] {processor.py:154} INFO - Started process (PID=66) to work on /home/airflow/.local/lib/python3.7/site-packages/airflow/example_dags/example_python_operator.py
[2023-01-28T16:31:21.892+0000] {processor.py:756} INFO - Processing file /home/airflow/.local/lib/python3.7/site-packages/airflow/example_dags/example_python_operator.py for tasks to queue
[2023-01-28T16:31:21.893+0000] {logging_mixin.py:120} INFO - [2023-01-28T16:31:21.893+0000] {dagbag.py:537} INFO - Filling up the DagBag from /home/airflow/.local/lib/python3.7/site-packages/airflow/example_dags/example_python_operator.py
[2023-01-28T16:31:21.920+0000] {logging_mixin.py:120} INFO - [2023-01-28T16:31:21.920+0000] {taskmixin.py:205} WARNING - Dependency <Task(_PythonDecoratedOperator): print_the_context>, log_sql_query already registered for DAG: example_python_operator
[2023-01-28T16:31:21.922+0000] {logging_mixin.py:120} INFO - [2023-01-28T16:31:21.921+0000] {taskmixin.py:205} WARNING - Dependency <Task(_PythonDecoratedOperator): log_sql_query>, print_the_context already registered for DAG: example_python_operator
[2023-01-28T16:31:21.923+0000] {logging_mixin.py:120} INFO - [2023-01-28T16:31:21.923+0000] {taskmixin.py:205} WARNING - Dependency <Task(_PythonDecoratedOperator): print_the_context>, log_sql_query already registered for DAG: example_python_operator
[2023-01-28T16:31:21.924+0000] {logging_mixin.py:120} INFO - [2023-01-28T16:31:21.924+0000] {taskmixin.py:205} WARNING - Dependency <Task(_PythonDecoratedOperator): log_sql_query>, print_the_context already registered for DAG: example_python_operator
[2023-01-28T16:31:21.926+0000] {logging_mixin.py:120} INFO - [2023-01-28T16:31:21.925+0000] {taskmixin.py:205} WARNING - Dependency <Task(_PythonDecoratedOperator): print_the_context>, log_sql_query already registered for DAG: example_python_operator
[2023-01-28T16:31:21.927+0000] {logging_mixin.py:120} INFO - [2023-01-28T16:31:21.926+0000] {taskmixin.py:205} WARNING - Dependency <Task(_PythonDecoratedOperator): log_sql_query>, print_the_context already registered for DAG: example_python_operator
[2023-01-28T16:31:21.929+0000] {logging_mixin.py:120} INFO - [2023-01-28T16:31:21.929+0000] {taskmixin.py:205} WARNING - Dependency <Task(_PythonDecoratedOperator): print_the_context>, log_sql_query already registered for DAG: example_python_operator
[2023-01-28T16:31:21.929+0000] {logging_mixin.py:120} INFO - [2023-01-28T16:31:21.929+0000] {taskmixin.py:205} WARNING - Dependency <Task(_PythonDecoratedOperator): log_sql_query>, print_the_context already registered for DAG: example_python_operator
[2023-01-28T16:31:21.946+0000] {processor.py:766} INFO - DAG(s) dict_keys(['example_python_operator']) retrieved from /home/airflow/.local/lib/python3.7/site-packages/airflow/example_dags/example_python_operator.py
[2023-01-28T16:31:21.995+0000] {logging_mixin.py:120} INFO - [2023-01-28T16:31:21.994+0000] {dag.py:2585} INFO - Sync 1 DAGs
[2023-01-28T16:31:22.040+0000] {logging_mixin.py:120} INFO - [2023-01-28T16:31:22.040+0000] {dag.py:3340} INFO - Setting next_dagrun for example_python_operator to None, run_after=None
[2023-01-28T16:31:22.082+0000] {processor.py:176} INFO - Processing /home/airflow/.local/lib/python3.7/site-packages/airflow/example_dags/example_python_operator.py took 0.198 seconds
[2023-01-28T16:31:52.882+0000] {processor.py:154} INFO - Started process (PID=129) to work on /home/airflow/.local/lib/python3.7/site-packages/airflow/example_dags/example_python_operator.py
[2023-01-28T16:31:52.885+0000] {processor.py:756} INFO - Processing file /home/airflow/.local/lib/python3.7/site-packages/airflow/example_dags/example_python_operator.py for tasks to queue
[2023-01-28T16:31:52.887+0000] {logging_mixin.py:120} INFO - [2023-01-28T16:31:52.886+0000] {dagbag.py:537} INFO - Filling up the DagBag from /home/airflow/.local/lib/python3.7/site-packages/airflow/example_dags/example_python_operator.py
[2023-01-28T16:31:52.919+0000] {logging_mixin.py:120} INFO - [2023-01-28T16:31:52.919+0000] {taskmixin.py:205} WARNING - Dependency <Task(_PythonDecoratedOperator): print_the_context>, log_sql_query already registered for DAG: example_python_operator
[2023-01-28T16:31:52.921+0000] {logging_mixin.py:120} INFO - [2023-01-28T16:31:52.921+0000] {taskmixin.py:205} WARNING - Dependency <Task(_PythonDecoratedOperator): log_sql_query>, print_the_context already registered for DAG: example_python_operator
[2023-01-28T16:31:52.925+0000] {logging_mixin.py:120} INFO - [2023-01-28T16:31:52.925+0000] {taskmixin.py:205} WARNING - Dependency <Task(_PythonDecoratedOperator): print_the_context>, log_sql_query already registered for DAG: example_python_operator
[2023-01-28T16:31:52.927+0000] {logging_mixin.py:120} INFO - [2023-01-28T16:31:52.926+0000] {taskmixin.py:205} WARNING - Dependency <Task(_PythonDecoratedOperator): log_sql_query>, print_the_context already registered for DAG: example_python_operator
[2023-01-28T16:31:52.929+0000] {logging_mixin.py:120} INFO - [2023-01-28T16:31:52.929+0000] {taskmixin.py:205} WARNING - Dependency <Task(_PythonDecoratedOperator): print_the_context>, log_sql_query already registered for DAG: example_python_operator
[2023-01-28T16:31:52.931+0000] {logging_mixin.py:120} INFO - [2023-01-28T16:31:52.930+0000] {taskmixin.py:205} WARNING - Dependency <Task(_PythonDecoratedOperator): log_sql_query>, print_the_context already registered for DAG: example_python_operator
[2023-01-28T16:31:52.933+0000] {logging_mixin.py:120} INFO - [2023-01-28T16:31:52.932+0000] {taskmixin.py:205} WARNING - Dependency <Task(_PythonDecoratedOperator): print_the_context>, log_sql_query already registered for DAG: example_python_operator
[2023-01-28T16:31:52.934+0000] {logging_mixin.py:120} INFO - [2023-01-28T16:31:52.934+0000] {taskmixin.py:205} WARNING - Dependency <Task(_PythonDecoratedOperator): log_sql_query>, print_the_context already registered for DAG: example_python_operator
[2023-01-28T16:31:52.951+0000] {processor.py:766} INFO - DAG(s) dict_keys(['example_python_operator']) retrieved from /home/airflow/.local/lib/python3.7/site-packages/airflow/example_dags/example_python_operator.py
[2023-01-28T16:31:53.035+0000] {logging_mixin.py:120} INFO - [2023-01-28T16:31:53.035+0000] {dag.py:2585} INFO - Sync 1 DAGs
[2023-01-28T16:31:53.079+0000] {logging_mixin.py:120} INFO - [2023-01-28T16:31:53.079+0000] {dag.py:3340} INFO - Setting next_dagrun for example_python_operator to None, run_after=None
[2023-01-28T16:31:53.111+0000] {processor.py:176} INFO - Processing /home/airflow/.local/lib/python3.7/site-packages/airflow/example_dags/example_python_operator.py took 0.236 seconds
[2023-01-28T16:32:23.227+0000] {processor.py:154} INFO - Started process (PID=184) to work on /home/airflow/.local/lib/python3.7/site-packages/airflow/example_dags/example_python_operator.py
[2023-01-28T16:32:23.230+0000] {processor.py:756} INFO - Processing file /home/airflow/.local/lib/python3.7/site-packages/airflow/example_dags/example_python_operator.py for tasks to queue
[2023-01-28T16:32:23.232+0000] {logging_mixin.py:120} INFO - [2023-01-28T16:32:23.232+0000] {dagbag.py:537} INFO - Filling up the DagBag from /home/airflow/.local/lib/python3.7/site-packages/airflow/example_dags/example_python_operator.py
[2023-01-28T16:32:23.264+0000] {logging_mixin.py:120} INFO - [2023-01-28T16:32:23.264+0000] {taskmixin.py:205} WARNING - Dependency <Task(_PythonDecoratedOperator): print_the_context>, log_sql_query already registered for DAG: example_python_operator
[2023-01-28T16:32:23.266+0000] {logging_mixin.py:120} INFO - [2023-01-28T16:32:23.265+0000] {taskmixin.py:205} WARNING - Dependency <Task(_PythonDecoratedOperator): log_sql_query>, print_the_context already registered for DAG: example_python_operator
[2023-01-28T16:32:23.269+0000] {logging_mixin.py:120} INFO - [2023-01-28T16:32:23.268+0000] {taskmixin.py:205} WARNING - Dependency <Task(_PythonDecoratedOperator): print_the_context>, log_sql_query already registered for DAG: example_python_operator
[2023-01-28T16:32:23.270+0000] {logging_mixin.py:120} INFO - [2023-01-28T16:32:23.269+0000] {taskmixin.py:205} WARNING - Dependency <Task(_PythonDecoratedOperator): log_sql_query>, print_the_context already registered for DAG: example_python_operator
[2023-01-28T16:32:23.273+0000] {logging_mixin.py:120} INFO - [2023-01-28T16:32:23.273+0000] {taskmixin.py:205} WARNING - Dependency <Task(_PythonDecoratedOperator): print_the_context>, log_sql_query already registered for DAG: example_python_operator
[2023-01-28T16:32:23.274+0000] {logging_mixin.py:120} INFO - [2023-01-28T16:32:23.274+0000] {taskmixin.py:205} WARNING - Dependency <Task(_PythonDecoratedOperator): log_sql_query>, print_the_context already registered for DAG: example_python_operator
[2023-01-28T16:32:23.276+0000] {logging_mixin.py:120} INFO - [2023-01-28T16:32:23.276+0000] {taskmixin.py:205} WARNING - Dependency <Task(_PythonDecoratedOperator): print_the_context>, log_sql_query already registered for DAG: example_python_operator
[2023-01-28T16:32:23.278+0000] {logging_mixin.py:120} INFO - [2023-01-28T16:32:23.277+0000] {taskmixin.py:205} WARNING - Dependency <Task(_PythonDecoratedOperator): log_sql_query>, print_the_context already registered for DAG: example_python_operator
[2023-01-28T16:32:23.289+0000] {processor.py:766} INFO - DAG(s) dict_keys(['example_python_operator']) retrieved from /home/airflow/.local/lib/python3.7/site-packages/airflow/example_dags/example_python_operator.py
[2023-01-28T16:32:23.361+0000] {logging_mixin.py:120} INFO - [2023-01-28T16:32:23.361+0000] {dag.py:2585} INFO - Sync 1 DAGs
[2023-01-28T16:32:23.398+0000] {logging_mixin.py:120} INFO - [2023-01-28T16:32:23.398+0000] {dag.py:3340} INFO - Setting next_dagrun for example_python_operator to None, run_after=None
[2023-01-28T16:32:23.424+0000] {processor.py:176} INFO - Processing /home/airflow/.local/lib/python3.7/site-packages/airflow/example_dags/example_python_operator.py took 0.208 seconds
[2023-01-28T16:32:54.937+0000] {processor.py:154} INFO - Started process (PID=247) to work on /home/airflow/.local/lib/python3.7/site-packages/airflow/example_dags/example_python_operator.py
[2023-01-28T16:32:54.940+0000] {processor.py:756} INFO - Processing file /home/airflow/.local/lib/python3.7/site-packages/airflow/example_dags/example_python_operator.py for tasks to queue
[2023-01-28T16:32:54.941+0000] {logging_mixin.py:120} INFO - [2023-01-28T16:32:54.941+0000] {dagbag.py:537} INFO - Filling up the DagBag from /home/airflow/.local/lib/python3.7/site-packages/airflow/example_dags/example_python_operator.py
[2023-01-28T16:32:54.965+0000] {logging_mixin.py:120} INFO - [2023-01-28T16:32:54.965+0000] {taskmixin.py:205} WARNING - Dependency <Task(_PythonDecoratedOperator): print_the_context>, log_sql_query already registered for DAG: example_python_operator
[2023-01-28T16:32:54.966+0000] {logging_mixin.py:120} INFO - [2023-01-28T16:32:54.966+0000] {taskmixin.py:205} WARNING - Dependency <Task(_PythonDecoratedOperator): log_sql_query>, print_the_context already registered for DAG: example_python_operator
[2023-01-28T16:32:54.968+0000] {logging_mixin.py:120} INFO - [2023-01-28T16:32:54.968+0000] {taskmixin.py:205} WARNING - Dependency <Task(_PythonDecoratedOperator): print_the_context>, log_sql_query already registered for DAG: example_python_operator
[2023-01-28T16:32:54.969+0000] {logging_mixin.py:120} INFO - [2023-01-28T16:32:54.969+0000] {taskmixin.py:205} WARNING - Dependency <Task(_PythonDecoratedOperator): log_sql_query>, print_the_context already registered for DAG: example_python_operator
[2023-01-28T16:32:54.971+0000] {logging_mixin.py:120} INFO - [2023-01-28T16:32:54.970+0000] {taskmixin.py:205} WARNING - Dependency <Task(_PythonDecoratedOperator): print_the_context>, log_sql_query already registered for DAG: example_python_operator
[2023-01-28T16:32:54.972+0000] {logging_mixin.py:120} INFO - [2023-01-28T16:32:54.972+0000] {taskmixin.py:205} WARNING - Dependency <Task(_PythonDecoratedOperator): log_sql_query>, print_the_context already registered for DAG: example_python_operator
[2023-01-28T16:32:54.973+0000] {logging_mixin.py:120} INFO - [2023-01-28T16:32:54.973+0000] {taskmixin.py:205} WARNING - Dependency <Task(_PythonDecoratedOperator): print_the_context>, log_sql_query already registered for DAG: example_python_operator
[2023-01-28T16:32:54.975+0000] {logging_mixin.py:120} INFO - [2023-01-28T16:32:54.975+0000] {taskmixin.py:205} WARNING - Dependency <Task(_PythonDecoratedOperator): log_sql_query>, print_the_context already registered for DAG: example_python_operator
[2023-01-28T16:32:54.985+0000] {processor.py:766} INFO - DAG(s) dict_keys(['example_python_operator']) retrieved from /home/airflow/.local/lib/python3.7/site-packages/airflow/example_dags/example_python_operator.py
[2023-01-28T16:32:55.045+0000] {logging_mixin.py:120} INFO - [2023-01-28T16:32:55.045+0000] {dag.py:2585} INFO - Sync 1 DAGs
[2023-01-28T16:32:55.084+0000] {logging_mixin.py:120} INFO - [2023-01-28T16:32:55.084+0000] {dag.py:3340} INFO - Setting next_dagrun for example_python_operator to None, run_after=None
[2023-01-28T16:32:55.111+0000] {processor.py:176} INFO - Processing /home/airflow/.local/lib/python3.7/site-packages/airflow/example_dags/example_python_operator.py took 0.179 seconds
