[2023-01-28T16:28:13.289+0000] {processor.py:154} INFO - Started process (PID=60) to work on /home/airflow/.local/lib/python3.7/site-packages/airflow/example_dags/example_task_group.py
[2023-01-28T16:28:13.293+0000] {processor.py:756} INFO - Processing file /home/airflow/.local/lib/python3.7/site-packages/airflow/example_dags/example_task_group.py for tasks to queue
[2023-01-28T16:28:13.298+0000] {logging_mixin.py:120} INFO - [2023-01-28T16:28:13.298+0000] {dagbag.py:537} INFO - Filling up the DagBag from /home/airflow/.local/lib/python3.7/site-packages/airflow/example_dags/example_task_group.py
[2023-01-28T16:28:13.384+0000] {processor.py:766} INFO - DAG(s) dict_keys(['example_task_group']) retrieved from /home/airflow/.local/lib/python3.7/site-packages/airflow/example_dags/example_task_group.py
[2023-01-28T16:28:14.020+0000] {logging_mixin.py:120} INFO - [2023-01-28T16:28:14.019+0000] {manager.py:507} INFO - Created Permission View: can edit on DAG:example_task_group
[2023-01-28T16:28:14.122+0000] {logging_mixin.py:120} INFO - [2023-01-28T16:28:14.122+0000] {manager.py:507} INFO - Created Permission View: can read on DAG:example_task_group
[2023-01-28T16:28:14.147+0000] {logging_mixin.py:120} INFO - [2023-01-28T16:28:14.147+0000] {manager.py:507} INFO - Created Permission View: can delete on DAG:example_task_group
[2023-01-28T16:28:14.149+0000] {logging_mixin.py:120} INFO - [2023-01-28T16:28:14.149+0000] {dag.py:2585} INFO - Sync 1 DAGs
[2023-01-28T16:28:14.195+0000] {logging_mixin.py:120} INFO - [2023-01-28T16:28:14.195+0000] {dag.py:2606} INFO - Creating ORM DAG for example_task_group
[2023-01-28T16:28:14.243+0000] {logging_mixin.py:120} INFO - [2023-01-28T16:28:14.243+0000] {dag.py:3340} INFO - Setting next_dagrun for example_task_group to 2023-01-27T16:28:14.236667+00:00, run_after=2023-01-28T16:28:14.236667+00:00
[2023-01-28T16:28:14.317+0000] {processor.py:176} INFO - Processing /home/airflow/.local/lib/python3.7/site-packages/airflow/example_dags/example_task_group.py took 1.042 seconds
[2023-01-28T16:31:21.087+0000] {processor.py:154} INFO - Started process (PID=60) to work on /home/airflow/.local/lib/python3.7/site-packages/airflow/example_dags/example_task_group.py
[2023-01-28T16:31:21.089+0000] {processor.py:756} INFO - Processing file /home/airflow/.local/lib/python3.7/site-packages/airflow/example_dags/example_task_group.py for tasks to queue
[2023-01-28T16:31:21.091+0000] {logging_mixin.py:120} INFO - [2023-01-28T16:31:21.091+0000] {dagbag.py:537} INFO - Filling up the DagBag from /home/airflow/.local/lib/python3.7/site-packages/airflow/example_dags/example_task_group.py
[2023-01-28T16:31:21.118+0000] {processor.py:766} INFO - DAG(s) dict_keys(['example_task_group']) retrieved from /home/airflow/.local/lib/python3.7/site-packages/airflow/example_dags/example_task_group.py
[2023-01-28T16:31:21.174+0000] {logging_mixin.py:120} INFO - [2023-01-28T16:31:21.173+0000] {dag.py:2585} INFO - Sync 1 DAGs
[2023-01-28T16:31:21.219+0000] {logging_mixin.py:120} INFO - [2023-01-28T16:31:21.219+0000] {dag.py:3340} INFO - Setting next_dagrun for example_task_group to 2023-01-27T16:31:21.218827+00:00, run_after=2023-01-28T16:31:21.218827+00:00
[2023-01-28T16:31:21.245+0000] {processor.py:176} INFO - Processing /home/airflow/.local/lib/python3.7/site-packages/airflow/example_dags/example_task_group.py took 0.163 seconds
[2023-01-28T16:31:51.805+0000] {processor.py:154} INFO - Started process (PID=114) to work on /home/airflow/.local/lib/python3.7/site-packages/airflow/example_dags/example_task_group.py
[2023-01-28T16:31:51.808+0000] {processor.py:756} INFO - Processing file /home/airflow/.local/lib/python3.7/site-packages/airflow/example_dags/example_task_group.py for tasks to queue
[2023-01-28T16:31:51.810+0000] {logging_mixin.py:120} INFO - [2023-01-28T16:31:51.810+0000] {dagbag.py:537} INFO - Filling up the DagBag from /home/airflow/.local/lib/python3.7/site-packages/airflow/example_dags/example_task_group.py
[2023-01-28T16:31:51.845+0000] {processor.py:766} INFO - DAG(s) dict_keys(['example_task_group']) retrieved from /home/airflow/.local/lib/python3.7/site-packages/airflow/example_dags/example_task_group.py
[2023-01-28T16:31:51.915+0000] {logging_mixin.py:120} INFO - [2023-01-28T16:31:51.915+0000] {dag.py:2585} INFO - Sync 1 DAGs
[2023-01-28T16:31:51.953+0000] {logging_mixin.py:120} INFO - [2023-01-28T16:31:51.953+0000] {dag.py:3340} INFO - Setting next_dagrun for example_task_group to 2023-01-27T16:31:51.952802+00:00, run_after=2023-01-28T16:31:51.952802+00:00
[2023-01-28T16:31:51.981+0000] {processor.py:176} INFO - Processing /home/airflow/.local/lib/python3.7/site-packages/airflow/example_dags/example_task_group.py took 0.187 seconds
[2023-01-28T16:32:22.482+0000] {processor.py:154} INFO - Started process (PID=178) to work on /home/airflow/.local/lib/python3.7/site-packages/airflow/example_dags/example_task_group.py
[2023-01-28T16:32:22.485+0000] {processor.py:756} INFO - Processing file /home/airflow/.local/lib/python3.7/site-packages/airflow/example_dags/example_task_group.py for tasks to queue
[2023-01-28T16:32:22.487+0000] {logging_mixin.py:120} INFO - [2023-01-28T16:32:22.487+0000] {dagbag.py:537} INFO - Filling up the DagBag from /home/airflow/.local/lib/python3.7/site-packages/airflow/example_dags/example_task_group.py
[2023-01-28T16:32:22.521+0000] {processor.py:766} INFO - DAG(s) dict_keys(['example_task_group']) retrieved from /home/airflow/.local/lib/python3.7/site-packages/airflow/example_dags/example_task_group.py
[2023-01-28T16:32:22.597+0000] {logging_mixin.py:120} INFO - [2023-01-28T16:32:22.597+0000] {dag.py:2585} INFO - Sync 1 DAGs
[2023-01-28T16:32:22.647+0000] {logging_mixin.py:120} INFO - [2023-01-28T16:32:22.646+0000] {dag.py:3340} INFO - Setting next_dagrun for example_task_group to 2023-01-27T16:32:22.646275+00:00, run_after=2023-01-28T16:32:22.646275+00:00
[2023-01-28T16:32:22.688+0000] {processor.py:176} INFO - Processing /home/airflow/.local/lib/python3.7/site-packages/airflow/example_dags/example_task_group.py took 0.210 seconds
[2023-01-28T16:32:54.257+0000] {processor.py:154} INFO - Started process (PID=241) to work on /home/airflow/.local/lib/python3.7/site-packages/airflow/example_dags/example_task_group.py
[2023-01-28T16:32:54.259+0000] {processor.py:756} INFO - Processing file /home/airflow/.local/lib/python3.7/site-packages/airflow/example_dags/example_task_group.py for tasks to queue
[2023-01-28T16:32:54.260+0000] {logging_mixin.py:120} INFO - [2023-01-28T16:32:54.260+0000] {dagbag.py:537} INFO - Filling up the DagBag from /home/airflow/.local/lib/python3.7/site-packages/airflow/example_dags/example_task_group.py
[2023-01-28T16:32:54.295+0000] {processor.py:766} INFO - DAG(s) dict_keys(['example_task_group']) retrieved from /home/airflow/.local/lib/python3.7/site-packages/airflow/example_dags/example_task_group.py
[2023-01-28T16:32:54.367+0000] {logging_mixin.py:120} INFO - [2023-01-28T16:32:54.367+0000] {dag.py:2585} INFO - Sync 1 DAGs
[2023-01-28T16:32:54.412+0000] {logging_mixin.py:120} INFO - [2023-01-28T16:32:54.412+0000] {dag.py:3340} INFO - Setting next_dagrun for example_task_group to 2023-01-27T16:32:54.411732+00:00, run_after=2023-01-28T16:32:54.411732+00:00
[2023-01-28T16:32:54.443+0000] {processor.py:176} INFO - Processing /home/airflow/.local/lib/python3.7/site-packages/airflow/example_dags/example_task_group.py took 0.192 seconds
