[2023-01-28T16:28:06.432+0000] {processor.py:154} INFO - Started process (PID=56) to work on /home/airflow/.local/lib/python3.7/site-packages/airflow/example_dags/example_local_kubernetes_executor.py
[2023-01-28T16:28:06.434+0000] {processor.py:756} INFO - Processing file /home/airflow/.local/lib/python3.7/site-packages/airflow/example_dags/example_local_kubernetes_executor.py for tasks to queue
[2023-01-28T16:28:06.437+0000] {logging_mixin.py:120} INFO - [2023-01-28T16:28:06.437+0000] {dagbag.py:537} INFO - Filling up the DagBag from /home/airflow/.local/lib/python3.7/site-packages/airflow/example_dags/example_local_kubernetes_executor.py
[2023-01-28T16:28:06.605+0000] {processor.py:766} INFO - DAG(s) dict_keys(['example_local_kubernetes_executor']) retrieved from /home/airflow/.local/lib/python3.7/site-packages/airflow/example_dags/example_local_kubernetes_executor.py
[2023-01-28T16:28:06.839+0000] {logging_mixin.py:120} INFO - [2023-01-28T16:28:06.839+0000] {manager.py:507} INFO - Created Permission View: can edit on DAG:example_local_kubernetes_executor
[2023-01-28T16:28:06.856+0000] {logging_mixin.py:120} INFO - [2023-01-28T16:28:06.856+0000] {manager.py:507} INFO - Created Permission View: can read on DAG:example_local_kubernetes_executor
[2023-01-28T16:28:06.873+0000] {logging_mixin.py:120} INFO - [2023-01-28T16:28:06.872+0000] {manager.py:507} INFO - Created Permission View: can delete on DAG:example_local_kubernetes_executor
[2023-01-28T16:28:06.874+0000] {logging_mixin.py:120} INFO - [2023-01-28T16:28:06.874+0000] {dag.py:2585} INFO - Sync 1 DAGs
[2023-01-28T16:28:06.897+0000] {logging_mixin.py:120} INFO - [2023-01-28T16:28:06.897+0000] {dag.py:2606} INFO - Creating ORM DAG for example_local_kubernetes_executor
[2023-01-28T16:28:06.915+0000] {logging_mixin.py:120} INFO - [2023-01-28T16:28:06.914+0000] {dag.py:3340} INFO - Setting next_dagrun for example_local_kubernetes_executor to None, run_after=None
[2023-01-28T16:28:06.955+0000] {processor.py:176} INFO - Processing /home/airflow/.local/lib/python3.7/site-packages/airflow/example_dags/example_local_kubernetes_executor.py took 0.531 seconds
[2023-01-28T16:28:38.417+0000] {processor.py:154} INFO - Started process (PID=110) to work on /home/airflow/.local/lib/python3.7/site-packages/airflow/example_dags/example_local_kubernetes_executor.py
[2023-01-28T16:28:38.426+0000] {processor.py:756} INFO - Processing file /home/airflow/.local/lib/python3.7/site-packages/airflow/example_dags/example_local_kubernetes_executor.py for tasks to queue
[2023-01-28T16:28:38.443+0000] {logging_mixin.py:120} INFO - [2023-01-28T16:28:38.439+0000] {dagbag.py:537} INFO - Filling up the DagBag from /home/airflow/.local/lib/python3.7/site-packages/airflow/example_dags/example_local_kubernetes_executor.py
[2023-01-28T16:28:38.819+0000] {processor.py:766} INFO - DAG(s) dict_keys(['example_local_kubernetes_executor']) retrieved from /home/airflow/.local/lib/python3.7/site-packages/airflow/example_dags/example_local_kubernetes_executor.py
[2023-01-28T16:28:39.436+0000] {logging_mixin.py:120} INFO - [2023-01-28T16:28:39.433+0000] {dag.py:2585} INFO - Sync 1 DAGs
[2023-01-28T16:28:39.577+0000] {logging_mixin.py:120} INFO - [2023-01-28T16:28:39.576+0000] {dag.py:3340} INFO - Setting next_dagrun for example_local_kubernetes_executor to None, run_after=None
[2023-01-28T16:28:39.659+0000] {processor.py:176} INFO - Processing /home/airflow/.local/lib/python3.7/site-packages/airflow/example_dags/example_local_kubernetes_executor.py took 1.257 seconds
[2023-01-28T16:31:20.628+0000] {processor.py:154} INFO - Started process (PID=56) to work on /home/airflow/.local/lib/python3.7/site-packages/airflow/example_dags/example_local_kubernetes_executor.py
[2023-01-28T16:31:20.630+0000] {processor.py:756} INFO - Processing file /home/airflow/.local/lib/python3.7/site-packages/airflow/example_dags/example_local_kubernetes_executor.py for tasks to queue
[2023-01-28T16:31:20.632+0000] {logging_mixin.py:120} INFO - [2023-01-28T16:31:20.632+0000] {dagbag.py:537} INFO - Filling up the DagBag from /home/airflow/.local/lib/python3.7/site-packages/airflow/example_dags/example_local_kubernetes_executor.py
[2023-01-28T16:31:20.674+0000] {processor.py:766} INFO - DAG(s) dict_keys(['example_local_kubernetes_executor']) retrieved from /home/airflow/.local/lib/python3.7/site-packages/airflow/example_dags/example_local_kubernetes_executor.py
[2023-01-28T16:31:20.732+0000] {logging_mixin.py:120} INFO - [2023-01-28T16:31:20.731+0000] {dag.py:2585} INFO - Sync 1 DAGs
[2023-01-28T16:31:20.773+0000] {logging_mixin.py:120} INFO - [2023-01-28T16:31:20.773+0000] {dag.py:3340} INFO - Setting next_dagrun for example_local_kubernetes_executor to None, run_after=None
[2023-01-28T16:31:20.809+0000] {processor.py:176} INFO - Processing /home/airflow/.local/lib/python3.7/site-packages/airflow/example_dags/example_local_kubernetes_executor.py took 0.185 seconds
[2023-01-28T16:31:51.377+0000] {processor.py:154} INFO - Started process (PID=110) to work on /home/airflow/.local/lib/python3.7/site-packages/airflow/example_dags/example_local_kubernetes_executor.py
[2023-01-28T16:31:51.379+0000] {processor.py:756} INFO - Processing file /home/airflow/.local/lib/python3.7/site-packages/airflow/example_dags/example_local_kubernetes_executor.py for tasks to queue
[2023-01-28T16:31:51.381+0000] {logging_mixin.py:120} INFO - [2023-01-28T16:31:51.381+0000] {dagbag.py:537} INFO - Filling up the DagBag from /home/airflow/.local/lib/python3.7/site-packages/airflow/example_dags/example_local_kubernetes_executor.py
[2023-01-28T16:31:51.417+0000] {processor.py:766} INFO - DAG(s) dict_keys(['example_local_kubernetes_executor']) retrieved from /home/airflow/.local/lib/python3.7/site-packages/airflow/example_dags/example_local_kubernetes_executor.py
[2023-01-28T16:31:51.471+0000] {logging_mixin.py:120} INFO - [2023-01-28T16:31:51.471+0000] {dag.py:2585} INFO - Sync 1 DAGs
[2023-01-28T16:31:51.513+0000] {logging_mixin.py:120} INFO - [2023-01-28T16:31:51.512+0000] {dag.py:3340} INFO - Setting next_dagrun for example_local_kubernetes_executor to None, run_after=None
[2023-01-28T16:31:51.550+0000] {processor.py:176} INFO - Processing /home/airflow/.local/lib/python3.7/site-packages/airflow/example_dags/example_local_kubernetes_executor.py took 0.177 seconds
[2023-01-28T16:32:22.083+0000] {processor.py:154} INFO - Started process (PID=174) to work on /home/airflow/.local/lib/python3.7/site-packages/airflow/example_dags/example_local_kubernetes_executor.py
[2023-01-28T16:32:22.086+0000] {processor.py:756} INFO - Processing file /home/airflow/.local/lib/python3.7/site-packages/airflow/example_dags/example_local_kubernetes_executor.py for tasks to queue
[2023-01-28T16:32:22.087+0000] {logging_mixin.py:120} INFO - [2023-01-28T16:32:22.087+0000] {dagbag.py:537} INFO - Filling up the DagBag from /home/airflow/.local/lib/python3.7/site-packages/airflow/example_dags/example_local_kubernetes_executor.py
[2023-01-28T16:32:22.111+0000] {processor.py:766} INFO - DAG(s) dict_keys(['example_local_kubernetes_executor']) retrieved from /home/airflow/.local/lib/python3.7/site-packages/airflow/example_dags/example_local_kubernetes_executor.py
[2023-01-28T16:32:22.165+0000] {logging_mixin.py:120} INFO - [2023-01-28T16:32:22.165+0000] {dag.py:2585} INFO - Sync 1 DAGs
[2023-01-28T16:32:22.199+0000] {logging_mixin.py:120} INFO - [2023-01-28T16:32:22.199+0000] {dag.py:3340} INFO - Setting next_dagrun for example_local_kubernetes_executor to None, run_after=None
[2023-01-28T16:32:22.226+0000] {processor.py:176} INFO - Processing /home/airflow/.local/lib/python3.7/site-packages/airflow/example_dags/example_local_kubernetes_executor.py took 0.146 seconds
[2023-01-28T16:32:53.750+0000] {processor.py:154} INFO - Started process (PID=237) to work on /home/airflow/.local/lib/python3.7/site-packages/airflow/example_dags/example_local_kubernetes_executor.py
[2023-01-28T16:32:53.761+0000] {processor.py:756} INFO - Processing file /home/airflow/.local/lib/python3.7/site-packages/airflow/example_dags/example_local_kubernetes_executor.py for tasks to queue
[2023-01-28T16:32:53.764+0000] {logging_mixin.py:120} INFO - [2023-01-28T16:32:53.764+0000] {dagbag.py:537} INFO - Filling up the DagBag from /home/airflow/.local/lib/python3.7/site-packages/airflow/example_dags/example_local_kubernetes_executor.py
[2023-01-28T16:32:53.805+0000] {processor.py:766} INFO - DAG(s) dict_keys(['example_local_kubernetes_executor']) retrieved from /home/airflow/.local/lib/python3.7/site-packages/airflow/example_dags/example_local_kubernetes_executor.py
[2023-01-28T16:32:53.871+0000] {logging_mixin.py:120} INFO - [2023-01-28T16:32:53.871+0000] {dag.py:2585} INFO - Sync 1 DAGs
[2023-01-28T16:32:53.925+0000] {logging_mixin.py:120} INFO - [2023-01-28T16:32:53.925+0000] {dag.py:3340} INFO - Setting next_dagrun for example_local_kubernetes_executor to None, run_after=None
[2023-01-28T16:32:53.965+0000] {processor.py:176} INFO - Processing /home/airflow/.local/lib/python3.7/site-packages/airflow/example_dags/example_local_kubernetes_executor.py took 0.223 seconds
