[2023-01-28T16:28:05.553+0000] {processor.py:154} INFO - Started process (PID=54) to work on /home/airflow/.local/lib/python3.7/site-packages/airflow/example_dags/example_xcomargs.py
[2023-01-28T16:28:05.559+0000] {processor.py:756} INFO - Processing file /home/airflow/.local/lib/python3.7/site-packages/airflow/example_dags/example_xcomargs.py for tasks to queue
[2023-01-28T16:28:05.565+0000] {logging_mixin.py:120} INFO - [2023-01-28T16:28:05.564+0000] {dagbag.py:537} INFO - Filling up the DagBag from /home/airflow/.local/lib/python3.7/site-packages/airflow/example_dags/example_xcomargs.py
[2023-01-28T16:28:05.653+0000] {processor.py:766} INFO - DAG(s) dict_keys(['example_xcom_args', 'example_xcom_args_with_operators']) retrieved from /home/airflow/.local/lib/python3.7/site-packages/airflow/example_dags/example_xcomargs.py
[2023-01-28T16:28:06.067+0000] {logging_mixin.py:120} INFO - [2023-01-28T16:28:06.067+0000] {manager.py:507} INFO - Created Permission View: can edit on DAG:example_xcom_args
[2023-01-28T16:28:06.092+0000] {logging_mixin.py:120} INFO - [2023-01-28T16:28:06.091+0000] {manager.py:507} INFO - Created Permission View: can read on DAG:example_xcom_args
[2023-01-28T16:28:06.112+0000] {logging_mixin.py:120} INFO - [2023-01-28T16:28:06.111+0000] {manager.py:507} INFO - Created Permission View: can delete on DAG:example_xcom_args
[2023-01-28T16:28:06.152+0000] {logging_mixin.py:120} INFO - [2023-01-28T16:28:06.152+0000] {manager.py:507} INFO - Created Permission View: can edit on DAG:example_xcom_args_with_operators
[2023-01-28T16:28:06.169+0000] {logging_mixin.py:120} INFO - [2023-01-28T16:28:06.169+0000] {manager.py:507} INFO - Created Permission View: can read on DAG:example_xcom_args_with_operators
[2023-01-28T16:28:06.187+0000] {logging_mixin.py:120} INFO - [2023-01-28T16:28:06.186+0000] {manager.py:507} INFO - Created Permission View: can delete on DAG:example_xcom_args_with_operators
[2023-01-28T16:28:06.189+0000] {logging_mixin.py:120} INFO - [2023-01-28T16:28:06.188+0000] {dag.py:2585} INFO - Sync 2 DAGs
[2023-01-28T16:28:06.231+0000] {logging_mixin.py:120} INFO - [2023-01-28T16:28:06.231+0000] {dag.py:2606} INFO - Creating ORM DAG for example_xcom_args_with_operators
[2023-01-28T16:28:06.234+0000] {logging_mixin.py:120} INFO - [2023-01-28T16:28:06.233+0000] {dag.py:2606} INFO - Creating ORM DAG for example_xcom_args
[2023-01-28T16:28:06.275+0000] {logging_mixin.py:120} INFO - [2023-01-28T16:28:06.275+0000] {dag.py:3340} INFO - Setting next_dagrun for example_xcom_args to None, run_after=None
[2023-01-28T16:28:06.299+0000] {logging_mixin.py:120} INFO - [2023-01-28T16:28:06.299+0000] {dag.py:3340} INFO - Setting next_dagrun for example_xcom_args_with_operators to None, run_after=None
[2023-01-28T16:28:06.368+0000] {processor.py:176} INFO - Processing /home/airflow/.local/lib/python3.7/site-packages/airflow/example_dags/example_xcomargs.py took 0.837 seconds
[2023-01-28T16:28:37.268+0000] {processor.py:154} INFO - Started process (PID=108) to work on /home/airflow/.local/lib/python3.7/site-packages/airflow/example_dags/example_xcomargs.py
[2023-01-28T16:28:37.275+0000] {processor.py:756} INFO - Processing file /home/airflow/.local/lib/python3.7/site-packages/airflow/example_dags/example_xcomargs.py for tasks to queue
[2023-01-28T16:28:37.281+0000] {logging_mixin.py:120} INFO - [2023-01-28T16:28:37.281+0000] {dagbag.py:537} INFO - Filling up the DagBag from /home/airflow/.local/lib/python3.7/site-packages/airflow/example_dags/example_xcomargs.py
[2023-01-28T16:28:37.406+0000] {processor.py:766} INFO - DAG(s) dict_keys(['example_xcom_args_with_operators', 'example_xcom_args']) retrieved from /home/airflow/.local/lib/python3.7/site-packages/airflow/example_dags/example_xcomargs.py
[2023-01-28T16:28:37.751+0000] {logging_mixin.py:120} INFO - [2023-01-28T16:28:37.747+0000] {dag.py:2585} INFO - Sync 2 DAGs
[2023-01-28T16:28:38.026+0000] {logging_mixin.py:120} INFO - [2023-01-28T16:28:38.026+0000] {dag.py:3340} INFO - Setting next_dagrun for example_xcom_args to None, run_after=None
[2023-01-28T16:28:38.098+0000] {logging_mixin.py:120} INFO - [2023-01-28T16:28:38.095+0000] {dag.py:3340} INFO - Setting next_dagrun for example_xcom_args_with_operators to None, run_after=None
[2023-01-28T16:28:38.196+0000] {processor.py:176} INFO - Processing /home/airflow/.local/lib/python3.7/site-packages/airflow/example_dags/example_xcomargs.py took 0.941 seconds
[2023-01-28T16:31:20.373+0000] {processor.py:154} INFO - Started process (PID=54) to work on /home/airflow/.local/lib/python3.7/site-packages/airflow/example_dags/example_xcomargs.py
[2023-01-28T16:31:20.376+0000] {processor.py:756} INFO - Processing file /home/airflow/.local/lib/python3.7/site-packages/airflow/example_dags/example_xcomargs.py for tasks to queue
[2023-01-28T16:31:20.377+0000] {logging_mixin.py:120} INFO - [2023-01-28T16:31:20.377+0000] {dagbag.py:537} INFO - Filling up the DagBag from /home/airflow/.local/lib/python3.7/site-packages/airflow/example_dags/example_xcomargs.py
[2023-01-28T16:31:20.427+0000] {processor.py:766} INFO - DAG(s) dict_keys(['example_xcom_args', 'example_xcom_args_with_operators']) retrieved from /home/airflow/.local/lib/python3.7/site-packages/airflow/example_dags/example_xcomargs.py
[2023-01-28T16:31:20.490+0000] {logging_mixin.py:120} INFO - [2023-01-28T16:31:20.490+0000] {dag.py:2585} INFO - Sync 2 DAGs
[2023-01-28T16:31:20.550+0000] {logging_mixin.py:120} INFO - [2023-01-28T16:31:20.550+0000] {dag.py:3340} INFO - Setting next_dagrun for example_xcom_args to None, run_after=None
[2023-01-28T16:31:20.557+0000] {logging_mixin.py:120} INFO - [2023-01-28T16:31:20.557+0000] {dag.py:3340} INFO - Setting next_dagrun for example_xcom_args_with_operators to None, run_after=None
[2023-01-28T16:31:20.588+0000] {processor.py:176} INFO - Processing /home/airflow/.local/lib/python3.7/site-packages/airflow/example_dags/example_xcomargs.py took 0.221 seconds
[2023-01-28T16:31:51.153+0000] {processor.py:154} INFO - Started process (PID=108) to work on /home/airflow/.local/lib/python3.7/site-packages/airflow/example_dags/example_xcomargs.py
[2023-01-28T16:31:51.156+0000] {processor.py:756} INFO - Processing file /home/airflow/.local/lib/python3.7/site-packages/airflow/example_dags/example_xcomargs.py for tasks to queue
[2023-01-28T16:31:51.158+0000] {logging_mixin.py:120} INFO - [2023-01-28T16:31:51.158+0000] {dagbag.py:537} INFO - Filling up the DagBag from /home/airflow/.local/lib/python3.7/site-packages/airflow/example_dags/example_xcomargs.py
[2023-01-28T16:31:51.199+0000] {processor.py:766} INFO - DAG(s) dict_keys(['example_xcom_args', 'example_xcom_args_with_operators']) retrieved from /home/airflow/.local/lib/python3.7/site-packages/airflow/example_dags/example_xcomargs.py
[2023-01-28T16:31:51.262+0000] {logging_mixin.py:120} INFO - [2023-01-28T16:31:51.262+0000] {dag.py:2585} INFO - Sync 2 DAGs
[2023-01-28T16:31:51.300+0000] {logging_mixin.py:120} INFO - [2023-01-28T16:31:51.300+0000] {dag.py:3340} INFO - Setting next_dagrun for example_xcom_args to None, run_after=None
[2023-01-28T16:31:51.307+0000] {logging_mixin.py:120} INFO - [2023-01-28T16:31:51.306+0000] {dag.py:3340} INFO - Setting next_dagrun for example_xcom_args_with_operators to None, run_after=None
[2023-01-28T16:31:51.340+0000] {processor.py:176} INFO - Processing /home/airflow/.local/lib/python3.7/site-packages/airflow/example_dags/example_xcomargs.py took 0.198 seconds
[2023-01-28T16:32:21.909+0000] {processor.py:154} INFO - Started process (PID=172) to work on /home/airflow/.local/lib/python3.7/site-packages/airflow/example_dags/example_xcomargs.py
[2023-01-28T16:32:21.910+0000] {processor.py:756} INFO - Processing file /home/airflow/.local/lib/python3.7/site-packages/airflow/example_dags/example_xcomargs.py for tasks to queue
[2023-01-28T16:32:21.912+0000] {logging_mixin.py:120} INFO - [2023-01-28T16:32:21.912+0000] {dagbag.py:537} INFO - Filling up the DagBag from /home/airflow/.local/lib/python3.7/site-packages/airflow/example_dags/example_xcomargs.py
[2023-01-28T16:32:21.939+0000] {processor.py:766} INFO - DAG(s) dict_keys(['example_xcom_args', 'example_xcom_args_with_operators']) retrieved from /home/airflow/.local/lib/python3.7/site-packages/airflow/example_dags/example_xcomargs.py
[2023-01-28T16:32:21.993+0000] {logging_mixin.py:120} INFO - [2023-01-28T16:32:21.993+0000] {dag.py:2585} INFO - Sync 2 DAGs
[2023-01-28T16:32:22.022+0000] {logging_mixin.py:120} INFO - [2023-01-28T16:32:22.022+0000] {dag.py:3340} INFO - Setting next_dagrun for example_xcom_args to None, run_after=None
[2023-01-28T16:32:22.028+0000] {logging_mixin.py:120} INFO - [2023-01-28T16:32:22.028+0000] {dag.py:3340} INFO - Setting next_dagrun for example_xcom_args_with_operators to None, run_after=None
[2023-01-28T16:32:22.054+0000] {processor.py:176} INFO - Processing /home/airflow/.local/lib/python3.7/site-packages/airflow/example_dags/example_xcomargs.py took 0.149 seconds
[2023-01-28T16:32:53.352+0000] {processor.py:154} INFO - Started process (PID=235) to work on /home/airflow/.local/lib/python3.7/site-packages/airflow/example_dags/example_xcomargs.py
[2023-01-28T16:32:53.356+0000] {processor.py:756} INFO - Processing file /home/airflow/.local/lib/python3.7/site-packages/airflow/example_dags/example_xcomargs.py for tasks to queue
[2023-01-28T16:32:53.359+0000] {logging_mixin.py:120} INFO - [2023-01-28T16:32:53.358+0000] {dagbag.py:537} INFO - Filling up the DagBag from /home/airflow/.local/lib/python3.7/site-packages/airflow/example_dags/example_xcomargs.py
[2023-01-28T16:32:53.437+0000] {processor.py:766} INFO - DAG(s) dict_keys(['example_xcom_args_with_operators', 'example_xcom_args']) retrieved from /home/airflow/.local/lib/python3.7/site-packages/airflow/example_dags/example_xcomargs.py
[2023-01-28T16:32:53.550+0000] {logging_mixin.py:120} INFO - [2023-01-28T16:32:53.550+0000] {dag.py:2585} INFO - Sync 2 DAGs
[2023-01-28T16:32:53.622+0000] {logging_mixin.py:120} INFO - [2023-01-28T16:32:53.622+0000] {dag.py:3340} INFO - Setting next_dagrun for example_xcom_args to None, run_after=None
[2023-01-28T16:32:53.635+0000] {logging_mixin.py:120} INFO - [2023-01-28T16:32:53.635+0000] {dag.py:3340} INFO - Setting next_dagrun for example_xcom_args_with_operators to None, run_after=None
[2023-01-28T16:32:53.688+0000] {processor.py:176} INFO - Processing /home/airflow/.local/lib/python3.7/site-packages/airflow/example_dags/example_xcomargs.py took 0.345 seconds
