[2023-01-28T16:28:06.330+0000] {processor.py:154} INFO - Started process (PID=55) to work on /home/airflow/.local/lib/python3.7/site-packages/airflow/example_dags/example_short_circuit_decorator.py
[2023-01-28T16:28:06.334+0000] {processor.py:756} INFO - Processing file /home/airflow/.local/lib/python3.7/site-packages/airflow/example_dags/example_short_circuit_decorator.py for tasks to queue
[2023-01-28T16:28:06.338+0000] {logging_mixin.py:120} INFO - [2023-01-28T16:28:06.337+0000] {dagbag.py:537} INFO - Filling up the DagBag from /home/airflow/.local/lib/python3.7/site-packages/airflow/example_dags/example_short_circuit_decorator.py
[2023-01-28T16:28:06.447+0000] {processor.py:766} INFO - DAG(s) dict_keys(['example_short_circuit_decorator']) retrieved from /home/airflow/.local/lib/python3.7/site-packages/airflow/example_dags/example_short_circuit_decorator.py
[2023-01-28T16:28:06.805+0000] {logging_mixin.py:120} INFO - [2023-01-28T16:28:06.804+0000] {manager.py:507} INFO - Created Permission View: can edit on DAG:example_short_circuit_decorator
[2023-01-28T16:28:06.822+0000] {logging_mixin.py:120} INFO - [2023-01-28T16:28:06.822+0000] {manager.py:507} INFO - Created Permission View: can read on DAG:example_short_circuit_decorator
[2023-01-28T16:28:06.833+0000] {logging_mixin.py:120} INFO - [2023-01-28T16:28:06.833+0000] {manager.py:507} INFO - Created Permission View: can delete on DAG:example_short_circuit_decorator
[2023-01-28T16:28:06.834+0000] {logging_mixin.py:120} INFO - [2023-01-28T16:28:06.834+0000] {dag.py:2585} INFO - Sync 1 DAGs
[2023-01-28T16:28:06.867+0000] {logging_mixin.py:120} INFO - [2023-01-28T16:28:06.867+0000] {dag.py:2606} INFO - Creating ORM DAG for example_short_circuit_decorator
[2023-01-28T16:28:06.887+0000] {logging_mixin.py:120} INFO - [2023-01-28T16:28:06.887+0000] {dag.py:3340} INFO - Setting next_dagrun for example_short_circuit_decorator to 2023-01-27T16:28:06.886703+00:00, run_after=2023-01-28T16:28:06.886703+00:00
[2023-01-28T16:28:06.919+0000] {processor.py:176} INFO - Processing /home/airflow/.local/lib/python3.7/site-packages/airflow/example_dags/example_short_circuit_decorator.py took 0.603 seconds
[2023-01-28T16:28:38.320+0000] {processor.py:154} INFO - Started process (PID=109) to work on /home/airflow/.local/lib/python3.7/site-packages/airflow/example_dags/example_short_circuit_decorator.py
[2023-01-28T16:28:38.349+0000] {processor.py:756} INFO - Processing file /home/airflow/.local/lib/python3.7/site-packages/airflow/example_dags/example_short_circuit_decorator.py for tasks to queue
[2023-01-28T16:28:38.371+0000] {logging_mixin.py:120} INFO - [2023-01-28T16:28:38.370+0000] {dagbag.py:537} INFO - Filling up the DagBag from /home/airflow/.local/lib/python3.7/site-packages/airflow/example_dags/example_short_circuit_decorator.py
[2023-01-28T16:28:38.607+0000] {processor.py:766} INFO - DAG(s) dict_keys(['example_short_circuit_decorator']) retrieved from /home/airflow/.local/lib/python3.7/site-packages/airflow/example_dags/example_short_circuit_decorator.py
[2023-01-28T16:28:38.977+0000] {logging_mixin.py:120} INFO - [2023-01-28T16:28:38.977+0000] {dag.py:2585} INFO - Sync 1 DAGs
[2023-01-28T16:28:39.483+0000] {logging_mixin.py:120} INFO - [2023-01-28T16:28:39.482+0000] {dag.py:3340} INFO - Setting next_dagrun for example_short_circuit_decorator to 2023-01-27T16:28:39.482232+00:00, run_after=2023-01-28T16:28:39.482232+00:00
[2023-01-28T16:28:39.580+0000] {processor.py:176} INFO - Processing /home/airflow/.local/lib/python3.7/site-packages/airflow/example_dags/example_short_circuit_decorator.py took 1.344 seconds
[2023-01-28T16:31:20.588+0000] {processor.py:154} INFO - Started process (PID=55) to work on /home/airflow/.local/lib/python3.7/site-packages/airflow/example_dags/example_short_circuit_decorator.py
[2023-01-28T16:31:20.593+0000] {processor.py:756} INFO - Processing file /home/airflow/.local/lib/python3.7/site-packages/airflow/example_dags/example_short_circuit_decorator.py for tasks to queue
[2023-01-28T16:31:20.599+0000] {logging_mixin.py:120} INFO - [2023-01-28T16:31:20.598+0000] {dagbag.py:537} INFO - Filling up the DagBag from /home/airflow/.local/lib/python3.7/site-packages/airflow/example_dags/example_short_circuit_decorator.py
[2023-01-28T16:31:20.661+0000] {processor.py:766} INFO - DAG(s) dict_keys(['example_short_circuit_decorator']) retrieved from /home/airflow/.local/lib/python3.7/site-packages/airflow/example_dags/example_short_circuit_decorator.py
[2023-01-28T16:31:20.713+0000] {logging_mixin.py:120} INFO - [2023-01-28T16:31:20.712+0000] {dag.py:2585} INFO - Sync 1 DAGs
[2023-01-28T16:31:20.756+0000] {logging_mixin.py:120} INFO - [2023-01-28T16:31:20.755+0000] {dag.py:3340} INFO - Setting next_dagrun for example_short_circuit_decorator to 2023-01-27T16:31:20.755496+00:00, run_after=2023-01-28T16:31:20.755496+00:00
[2023-01-28T16:31:20.786+0000] {processor.py:176} INFO - Processing /home/airflow/.local/lib/python3.7/site-packages/airflow/example_dags/example_short_circuit_decorator.py took 0.204 seconds
[2023-01-28T16:31:51.341+0000] {processor.py:154} INFO - Started process (PID=109) to work on /home/airflow/.local/lib/python3.7/site-packages/airflow/example_dags/example_short_circuit_decorator.py
[2023-01-28T16:31:51.343+0000] {processor.py:756} INFO - Processing file /home/airflow/.local/lib/python3.7/site-packages/airflow/example_dags/example_short_circuit_decorator.py for tasks to queue
[2023-01-28T16:31:51.345+0000] {logging_mixin.py:120} INFO - [2023-01-28T16:31:51.345+0000] {dagbag.py:537} INFO - Filling up the DagBag from /home/airflow/.local/lib/python3.7/site-packages/airflow/example_dags/example_short_circuit_decorator.py
[2023-01-28T16:31:51.388+0000] {processor.py:766} INFO - DAG(s) dict_keys(['example_short_circuit_decorator']) retrieved from /home/airflow/.local/lib/python3.7/site-packages/airflow/example_dags/example_short_circuit_decorator.py
[2023-01-28T16:31:51.445+0000] {logging_mixin.py:120} INFO - [2023-01-28T16:31:51.445+0000] {dag.py:2585} INFO - Sync 1 DAGs
[2023-01-28T16:31:51.482+0000] {logging_mixin.py:120} INFO - [2023-01-28T16:31:51.481+0000] {dag.py:3340} INFO - Setting next_dagrun for example_short_circuit_decorator to 2023-01-27T16:31:51.481510+00:00, run_after=2023-01-28T16:31:51.481510+00:00
[2023-01-28T16:31:51.522+0000] {processor.py:176} INFO - Processing /home/airflow/.local/lib/python3.7/site-packages/airflow/example_dags/example_short_circuit_decorator.py took 0.187 seconds
[2023-01-28T16:32:21.916+0000] {processor.py:154} INFO - Started process (PID=173) to work on /home/airflow/.local/lib/python3.7/site-packages/airflow/example_dags/example_short_circuit_decorator.py
[2023-01-28T16:32:21.917+0000] {processor.py:756} INFO - Processing file /home/airflow/.local/lib/python3.7/site-packages/airflow/example_dags/example_short_circuit_decorator.py for tasks to queue
[2023-01-28T16:32:21.919+0000] {logging_mixin.py:120} INFO - [2023-01-28T16:32:21.918+0000] {dagbag.py:537} INFO - Filling up the DagBag from /home/airflow/.local/lib/python3.7/site-packages/airflow/example_dags/example_short_circuit_decorator.py
[2023-01-28T16:32:21.949+0000] {processor.py:766} INFO - DAG(s) dict_keys(['example_short_circuit_decorator']) retrieved from /home/airflow/.local/lib/python3.7/site-packages/airflow/example_dags/example_short_circuit_decorator.py
[2023-01-28T16:32:21.999+0000] {logging_mixin.py:120} INFO - [2023-01-28T16:32:21.999+0000] {dag.py:2585} INFO - Sync 1 DAGs
[2023-01-28T16:32:22.030+0000] {logging_mixin.py:120} INFO - [2023-01-28T16:32:22.030+0000] {dag.py:3340} INFO - Setting next_dagrun for example_short_circuit_decorator to 2023-01-27T16:32:22.030019+00:00, run_after=2023-01-28T16:32:22.030019+00:00
[2023-01-28T16:32:22.057+0000] {processor.py:176} INFO - Processing /home/airflow/.local/lib/python3.7/site-packages/airflow/example_dags/example_short_circuit_decorator.py took 0.146 seconds
[2023-01-28T16:32:53.395+0000] {processor.py:154} INFO - Started process (PID=236) to work on /home/airflow/.local/lib/python3.7/site-packages/airflow/example_dags/example_short_circuit_decorator.py
[2023-01-28T16:32:53.411+0000] {processor.py:756} INFO - Processing file /home/airflow/.local/lib/python3.7/site-packages/airflow/example_dags/example_short_circuit_decorator.py for tasks to queue
[2023-01-28T16:32:53.414+0000] {logging_mixin.py:120} INFO - [2023-01-28T16:32:53.414+0000] {dagbag.py:537} INFO - Filling up the DagBag from /home/airflow/.local/lib/python3.7/site-packages/airflow/example_dags/example_short_circuit_decorator.py
[2023-01-28T16:32:53.473+0000] {processor.py:766} INFO - DAG(s) dict_keys(['example_short_circuit_decorator']) retrieved from /home/airflow/.local/lib/python3.7/site-packages/airflow/example_dags/example_short_circuit_decorator.py
[2023-01-28T16:32:53.599+0000] {logging_mixin.py:120} INFO - [2023-01-28T16:32:53.599+0000] {dag.py:2585} INFO - Sync 1 DAGs
[2023-01-28T16:32:53.664+0000] {logging_mixin.py:120} INFO - [2023-01-28T16:32:53.664+0000] {dag.py:3340} INFO - Setting next_dagrun for example_short_circuit_decorator to 2023-01-27T16:32:53.663644+00:00, run_after=2023-01-28T16:32:53.663644+00:00
[2023-01-28T16:32:53.726+0000] {processor.py:176} INFO - Processing /home/airflow/.local/lib/python3.7/site-packages/airflow/example_dags/example_short_circuit_decorator.py took 0.340 seconds
