[2023-01-28T16:28:05.165+0000] {processor.py:154} INFO - Started process (PID=53) to work on /home/airflow/.local/lib/python3.7/site-packages/airflow/example_dags/example_short_circuit_operator.py
[2023-01-28T16:28:05.168+0000] {processor.py:756} INFO - Processing file /home/airflow/.local/lib/python3.7/site-packages/airflow/example_dags/example_short_circuit_operator.py for tasks to queue
[2023-01-28T16:28:05.170+0000] {logging_mixin.py:120} INFO - [2023-01-28T16:28:05.170+0000] {dagbag.py:537} INFO - Filling up the DagBag from /home/airflow/.local/lib/python3.7/site-packages/airflow/example_dags/example_short_circuit_operator.py
[2023-01-28T16:28:05.244+0000] {processor.py:766} INFO - DAG(s) dict_keys(['example_short_circuit_operator']) retrieved from /home/airflow/.local/lib/python3.7/site-packages/airflow/example_dags/example_short_circuit_operator.py
[2023-01-28T16:28:05.747+0000] {logging_mixin.py:120} INFO - [2023-01-28T16:28:05.747+0000] {manager.py:507} INFO - Created Permission View: can edit on DAG:example_short_circuit_operator
[2023-01-28T16:28:05.769+0000] {logging_mixin.py:120} INFO - [2023-01-28T16:28:05.769+0000] {manager.py:507} INFO - Created Permission View: can read on DAG:example_short_circuit_operator
[2023-01-28T16:28:05.793+0000] {logging_mixin.py:120} INFO - [2023-01-28T16:28:05.793+0000] {manager.py:507} INFO - Created Permission View: can delete on DAG:example_short_circuit_operator
[2023-01-28T16:28:05.795+0000] {logging_mixin.py:120} INFO - [2023-01-28T16:28:05.794+0000] {dag.py:2585} INFO - Sync 1 DAGs
[2023-01-28T16:28:05.842+0000] {logging_mixin.py:120} INFO - [2023-01-28T16:28:05.842+0000] {dag.py:2606} INFO - Creating ORM DAG for example_short_circuit_operator
[2023-01-28T16:28:05.887+0000] {logging_mixin.py:120} INFO - [2023-01-28T16:28:05.887+0000] {dag.py:3340} INFO - Setting next_dagrun for example_short_circuit_operator to 2023-01-27T16:28:05.886978+00:00, run_after=2023-01-28T16:28:05.886978+00:00
[2023-01-28T16:28:06.016+0000] {processor.py:176} INFO - Processing /home/airflow/.local/lib/python3.7/site-packages/airflow/example_dags/example_short_circuit_operator.py took 0.859 seconds
[2023-01-28T16:28:37.268+0000] {processor.py:154} INFO - Started process (PID=107) to work on /home/airflow/.local/lib/python3.7/site-packages/airflow/example_dags/example_short_circuit_operator.py
[2023-01-28T16:28:37.275+0000] {processor.py:756} INFO - Processing file /home/airflow/.local/lib/python3.7/site-packages/airflow/example_dags/example_short_circuit_operator.py for tasks to queue
[2023-01-28T16:28:37.281+0000] {logging_mixin.py:120} INFO - [2023-01-28T16:28:37.281+0000] {dagbag.py:537} INFO - Filling up the DagBag from /home/airflow/.local/lib/python3.7/site-packages/airflow/example_dags/example_short_circuit_operator.py
[2023-01-28T16:28:37.388+0000] {processor.py:766} INFO - DAG(s) dict_keys(['example_short_circuit_operator']) retrieved from /home/airflow/.local/lib/python3.7/site-packages/airflow/example_dags/example_short_circuit_operator.py
[2023-01-28T16:28:37.684+0000] {logging_mixin.py:120} INFO - [2023-01-28T16:28:37.683+0000] {dag.py:2585} INFO - Sync 1 DAGs
[2023-01-28T16:28:37.896+0000] {logging_mixin.py:120} INFO - [2023-01-28T16:28:37.895+0000] {dag.py:3340} INFO - Setting next_dagrun for example_short_circuit_operator to 2023-01-27T16:28:37.894305+00:00, run_after=2023-01-28T16:28:37.894305+00:00
[2023-01-28T16:28:38.119+0000] {processor.py:176} INFO - Processing /home/airflow/.local/lib/python3.7/site-packages/airflow/example_dags/example_short_circuit_operator.py took 0.869 seconds
[2023-01-28T16:31:20.344+0000] {processor.py:154} INFO - Started process (PID=53) to work on /home/airflow/.local/lib/python3.7/site-packages/airflow/example_dags/example_short_circuit_operator.py
[2023-01-28T16:31:20.346+0000] {processor.py:756} INFO - Processing file /home/airflow/.local/lib/python3.7/site-packages/airflow/example_dags/example_short_circuit_operator.py for tasks to queue
[2023-01-28T16:31:20.348+0000] {logging_mixin.py:120} INFO - [2023-01-28T16:31:20.348+0000] {dagbag.py:537} INFO - Filling up the DagBag from /home/airflow/.local/lib/python3.7/site-packages/airflow/example_dags/example_short_circuit_operator.py
[2023-01-28T16:31:20.391+0000] {processor.py:766} INFO - DAG(s) dict_keys(['example_short_circuit_operator']) retrieved from /home/airflow/.local/lib/python3.7/site-packages/airflow/example_dags/example_short_circuit_operator.py
[2023-01-28T16:31:20.457+0000] {logging_mixin.py:120} INFO - [2023-01-28T16:31:20.457+0000] {dag.py:2585} INFO - Sync 1 DAGs
[2023-01-28T16:31:20.509+0000] {logging_mixin.py:120} INFO - [2023-01-28T16:31:20.509+0000] {dag.py:3340} INFO - Setting next_dagrun for example_short_circuit_operator to 2023-01-27T16:31:20.509052+00:00, run_after=2023-01-28T16:31:20.509052+00:00
[2023-01-28T16:31:20.546+0000] {processor.py:176} INFO - Processing /home/airflow/.local/lib/python3.7/site-packages/airflow/example_dags/example_short_circuit_operator.py took 0.207 seconds
[2023-01-28T16:31:51.137+0000] {processor.py:154} INFO - Started process (PID=107) to work on /home/airflow/.local/lib/python3.7/site-packages/airflow/example_dags/example_short_circuit_operator.py
[2023-01-28T16:31:51.140+0000] {processor.py:756} INFO - Processing file /home/airflow/.local/lib/python3.7/site-packages/airflow/example_dags/example_short_circuit_operator.py for tasks to queue
[2023-01-28T16:31:51.142+0000] {logging_mixin.py:120} INFO - [2023-01-28T16:31:51.142+0000] {dagbag.py:537} INFO - Filling up the DagBag from /home/airflow/.local/lib/python3.7/site-packages/airflow/example_dags/example_short_circuit_operator.py
[2023-01-28T16:31:51.179+0000] {processor.py:766} INFO - DAG(s) dict_keys(['example_short_circuit_operator']) retrieved from /home/airflow/.local/lib/python3.7/site-packages/airflow/example_dags/example_short_circuit_operator.py
[2023-01-28T16:31:51.236+0000] {logging_mixin.py:120} INFO - [2023-01-28T16:31:51.236+0000] {dag.py:2585} INFO - Sync 1 DAGs
[2023-01-28T16:31:51.275+0000] {logging_mixin.py:120} INFO - [2023-01-28T16:31:51.275+0000] {dag.py:3340} INFO - Setting next_dagrun for example_short_circuit_operator to 2023-01-27T16:31:51.275331+00:00, run_after=2023-01-28T16:31:51.275331+00:00
[2023-01-28T16:31:51.303+0000] {processor.py:176} INFO - Processing /home/airflow/.local/lib/python3.7/site-packages/airflow/example_dags/example_short_circuit_operator.py took 0.172 seconds
[2023-01-28T16:32:21.722+0000] {processor.py:154} INFO - Started process (PID=171) to work on /home/airflow/.local/lib/python3.7/site-packages/airflow/example_dags/example_short_circuit_operator.py
[2023-01-28T16:32:21.724+0000] {processor.py:756} INFO - Processing file /home/airflow/.local/lib/python3.7/site-packages/airflow/example_dags/example_short_circuit_operator.py for tasks to queue
[2023-01-28T16:32:21.725+0000] {logging_mixin.py:120} INFO - [2023-01-28T16:32:21.725+0000] {dagbag.py:537} INFO - Filling up the DagBag from /home/airflow/.local/lib/python3.7/site-packages/airflow/example_dags/example_short_circuit_operator.py
[2023-01-28T16:32:21.752+0000] {processor.py:766} INFO - DAG(s) dict_keys(['example_short_circuit_operator']) retrieved from /home/airflow/.local/lib/python3.7/site-packages/airflow/example_dags/example_short_circuit_operator.py
[2023-01-28T16:32:21.823+0000] {logging_mixin.py:120} INFO - [2023-01-28T16:32:21.823+0000] {dag.py:2585} INFO - Sync 1 DAGs
[2023-01-28T16:32:21.855+0000] {logging_mixin.py:120} INFO - [2023-01-28T16:32:21.855+0000] {dag.py:3340} INFO - Setting next_dagrun for example_short_circuit_operator to 2023-01-27T16:32:21.855067+00:00, run_after=2023-01-28T16:32:21.855067+00:00
[2023-01-28T16:32:21.879+0000] {processor.py:176} INFO - Processing /home/airflow/.local/lib/python3.7/site-packages/airflow/example_dags/example_short_circuit_operator.py took 0.161 seconds
[2023-01-28T16:32:53.112+0000] {processor.py:154} INFO - Started process (PID=234) to work on /home/airflow/.local/lib/python3.7/site-packages/airflow/example_dags/example_short_circuit_operator.py
[2023-01-28T16:32:53.115+0000] {processor.py:756} INFO - Processing file /home/airflow/.local/lib/python3.7/site-packages/airflow/example_dags/example_short_circuit_operator.py for tasks to queue
[2023-01-28T16:32:53.117+0000] {logging_mixin.py:120} INFO - [2023-01-28T16:32:53.117+0000] {dagbag.py:537} INFO - Filling up the DagBag from /home/airflow/.local/lib/python3.7/site-packages/airflow/example_dags/example_short_circuit_operator.py
[2023-01-28T16:32:53.143+0000] {processor.py:766} INFO - DAG(s) dict_keys(['example_short_circuit_operator']) retrieved from /home/airflow/.local/lib/python3.7/site-packages/airflow/example_dags/example_short_circuit_operator.py
[2023-01-28T16:32:53.221+0000] {logging_mixin.py:120} INFO - [2023-01-28T16:32:53.221+0000] {dag.py:2585} INFO - Sync 1 DAGs
[2023-01-28T16:32:53.273+0000] {logging_mixin.py:120} INFO - [2023-01-28T16:32:53.273+0000] {dag.py:3340} INFO - Setting next_dagrun for example_short_circuit_operator to 2023-01-27T16:32:53.273389+00:00, run_after=2023-01-28T16:32:53.273389+00:00
[2023-01-28T16:32:53.326+0000] {processor.py:176} INFO - Processing /home/airflow/.local/lib/python3.7/site-packages/airflow/example_dags/example_short_circuit_operator.py took 0.218 seconds
