[2023-01-28T16:28:17.370+0000] {processor.py:154} INFO - Started process (PID=77) to work on /home/airflow/.local/lib/python3.7/site-packages/airflow/example_dags/example_xcom.py
[2023-01-28T16:28:17.372+0000] {processor.py:756} INFO - Processing file /home/airflow/.local/lib/python3.7/site-packages/airflow/example_dags/example_xcom.py for tasks to queue
[2023-01-28T16:28:17.375+0000] {logging_mixin.py:120} INFO - [2023-01-28T16:28:17.375+0000] {dagbag.py:537} INFO - Filling up the DagBag from /home/airflow/.local/lib/python3.7/site-packages/airflow/example_dags/example_xcom.py
[2023-01-28T16:28:17.452+0000] {processor.py:766} INFO - DAG(s) dict_keys(['example_xcom']) retrieved from /home/airflow/.local/lib/python3.7/site-packages/airflow/example_dags/example_xcom.py
[2023-01-28T16:28:17.809+0000] {logging_mixin.py:120} INFO - [2023-01-28T16:28:17.809+0000] {manager.py:507} INFO - Created Permission View: can edit on DAG:example_xcom
[2023-01-28T16:28:17.832+0000] {logging_mixin.py:120} INFO - [2023-01-28T16:28:17.832+0000] {manager.py:507} INFO - Created Permission View: can read on DAG:example_xcom
[2023-01-28T16:28:17.855+0000] {logging_mixin.py:120} INFO - [2023-01-28T16:28:17.855+0000] {manager.py:507} INFO - Created Permission View: can delete on DAG:example_xcom
[2023-01-28T16:28:17.860+0000] {logging_mixin.py:120} INFO - [2023-01-28T16:28:17.857+0000] {dag.py:2585} INFO - Sync 1 DAGs
[2023-01-28T16:28:17.902+0000] {logging_mixin.py:120} INFO - [2023-01-28T16:28:17.902+0000] {dag.py:2606} INFO - Creating ORM DAG for example_xcom
[2023-01-28T16:28:17.937+0000] {logging_mixin.py:120} INFO - [2023-01-28T16:28:17.935+0000] {dag.py:3340} INFO - Setting next_dagrun for example_xcom to 2021-01-01T00:00:00+00:00, run_after=2021-01-01T00:00:00+00:00
[2023-01-28T16:28:18.010+0000] {processor.py:176} INFO - Processing /home/airflow/.local/lib/python3.7/site-packages/airflow/example_dags/example_xcom.py took 0.648 seconds
[2023-01-28T16:31:22.134+0000] {processor.py:154} INFO - Started process (PID=68) to work on /home/airflow/.local/lib/python3.7/site-packages/airflow/example_dags/example_xcom.py
[2023-01-28T16:31:22.137+0000] {processor.py:756} INFO - Processing file /home/airflow/.local/lib/python3.7/site-packages/airflow/example_dags/example_xcom.py for tasks to queue
[2023-01-28T16:31:22.138+0000] {logging_mixin.py:120} INFO - [2023-01-28T16:31:22.138+0000] {dagbag.py:537} INFO - Filling up the DagBag from /home/airflow/.local/lib/python3.7/site-packages/airflow/example_dags/example_xcom.py
[2023-01-28T16:31:22.182+0000] {processor.py:766} INFO - DAG(s) dict_keys(['example_xcom']) retrieved from /home/airflow/.local/lib/python3.7/site-packages/airflow/example_dags/example_xcom.py
[2023-01-28T16:31:22.234+0000] {logging_mixin.py:120} INFO - [2023-01-28T16:31:22.234+0000] {dag.py:2585} INFO - Sync 1 DAGs
[2023-01-28T16:31:22.301+0000] {logging_mixin.py:120} INFO - [2023-01-28T16:31:22.300+0000] {dag.py:3340} INFO - Setting next_dagrun for example_xcom to 2021-01-01T00:00:00+00:00, run_after=2021-01-01T00:00:00+00:00
[2023-01-28T16:31:22.348+0000] {processor.py:176} INFO - Processing /home/airflow/.local/lib/python3.7/site-packages/airflow/example_dags/example_xcom.py took 0.219 seconds
[2023-01-28T16:31:53.146+0000] {processor.py:154} INFO - Started process (PID=131) to work on /home/airflow/.local/lib/python3.7/site-packages/airflow/example_dags/example_xcom.py
[2023-01-28T16:31:53.148+0000] {processor.py:756} INFO - Processing file /home/airflow/.local/lib/python3.7/site-packages/airflow/example_dags/example_xcom.py for tasks to queue
[2023-01-28T16:31:53.150+0000] {logging_mixin.py:120} INFO - [2023-01-28T16:31:53.150+0000] {dagbag.py:537} INFO - Filling up the DagBag from /home/airflow/.local/lib/python3.7/site-packages/airflow/example_dags/example_xcom.py
[2023-01-28T16:31:53.184+0000] {processor.py:766} INFO - DAG(s) dict_keys(['example_xcom']) retrieved from /home/airflow/.local/lib/python3.7/site-packages/airflow/example_dags/example_xcom.py
[2023-01-28T16:31:53.260+0000] {logging_mixin.py:120} INFO - [2023-01-28T16:31:53.260+0000] {dag.py:2585} INFO - Sync 1 DAGs
[2023-01-28T16:31:53.301+0000] {logging_mixin.py:120} INFO - [2023-01-28T16:31:53.301+0000] {dag.py:3340} INFO - Setting next_dagrun for example_xcom to 2021-01-01T00:00:00+00:00, run_after=2021-01-01T00:00:00+00:00
[2023-01-28T16:31:53.338+0000] {processor.py:176} INFO - Processing /home/airflow/.local/lib/python3.7/site-packages/airflow/example_dags/example_xcom.py took 0.197 seconds
[2023-01-28T16:32:23.461+0000] {processor.py:154} INFO - Started process (PID=186) to work on /home/airflow/.local/lib/python3.7/site-packages/airflow/example_dags/example_xcom.py
[2023-01-28T16:32:23.463+0000] {processor.py:756} INFO - Processing file /home/airflow/.local/lib/python3.7/site-packages/airflow/example_dags/example_xcom.py for tasks to queue
[2023-01-28T16:32:23.465+0000] {logging_mixin.py:120} INFO - [2023-01-28T16:32:23.465+0000] {dagbag.py:537} INFO - Filling up the DagBag from /home/airflow/.local/lib/python3.7/site-packages/airflow/example_dags/example_xcom.py
[2023-01-28T16:32:23.498+0000] {processor.py:766} INFO - DAG(s) dict_keys(['example_xcom']) retrieved from /home/airflow/.local/lib/python3.7/site-packages/airflow/example_dags/example_xcom.py
[2023-01-28T16:32:23.598+0000] {logging_mixin.py:120} INFO - [2023-01-28T16:32:23.598+0000] {dag.py:2585} INFO - Sync 1 DAGs
[2023-01-28T16:32:23.682+0000] {logging_mixin.py:120} INFO - [2023-01-28T16:32:23.682+0000] {dag.py:3340} INFO - Setting next_dagrun for example_xcom to 2021-01-01T00:00:00+00:00, run_after=2021-01-01T00:00:00+00:00
[2023-01-28T16:32:23.743+0000] {processor.py:176} INFO - Processing /home/airflow/.local/lib/python3.7/site-packages/airflow/example_dags/example_xcom.py took 0.287 seconds
[2023-01-28T16:32:55.349+0000] {processor.py:154} INFO - Started process (PID=249) to work on /home/airflow/.local/lib/python3.7/site-packages/airflow/example_dags/example_xcom.py
[2023-01-28T16:32:55.351+0000] {processor.py:756} INFO - Processing file /home/airflow/.local/lib/python3.7/site-packages/airflow/example_dags/example_xcom.py for tasks to queue
[2023-01-28T16:32:55.360+0000] {logging_mixin.py:120} INFO - [2023-01-28T16:32:55.360+0000] {dagbag.py:537} INFO - Filling up the DagBag from /home/airflow/.local/lib/python3.7/site-packages/airflow/example_dags/example_xcom.py
[2023-01-28T16:32:55.393+0000] {processor.py:766} INFO - DAG(s) dict_keys(['example_xcom']) retrieved from /home/airflow/.local/lib/python3.7/site-packages/airflow/example_dags/example_xcom.py
[2023-01-28T16:32:55.452+0000] {logging_mixin.py:120} INFO - [2023-01-28T16:32:55.452+0000] {dag.py:2585} INFO - Sync 1 DAGs
[2023-01-28T16:32:55.488+0000] {logging_mixin.py:120} INFO - [2023-01-28T16:32:55.487+0000] {dag.py:3340} INFO - Setting next_dagrun for example_xcom to 2021-01-01T00:00:00+00:00, run_after=2021-01-01T00:00:00+00:00
[2023-01-28T16:32:55.515+0000] {processor.py:176} INFO - Processing /home/airflow/.local/lib/python3.7/site-packages/airflow/example_dags/example_xcom.py took 0.171 seconds
