[2023-01-28T16:28:00.458+0000] {processor.py:154} INFO - Started process (PID=45) to work on /home/airflow/.local/lib/python3.7/site-packages/airflow/example_dags/example_subdag_operator.py
[2023-01-28T16:28:00.464+0000] {processor.py:756} INFO - Processing file /home/airflow/.local/lib/python3.7/site-packages/airflow/example_dags/example_subdag_operator.py for tasks to queue
[2023-01-28T16:28:00.467+0000] {logging_mixin.py:120} INFO - [2023-01-28T16:28:00.467+0000] {dagbag.py:537} INFO - Filling up the DagBag from /home/airflow/.local/lib/python3.7/site-packages/airflow/example_dags/example_subdag_operator.py
[2023-01-28T16:28:00.562+0000] {processor.py:766} INFO - DAG(s) dict_keys(['example_subdag_operator.section-1', 'example_subdag_operator.section-2', 'example_subdag_operator']) retrieved from /home/airflow/.local/lib/python3.7/site-packages/airflow/example_dags/example_subdag_operator.py
[2023-01-28T16:28:01.043+0000] {logging_mixin.py:120} INFO - [2023-01-28T16:28:01.043+0000] {manager.py:507} INFO - Created Permission View: can edit on DAG:example_subdag_operator
[2023-01-28T16:28:01.054+0000] {logging_mixin.py:120} INFO - [2023-01-28T16:28:01.054+0000] {manager.py:507} INFO - Created Permission View: can read on DAG:example_subdag_operator
[2023-01-28T16:28:01.066+0000] {logging_mixin.py:120} INFO - [2023-01-28T16:28:01.065+0000] {manager.py:507} INFO - Created Permission View: can delete on DAG:example_subdag_operator
[2023-01-28T16:28:01.069+0000] {logging_mixin.py:120} INFO - [2023-01-28T16:28:01.068+0000] {dag.py:2585} INFO - Sync 3 DAGs
[2023-01-28T16:28:01.104+0000] {logging_mixin.py:120} INFO - [2023-01-28T16:28:01.103+0000] {dag.py:2606} INFO - Creating ORM DAG for example_subdag_operator
[2023-01-28T16:28:01.105+0000] {logging_mixin.py:120} INFO - [2023-01-28T16:28:01.105+0000] {dag.py:2606} INFO - Creating ORM DAG for example_subdag_operator.section-1
[2023-01-28T16:28:01.108+0000] {logging_mixin.py:120} INFO - [2023-01-28T16:28:01.107+0000] {dag.py:2606} INFO - Creating ORM DAG for example_subdag_operator.section-2
[2023-01-28T16:28:01.140+0000] {logging_mixin.py:120} INFO - [2023-01-28T16:28:01.140+0000] {dag.py:3340} INFO - Setting next_dagrun for example_subdag_operator to 2022-01-01T00:00:00+00:00, run_after=2022-01-01T00:00:00+00:00
[2023-01-28T16:28:01.144+0000] {logging_mixin.py:120} INFO - [2023-01-28T16:28:01.144+0000] {dag.py:3340} INFO - Setting next_dagrun for example_subdag_operator.section-1 to None, run_after=None
[2023-01-28T16:28:01.145+0000] {logging_mixin.py:120} INFO - [2023-01-28T16:28:01.145+0000] {dag.py:3340} INFO - Setting next_dagrun for example_subdag_operator.section-2 to None, run_after=None
[2023-01-28T16:28:01.171+0000] {logging_mixin.py:120} INFO - [2023-01-28T16:28:01.170+0000] {dag.py:2585} INFO - Sync 2 DAGs
[2023-01-28T16:28:01.189+0000] {logging_mixin.py:120} INFO - [2023-01-28T16:28:01.189+0000] {dag.py:3340} INFO - Setting next_dagrun for example_subdag_operator.section-1 to None, run_after=None
[2023-01-28T16:28:01.196+0000] {logging_mixin.py:120} INFO - [2023-01-28T16:28:01.196+0000] {dag.py:3340} INFO - Setting next_dagrun for example_subdag_operator.section-2 to None, run_after=None
[2023-01-28T16:28:01.234+0000] {processor.py:176} INFO - Processing /home/airflow/.local/lib/python3.7/site-packages/airflow/example_dags/example_subdag_operator.py took 0.785 seconds
[2023-01-28T16:28:31.611+0000] {processor.py:154} INFO - Started process (PID=99) to work on /home/airflow/.local/lib/python3.7/site-packages/airflow/example_dags/example_subdag_operator.py
[2023-01-28T16:28:31.623+0000] {processor.py:756} INFO - Processing file /home/airflow/.local/lib/python3.7/site-packages/airflow/example_dags/example_subdag_operator.py for tasks to queue
[2023-01-28T16:28:31.629+0000] {logging_mixin.py:120} INFO - [2023-01-28T16:28:31.629+0000] {dagbag.py:537} INFO - Filling up the DagBag from /home/airflow/.local/lib/python3.7/site-packages/airflow/example_dags/example_subdag_operator.py
[2023-01-28T16:28:31.838+0000] {processor.py:766} INFO - DAG(s) dict_keys(['example_subdag_operator.section-1', 'example_subdag_operator.section-2', 'example_subdag_operator']) retrieved from /home/airflow/.local/lib/python3.7/site-packages/airflow/example_dags/example_subdag_operator.py
[2023-01-28T16:28:32.771+0000] {logging_mixin.py:120} INFO - [2023-01-28T16:28:32.770+0000] {dag.py:2585} INFO - Sync 3 DAGs
[2023-01-28T16:28:32.924+0000] {logging_mixin.py:120} INFO - [2023-01-28T16:28:32.922+0000] {dag.py:3340} INFO - Setting next_dagrun for example_subdag_operator to 2022-01-01T00:00:00+00:00, run_after=2022-01-01T00:00:00+00:00
[2023-01-28T16:28:32.937+0000] {logging_mixin.py:120} INFO - [2023-01-28T16:28:32.937+0000] {dag.py:3340} INFO - Setting next_dagrun for example_subdag_operator.section-1 to None, run_after=None
[2023-01-28T16:28:32.947+0000] {logging_mixin.py:120} INFO - [2023-01-28T16:28:32.947+0000] {dag.py:3340} INFO - Setting next_dagrun for example_subdag_operator.section-2 to None, run_after=None
[2023-01-28T16:28:32.985+0000] {logging_mixin.py:120} INFO - [2023-01-28T16:28:32.985+0000] {dag.py:2585} INFO - Sync 2 DAGs
[2023-01-28T16:28:33.016+0000] {logging_mixin.py:120} INFO - [2023-01-28T16:28:33.015+0000] {dag.py:3340} INFO - Setting next_dagrun for example_subdag_operator.section-1 to None, run_after=None
[2023-01-28T16:28:33.053+0000] {logging_mixin.py:120} INFO - [2023-01-28T16:28:33.045+0000] {dag.py:3340} INFO - Setting next_dagrun for example_subdag_operator.section-2 to None, run_after=None
[2023-01-28T16:28:33.103+0000] {processor.py:176} INFO - Processing /home/airflow/.local/lib/python3.7/site-packages/airflow/example_dags/example_subdag_operator.py took 1.503 seconds
[2023-01-28T16:31:19.116+0000] {processor.py:154} INFO - Started process (PID=45) to work on /home/airflow/.local/lib/python3.7/site-packages/airflow/example_dags/example_subdag_operator.py
[2023-01-28T16:31:19.119+0000] {processor.py:756} INFO - Processing file /home/airflow/.local/lib/python3.7/site-packages/airflow/example_dags/example_subdag_operator.py for tasks to queue
[2023-01-28T16:31:19.122+0000] {logging_mixin.py:120} INFO - [2023-01-28T16:31:19.121+0000] {dagbag.py:537} INFO - Filling up the DagBag from /home/airflow/.local/lib/python3.7/site-packages/airflow/example_dags/example_subdag_operator.py
[2023-01-28T16:31:19.204+0000] {processor.py:766} INFO - DAG(s) dict_keys(['example_subdag_operator.section-1', 'example_subdag_operator.section-2', 'example_subdag_operator']) retrieved from /home/airflow/.local/lib/python3.7/site-packages/airflow/example_dags/example_subdag_operator.py
[2023-01-28T16:31:19.229+0000] {logging_mixin.py:120} INFO - [2023-01-28T16:31:19.229+0000] {dag.py:2585} INFO - Sync 3 DAGs
[2023-01-28T16:31:19.265+0000] {logging_mixin.py:120} INFO - [2023-01-28T16:31:19.265+0000] {dag.py:3340} INFO - Setting next_dagrun for example_subdag_operator to 2022-01-01T00:00:00+00:00, run_after=2022-01-01T00:00:00+00:00
[2023-01-28T16:31:19.271+0000] {logging_mixin.py:120} INFO - [2023-01-28T16:31:19.271+0000] {dag.py:3340} INFO - Setting next_dagrun for example_subdag_operator.section-1 to None, run_after=None
[2023-01-28T16:31:19.274+0000] {logging_mixin.py:120} INFO - [2023-01-28T16:31:19.274+0000] {dag.py:3340} INFO - Setting next_dagrun for example_subdag_operator.section-2 to None, run_after=None
[2023-01-28T16:31:19.288+0000] {logging_mixin.py:120} INFO - [2023-01-28T16:31:19.287+0000] {dag.py:2585} INFO - Sync 2 DAGs
[2023-01-28T16:31:19.297+0000] {logging_mixin.py:120} INFO - [2023-01-28T16:31:19.297+0000] {dag.py:3340} INFO - Setting next_dagrun for example_subdag_operator.section-1 to None, run_after=None
[2023-01-28T16:31:19.298+0000] {logging_mixin.py:120} INFO - [2023-01-28T16:31:19.298+0000] {dag.py:3340} INFO - Setting next_dagrun for example_subdag_operator.section-2 to None, run_after=None
[2023-01-28T16:31:19.317+0000] {processor.py:176} INFO - Processing /home/airflow/.local/lib/python3.7/site-packages/airflow/example_dags/example_subdag_operator.py took 0.206 seconds
[2023-01-28T16:31:49.865+0000] {processor.py:154} INFO - Started process (PID=99) to work on /home/airflow/.local/lib/python3.7/site-packages/airflow/example_dags/example_subdag_operator.py
[2023-01-28T16:31:49.867+0000] {processor.py:756} INFO - Processing file /home/airflow/.local/lib/python3.7/site-packages/airflow/example_dags/example_subdag_operator.py for tasks to queue
[2023-01-28T16:31:49.868+0000] {logging_mixin.py:120} INFO - [2023-01-28T16:31:49.868+0000] {dagbag.py:537} INFO - Filling up the DagBag from /home/airflow/.local/lib/python3.7/site-packages/airflow/example_dags/example_subdag_operator.py
[2023-01-28T16:31:49.925+0000] {processor.py:766} INFO - DAG(s) dict_keys(['example_subdag_operator.section-1', 'example_subdag_operator.section-2', 'example_subdag_operator']) retrieved from /home/airflow/.local/lib/python3.7/site-packages/airflow/example_dags/example_subdag_operator.py
[2023-01-28T16:31:50.149+0000] {logging_mixin.py:120} INFO - [2023-01-28T16:31:50.149+0000] {dag.py:2585} INFO - Sync 3 DAGs
[2023-01-28T16:31:50.182+0000] {logging_mixin.py:120} INFO - [2023-01-28T16:31:50.181+0000] {dag.py:3340} INFO - Setting next_dagrun for example_subdag_operator to 2022-01-01T00:00:00+00:00, run_after=2022-01-01T00:00:00+00:00
[2023-01-28T16:31:50.186+0000] {logging_mixin.py:120} INFO - [2023-01-28T16:31:50.186+0000] {dag.py:3340} INFO - Setting next_dagrun for example_subdag_operator.section-1 to None, run_after=None
[2023-01-28T16:31:50.189+0000] {logging_mixin.py:120} INFO - [2023-01-28T16:31:50.189+0000] {dag.py:3340} INFO - Setting next_dagrun for example_subdag_operator.section-2 to None, run_after=None
[2023-01-28T16:31:50.198+0000] {logging_mixin.py:120} INFO - [2023-01-28T16:31:50.198+0000] {dag.py:2585} INFO - Sync 2 DAGs
[2023-01-28T16:31:50.206+0000] {logging_mixin.py:120} INFO - [2023-01-28T16:31:50.205+0000] {dag.py:3340} INFO - Setting next_dagrun for example_subdag_operator.section-1 to None, run_after=None
[2023-01-28T16:31:50.206+0000] {logging_mixin.py:120} INFO - [2023-01-28T16:31:50.206+0000] {dag.py:3340} INFO - Setting next_dagrun for example_subdag_operator.section-2 to None, run_after=None
[2023-01-28T16:31:50.221+0000] {processor.py:176} INFO - Processing /home/airflow/.local/lib/python3.7/site-packages/airflow/example_dags/example_subdag_operator.py took 0.361 seconds
[2023-01-28T16:32:20.573+0000] {processor.py:154} INFO - Started process (PID=163) to work on /home/airflow/.local/lib/python3.7/site-packages/airflow/example_dags/example_subdag_operator.py
[2023-01-28T16:32:20.574+0000] {processor.py:756} INFO - Processing file /home/airflow/.local/lib/python3.7/site-packages/airflow/example_dags/example_subdag_operator.py for tasks to queue
[2023-01-28T16:32:20.580+0000] {logging_mixin.py:120} INFO - [2023-01-28T16:32:20.579+0000] {dagbag.py:537} INFO - Filling up the DagBag from /home/airflow/.local/lib/python3.7/site-packages/airflow/example_dags/example_subdag_operator.py
[2023-01-28T16:32:20.628+0000] {processor.py:766} INFO - DAG(s) dict_keys(['example_subdag_operator.section-1', 'example_subdag_operator.section-2', 'example_subdag_operator']) retrieved from /home/airflow/.local/lib/python3.7/site-packages/airflow/example_dags/example_subdag_operator.py
[2023-01-28T16:32:20.900+0000] {logging_mixin.py:120} INFO - [2023-01-28T16:32:20.900+0000] {dag.py:2585} INFO - Sync 3 DAGs
[2023-01-28T16:32:20.955+0000] {logging_mixin.py:120} INFO - [2023-01-28T16:32:20.954+0000] {dag.py:3340} INFO - Setting next_dagrun for example_subdag_operator to 2022-01-01T00:00:00+00:00, run_after=2022-01-01T00:00:00+00:00
[2023-01-28T16:32:20.960+0000] {logging_mixin.py:120} INFO - [2023-01-28T16:32:20.960+0000] {dag.py:3340} INFO - Setting next_dagrun for example_subdag_operator.section-1 to None, run_after=None
[2023-01-28T16:32:20.962+0000] {logging_mixin.py:120} INFO - [2023-01-28T16:32:20.962+0000] {dag.py:3340} INFO - Setting next_dagrun for example_subdag_operator.section-2 to None, run_after=None
[2023-01-28T16:32:20.973+0000] {logging_mixin.py:120} INFO - [2023-01-28T16:32:20.972+0000] {dag.py:2585} INFO - Sync 2 DAGs
[2023-01-28T16:32:20.986+0000] {logging_mixin.py:120} INFO - [2023-01-28T16:32:20.986+0000] {dag.py:3340} INFO - Setting next_dagrun for example_subdag_operator.section-1 to None, run_after=None
[2023-01-28T16:32:20.991+0000] {logging_mixin.py:120} INFO - [2023-01-28T16:32:20.991+0000] {dag.py:3340} INFO - Setting next_dagrun for example_subdag_operator.section-2 to None, run_after=None
[2023-01-28T16:32:21.018+0000] {processor.py:176} INFO - Processing /home/airflow/.local/lib/python3.7/site-packages/airflow/example_dags/example_subdag_operator.py took 0.449 seconds
[2023-01-28T16:32:51.662+0000] {processor.py:154} INFO - Started process (PID=224) to work on /home/airflow/.local/lib/python3.7/site-packages/airflow/example_dags/example_subdag_operator.py
[2023-01-28T16:32:51.664+0000] {processor.py:756} INFO - Processing file /home/airflow/.local/lib/python3.7/site-packages/airflow/example_dags/example_subdag_operator.py for tasks to queue
[2023-01-28T16:32:51.672+0000] {logging_mixin.py:120} INFO - [2023-01-28T16:32:51.672+0000] {dagbag.py:537} INFO - Filling up the DagBag from /home/airflow/.local/lib/python3.7/site-packages/airflow/example_dags/example_subdag_operator.py
[2023-01-28T16:32:51.748+0000] {processor.py:766} INFO - DAG(s) dict_keys(['example_subdag_operator.section-1', 'example_subdag_operator.section-2', 'example_subdag_operator']) retrieved from /home/airflow/.local/lib/python3.7/site-packages/airflow/example_dags/example_subdag_operator.py
[2023-01-28T16:32:52.105+0000] {logging_mixin.py:120} INFO - [2023-01-28T16:32:52.105+0000] {dag.py:2585} INFO - Sync 3 DAGs
[2023-01-28T16:32:52.180+0000] {logging_mixin.py:120} INFO - [2023-01-28T16:32:52.180+0000] {dag.py:3340} INFO - Setting next_dagrun for example_subdag_operator to 2022-01-01T00:00:00+00:00, run_after=2022-01-01T00:00:00+00:00
[2023-01-28T16:32:52.190+0000] {logging_mixin.py:120} INFO - [2023-01-28T16:32:52.189+0000] {dag.py:3340} INFO - Setting next_dagrun for example_subdag_operator.section-1 to None, run_after=None
[2023-01-28T16:32:52.196+0000] {logging_mixin.py:120} INFO - [2023-01-28T16:32:52.195+0000] {dag.py:3340} INFO - Setting next_dagrun for example_subdag_operator.section-2 to None, run_after=None
[2023-01-28T16:32:52.218+0000] {logging_mixin.py:120} INFO - [2023-01-28T16:32:52.217+0000] {dag.py:2585} INFO - Sync 2 DAGs
[2023-01-28T16:32:52.235+0000] {logging_mixin.py:120} INFO - [2023-01-28T16:32:52.234+0000] {dag.py:3340} INFO - Setting next_dagrun for example_subdag_operator.section-1 to None, run_after=None
[2023-01-28T16:32:52.237+0000] {logging_mixin.py:120} INFO - [2023-01-28T16:32:52.237+0000] {dag.py:3340} INFO - Setting next_dagrun for example_subdag_operator.section-2 to None, run_after=None
[2023-01-28T16:32:52.267+0000] {processor.py:176} INFO - Processing /home/airflow/.local/lib/python3.7/site-packages/airflow/example_dags/example_subdag_operator.py took 0.612 seconds
