[2023-01-28T16:28:07.044+0000] {processor.py:154} INFO - Started process (PID=57) to work on /home/airflow/.local/lib/python3.7/site-packages/airflow/example_dags/example_branch_datetime_operator.py
[2023-01-28T16:28:07.045+0000] {processor.py:756} INFO - Processing file /home/airflow/.local/lib/python3.7/site-packages/airflow/example_dags/example_branch_datetime_operator.py for tasks to queue
[2023-01-28T16:28:07.048+0000] {logging_mixin.py:120} INFO - [2023-01-28T16:28:07.047+0000] {dagbag.py:537} INFO - Filling up the DagBag from /home/airflow/.local/lib/python3.7/site-packages/airflow/example_dags/example_branch_datetime_operator.py
[2023-01-28T16:28:07.106+0000] {processor.py:766} INFO - DAG(s) dict_keys(['example_branch_datetime_operator_2', 'example_branch_datetime_operator', 'example_branch_datetime_operator_3']) retrieved from /home/airflow/.local/lib/python3.7/site-packages/airflow/example_dags/example_branch_datetime_operator.py
[2023-01-28T16:28:07.358+0000] {logging_mixin.py:120} INFO - [2023-01-28T16:28:07.358+0000] {manager.py:507} INFO - Created Permission View: can edit on DAG:example_branch_datetime_operator_2
[2023-01-28T16:28:07.469+0000] {logging_mixin.py:120} INFO - [2023-01-28T16:28:07.468+0000] {manager.py:507} INFO - Created Permission View: can read on DAG:example_branch_datetime_operator_2
[2023-01-28T16:28:07.500+0000] {logging_mixin.py:120} INFO - [2023-01-28T16:28:07.499+0000] {manager.py:507} INFO - Created Permission View: can delete on DAG:example_branch_datetime_operator_2
[2023-01-28T16:28:07.550+0000] {logging_mixin.py:120} INFO - [2023-01-28T16:28:07.550+0000] {manager.py:507} INFO - Created Permission View: can edit on DAG:example_branch_datetime_operator
[2023-01-28T16:28:07.573+0000] {logging_mixin.py:120} INFO - [2023-01-28T16:28:07.573+0000] {manager.py:507} INFO - Created Permission View: can read on DAG:example_branch_datetime_operator
[2023-01-28T16:28:07.591+0000] {logging_mixin.py:120} INFO - [2023-01-28T16:28:07.591+0000] {manager.py:507} INFO - Created Permission View: can delete on DAG:example_branch_datetime_operator
[2023-01-28T16:28:07.612+0000] {logging_mixin.py:120} INFO - [2023-01-28T16:28:07.612+0000] {manager.py:507} INFO - Created Permission View: can edit on DAG:example_branch_datetime_operator_3
[2023-01-28T16:28:07.626+0000] {logging_mixin.py:120} INFO - [2023-01-28T16:28:07.626+0000] {manager.py:507} INFO - Created Permission View: can read on DAG:example_branch_datetime_operator_3
[2023-01-28T16:28:07.644+0000] {logging_mixin.py:120} INFO - [2023-01-28T16:28:07.643+0000] {manager.py:507} INFO - Created Permission View: can delete on DAG:example_branch_datetime_operator_3
[2023-01-28T16:28:07.647+0000] {logging_mixin.py:120} INFO - [2023-01-28T16:28:07.646+0000] {dag.py:2585} INFO - Sync 3 DAGs
[2023-01-28T16:28:07.684+0000] {logging_mixin.py:120} INFO - [2023-01-28T16:28:07.683+0000] {dag.py:2606} INFO - Creating ORM DAG for example_branch_datetime_operator_3
[2023-01-28T16:28:07.691+0000] {logging_mixin.py:120} INFO - [2023-01-28T16:28:07.690+0000] {dag.py:2606} INFO - Creating ORM DAG for example_branch_datetime_operator
[2023-01-28T16:28:07.693+0000] {logging_mixin.py:120} INFO - [2023-01-28T16:28:07.693+0000] {dag.py:2606} INFO - Creating ORM DAG for example_branch_datetime_operator_2
[2023-01-28T16:28:07.734+0000] {logging_mixin.py:120} INFO - [2023-01-28T16:28:07.734+0000] {dag.py:3340} INFO - Setting next_dagrun for example_branch_datetime_operator to 2023-01-27T00:00:00+00:00, run_after=2023-01-28T00:00:00+00:00
[2023-01-28T16:28:07.743+0000] {logging_mixin.py:120} INFO - [2023-01-28T16:28:07.742+0000] {dag.py:3340} INFO - Setting next_dagrun for example_branch_datetime_operator_2 to 2023-01-27T00:00:00+00:00, run_after=2023-01-28T00:00:00+00:00
[2023-01-28T16:28:07.749+0000] {logging_mixin.py:120} INFO - [2023-01-28T16:28:07.748+0000] {dag.py:3340} INFO - Setting next_dagrun for example_branch_datetime_operator_3 to 2023-01-27T00:00:00+00:00, run_after=2023-01-28T00:00:00+00:00
[2023-01-28T16:28:07.833+0000] {processor.py:176} INFO - Processing /home/airflow/.local/lib/python3.7/site-packages/airflow/example_dags/example_branch_datetime_operator.py took 0.793 seconds
[2023-01-28T16:28:41.974+0000] {processor.py:154} INFO - Started process (PID=111) to work on /home/airflow/.local/lib/python3.7/site-packages/airflow/example_dags/example_branch_datetime_operator.py
[2023-01-28T16:28:41.979+0000] {processor.py:756} INFO - Processing file /home/airflow/.local/lib/python3.7/site-packages/airflow/example_dags/example_branch_datetime_operator.py for tasks to queue
[2023-01-28T16:28:41.982+0000] {logging_mixin.py:120} INFO - [2023-01-28T16:28:41.982+0000] {dagbag.py:537} INFO - Filling up the DagBag from /home/airflow/.local/lib/python3.7/site-packages/airflow/example_dags/example_branch_datetime_operator.py
[2023-01-28T16:28:42.033+0000] {processor.py:766} INFO - DAG(s) dict_keys(['example_branch_datetime_operator_2', 'example_branch_datetime_operator_3', 'example_branch_datetime_operator']) retrieved from /home/airflow/.local/lib/python3.7/site-packages/airflow/example_dags/example_branch_datetime_operator.py
[2023-01-28T16:28:42.132+0000] {logging_mixin.py:120} INFO - [2023-01-28T16:28:42.132+0000] {dag.py:2585} INFO - Sync 3 DAGs
[2023-01-28T16:28:42.197+0000] {logging_mixin.py:120} INFO - [2023-01-28T16:28:42.197+0000] {dag.py:3340} INFO - Setting next_dagrun for example_branch_datetime_operator to 2023-01-27T00:00:00+00:00, run_after=2023-01-28T00:00:00+00:00
[2023-01-28T16:28:42.206+0000] {logging_mixin.py:120} INFO - [2023-01-28T16:28:42.206+0000] {dag.py:3340} INFO - Setting next_dagrun for example_branch_datetime_operator_2 to 2023-01-27T00:00:00+00:00, run_after=2023-01-28T00:00:00+00:00
[2023-01-28T16:28:42.221+0000] {logging_mixin.py:120} INFO - [2023-01-28T16:28:42.220+0000] {dag.py:3340} INFO - Setting next_dagrun for example_branch_datetime_operator_3 to 2023-01-27T00:00:00+00:00, run_after=2023-01-28T00:00:00+00:00
[2023-01-28T16:28:42.283+0000] {processor.py:176} INFO - Processing /home/airflow/.local/lib/python3.7/site-packages/airflow/example_dags/example_branch_datetime_operator.py took 0.313 seconds
[2023-01-28T16:31:20.825+0000] {processor.py:154} INFO - Started process (PID=57) to work on /home/airflow/.local/lib/python3.7/site-packages/airflow/example_dags/example_branch_datetime_operator.py
[2023-01-28T16:31:20.828+0000] {processor.py:756} INFO - Processing file /home/airflow/.local/lib/python3.7/site-packages/airflow/example_dags/example_branch_datetime_operator.py for tasks to queue
[2023-01-28T16:31:20.830+0000] {logging_mixin.py:120} INFO - [2023-01-28T16:31:20.830+0000] {dagbag.py:537} INFO - Filling up the DagBag from /home/airflow/.local/lib/python3.7/site-packages/airflow/example_dags/example_branch_datetime_operator.py
[2023-01-28T16:31:20.868+0000] {processor.py:766} INFO - DAG(s) dict_keys(['example_branch_datetime_operator_2', 'example_branch_datetime_operator_3', 'example_branch_datetime_operator']) retrieved from /home/airflow/.local/lib/python3.7/site-packages/airflow/example_dags/example_branch_datetime_operator.py
[2023-01-28T16:31:20.916+0000] {logging_mixin.py:120} INFO - [2023-01-28T16:31:20.916+0000] {dag.py:2585} INFO - Sync 3 DAGs
[2023-01-28T16:31:20.984+0000] {logging_mixin.py:120} INFO - [2023-01-28T16:31:20.984+0000] {dag.py:3340} INFO - Setting next_dagrun for example_branch_datetime_operator to 2023-01-27T00:00:00+00:00, run_after=2023-01-28T00:00:00+00:00
[2023-01-28T16:31:20.992+0000] {logging_mixin.py:120} INFO - [2023-01-28T16:31:20.992+0000] {dag.py:3340} INFO - Setting next_dagrun for example_branch_datetime_operator_2 to 2023-01-27T00:00:00+00:00, run_after=2023-01-28T00:00:00+00:00
[2023-01-28T16:31:20.996+0000] {logging_mixin.py:120} INFO - [2023-01-28T16:31:20.996+0000] {dag.py:3340} INFO - Setting next_dagrun for example_branch_datetime_operator_3 to 2023-01-27T00:00:00+00:00, run_after=2023-01-28T00:00:00+00:00
[2023-01-28T16:31:21.023+0000] {processor.py:176} INFO - Processing /home/airflow/.local/lib/python3.7/site-packages/airflow/example_dags/example_branch_datetime_operator.py took 0.204 seconds
[2023-01-28T16:31:51.563+0000] {processor.py:154} INFO - Started process (PID=111) to work on /home/airflow/.local/lib/python3.7/site-packages/airflow/example_dags/example_branch_datetime_operator.py
[2023-01-28T16:31:51.567+0000] {processor.py:756} INFO - Processing file /home/airflow/.local/lib/python3.7/site-packages/airflow/example_dags/example_branch_datetime_operator.py for tasks to queue
[2023-01-28T16:31:51.569+0000] {logging_mixin.py:120} INFO - [2023-01-28T16:31:51.569+0000] {dagbag.py:537} INFO - Filling up the DagBag from /home/airflow/.local/lib/python3.7/site-packages/airflow/example_dags/example_branch_datetime_operator.py
[2023-01-28T16:31:51.605+0000] {processor.py:766} INFO - DAG(s) dict_keys(['example_branch_datetime_operator', 'example_branch_datetime_operator_3', 'example_branch_datetime_operator_2']) retrieved from /home/airflow/.local/lib/python3.7/site-packages/airflow/example_dags/example_branch_datetime_operator.py
[2023-01-28T16:31:51.675+0000] {logging_mixin.py:120} INFO - [2023-01-28T16:31:51.674+0000] {dag.py:2585} INFO - Sync 3 DAGs
[2023-01-28T16:31:51.715+0000] {logging_mixin.py:120} INFO - [2023-01-28T16:31:51.715+0000] {dag.py:3340} INFO - Setting next_dagrun for example_branch_datetime_operator to 2023-01-27T00:00:00+00:00, run_after=2023-01-28T00:00:00+00:00
[2023-01-28T16:31:51.723+0000] {logging_mixin.py:120} INFO - [2023-01-28T16:31:51.723+0000] {dag.py:3340} INFO - Setting next_dagrun for example_branch_datetime_operator_2 to 2023-01-27T00:00:00+00:00, run_after=2023-01-28T00:00:00+00:00
[2023-01-28T16:31:51.728+0000] {logging_mixin.py:120} INFO - [2023-01-28T16:31:51.728+0000] {dag.py:3340} INFO - Setting next_dagrun for example_branch_datetime_operator_3 to 2023-01-27T00:00:00+00:00, run_after=2023-01-28T00:00:00+00:00
[2023-01-28T16:31:51.751+0000] {processor.py:176} INFO - Processing /home/airflow/.local/lib/python3.7/site-packages/airflow/example_dags/example_branch_datetime_operator.py took 0.193 seconds
[2023-01-28T16:32:22.260+0000] {processor.py:154} INFO - Started process (PID=175) to work on /home/airflow/.local/lib/python3.7/site-packages/airflow/example_dags/example_branch_datetime_operator.py
[2023-01-28T16:32:22.262+0000] {processor.py:756} INFO - Processing file /home/airflow/.local/lib/python3.7/site-packages/airflow/example_dags/example_branch_datetime_operator.py for tasks to queue
[2023-01-28T16:32:22.263+0000] {logging_mixin.py:120} INFO - [2023-01-28T16:32:22.263+0000] {dagbag.py:537} INFO - Filling up the DagBag from /home/airflow/.local/lib/python3.7/site-packages/airflow/example_dags/example_branch_datetime_operator.py
[2023-01-28T16:32:22.289+0000] {processor.py:766} INFO - DAG(s) dict_keys(['example_branch_datetime_operator', 'example_branch_datetime_operator_2', 'example_branch_datetime_operator_3']) retrieved from /home/airflow/.local/lib/python3.7/site-packages/airflow/example_dags/example_branch_datetime_operator.py
[2023-01-28T16:32:22.356+0000] {logging_mixin.py:120} INFO - [2023-01-28T16:32:22.356+0000] {dag.py:2585} INFO - Sync 3 DAGs
[2023-01-28T16:32:22.400+0000] {logging_mixin.py:120} INFO - [2023-01-28T16:32:22.399+0000] {dag.py:3340} INFO - Setting next_dagrun for example_branch_datetime_operator to 2023-01-27T00:00:00+00:00, run_after=2023-01-28T00:00:00+00:00
[2023-01-28T16:32:22.406+0000] {logging_mixin.py:120} INFO - [2023-01-28T16:32:22.406+0000] {dag.py:3340} INFO - Setting next_dagrun for example_branch_datetime_operator_2 to 2023-01-27T00:00:00+00:00, run_after=2023-01-28T00:00:00+00:00
[2023-01-28T16:32:22.411+0000] {logging_mixin.py:120} INFO - [2023-01-28T16:32:22.411+0000] {dag.py:3340} INFO - Setting next_dagrun for example_branch_datetime_operator_3 to 2023-01-27T00:00:00+00:00, run_after=2023-01-28T00:00:00+00:00
[2023-01-28T16:32:22.440+0000] {processor.py:176} INFO - Processing /home/airflow/.local/lib/python3.7/site-packages/airflow/example_dags/example_branch_datetime_operator.py took 0.186 seconds
[2023-01-28T16:32:53.784+0000] {processor.py:154} INFO - Started process (PID=238) to work on /home/airflow/.local/lib/python3.7/site-packages/airflow/example_dags/example_branch_datetime_operator.py
[2023-01-28T16:32:53.787+0000] {processor.py:756} INFO - Processing file /home/airflow/.local/lib/python3.7/site-packages/airflow/example_dags/example_branch_datetime_operator.py for tasks to queue
[2023-01-28T16:32:53.789+0000] {logging_mixin.py:120} INFO - [2023-01-28T16:32:53.789+0000] {dagbag.py:537} INFO - Filling up the DagBag from /home/airflow/.local/lib/python3.7/site-packages/airflow/example_dags/example_branch_datetime_operator.py
[2023-01-28T16:32:53.819+0000] {processor.py:766} INFO - DAG(s) dict_keys(['example_branch_datetime_operator_3', 'example_branch_datetime_operator', 'example_branch_datetime_operator_2']) retrieved from /home/airflow/.local/lib/python3.7/site-packages/airflow/example_dags/example_branch_datetime_operator.py
[2023-01-28T16:32:53.914+0000] {logging_mixin.py:120} INFO - [2023-01-28T16:32:53.913+0000] {dag.py:2585} INFO - Sync 3 DAGs
[2023-01-28T16:32:53.972+0000] {logging_mixin.py:120} INFO - [2023-01-28T16:32:53.972+0000] {dag.py:3340} INFO - Setting next_dagrun for example_branch_datetime_operator to 2023-01-27T00:00:00+00:00, run_after=2023-01-28T00:00:00+00:00
[2023-01-28T16:32:53.985+0000] {logging_mixin.py:120} INFO - [2023-01-28T16:32:53.985+0000] {dag.py:3340} INFO - Setting next_dagrun for example_branch_datetime_operator_2 to 2023-01-27T00:00:00+00:00, run_after=2023-01-28T00:00:00+00:00
[2023-01-28T16:32:53.992+0000] {logging_mixin.py:120} INFO - [2023-01-28T16:32:53.991+0000] {dag.py:3340} INFO - Setting next_dagrun for example_branch_datetime_operator_3 to 2023-01-27T00:00:00+00:00, run_after=2023-01-28T00:00:00+00:00
[2023-01-28T16:32:54.020+0000] {processor.py:176} INFO - Processing /home/airflow/.local/lib/python3.7/site-packages/airflow/example_dags/example_branch_datetime_operator.py took 0.241 seconds
