[2023-01-28T16:28:04.681+0000] {processor.py:154} INFO - Started process (PID=52) to work on /home/airflow/.local/lib/python3.7/site-packages/airflow/example_dags/example_branch_day_of_week_operator.py
[2023-01-28T16:28:04.685+0000] {processor.py:756} INFO - Processing file /home/airflow/.local/lib/python3.7/site-packages/airflow/example_dags/example_branch_day_of_week_operator.py for tasks to queue
[2023-01-28T16:28:04.689+0000] {logging_mixin.py:120} INFO - [2023-01-28T16:28:04.688+0000] {dagbag.py:537} INFO - Filling up the DagBag from /home/airflow/.local/lib/python3.7/site-packages/airflow/example_dags/example_branch_day_of_week_operator.py
[2023-01-28T16:28:04.739+0000] {processor.py:766} INFO - DAG(s) dict_keys(['example_weekday_branch_operator']) retrieved from /home/airflow/.local/lib/python3.7/site-packages/airflow/example_dags/example_branch_day_of_week_operator.py
[2023-01-28T16:28:05.116+0000] {logging_mixin.py:120} INFO - [2023-01-28T16:28:05.115+0000] {manager.py:507} INFO - Created Permission View: can edit on DAG:example_weekday_branch_operator
[2023-01-28T16:28:05.136+0000] {logging_mixin.py:120} INFO - [2023-01-28T16:28:05.135+0000] {manager.py:507} INFO - Created Permission View: can read on DAG:example_weekday_branch_operator
[2023-01-28T16:28:05.155+0000] {logging_mixin.py:120} INFO - [2023-01-28T16:28:05.154+0000] {manager.py:507} INFO - Created Permission View: can delete on DAG:example_weekday_branch_operator
[2023-01-28T16:28:05.157+0000] {logging_mixin.py:120} INFO - [2023-01-28T16:28:05.156+0000] {dag.py:2585} INFO - Sync 1 DAGs
[2023-01-28T16:28:05.177+0000] {logging_mixin.py:120} INFO - [2023-01-28T16:28:05.177+0000] {dag.py:2606} INFO - Creating ORM DAG for example_weekday_branch_operator
[2023-01-28T16:28:05.211+0000] {logging_mixin.py:120} INFO - [2023-01-28T16:28:05.210+0000] {dag.py:3340} INFO - Setting next_dagrun for example_weekday_branch_operator to 2023-01-27T00:00:00+00:00, run_after=2023-01-28T00:00:00+00:00
[2023-01-28T16:28:05.270+0000] {processor.py:176} INFO - Processing /home/airflow/.local/lib/python3.7/site-packages/airflow/example_dags/example_branch_day_of_week_operator.py took 0.616 seconds
[2023-01-28T16:28:35.532+0000] {processor.py:154} INFO - Started process (PID=106) to work on /home/airflow/.local/lib/python3.7/site-packages/airflow/example_dags/example_branch_day_of_week_operator.py
[2023-01-28T16:28:35.535+0000] {processor.py:756} INFO - Processing file /home/airflow/.local/lib/python3.7/site-packages/airflow/example_dags/example_branch_day_of_week_operator.py for tasks to queue
[2023-01-28T16:28:35.538+0000] {logging_mixin.py:120} INFO - [2023-01-28T16:28:35.538+0000] {dagbag.py:537} INFO - Filling up the DagBag from /home/airflow/.local/lib/python3.7/site-packages/airflow/example_dags/example_branch_day_of_week_operator.py
[2023-01-28T16:28:35.593+0000] {processor.py:766} INFO - DAG(s) dict_keys(['example_weekday_branch_operator']) retrieved from /home/airflow/.local/lib/python3.7/site-packages/airflow/example_dags/example_branch_day_of_week_operator.py
[2023-01-28T16:28:35.713+0000] {logging_mixin.py:120} INFO - [2023-01-28T16:28:35.713+0000] {dag.py:2585} INFO - Sync 1 DAGs
[2023-01-28T16:28:35.774+0000] {logging_mixin.py:120} INFO - [2023-01-28T16:28:35.773+0000] {dag.py:3340} INFO - Setting next_dagrun for example_weekday_branch_operator to 2023-01-27T00:00:00+00:00, run_after=2023-01-28T00:00:00+00:00
[2023-01-28T16:28:35.893+0000] {processor.py:176} INFO - Processing /home/airflow/.local/lib/python3.7/site-packages/airflow/example_dags/example_branch_day_of_week_operator.py took 0.371 seconds
[2023-01-28T16:31:20.078+0000] {processor.py:154} INFO - Started process (PID=52) to work on /home/airflow/.local/lib/python3.7/site-packages/airflow/example_dags/example_branch_day_of_week_operator.py
[2023-01-28T16:31:20.081+0000] {processor.py:756} INFO - Processing file /home/airflow/.local/lib/python3.7/site-packages/airflow/example_dags/example_branch_day_of_week_operator.py for tasks to queue
[2023-01-28T16:31:20.082+0000] {logging_mixin.py:120} INFO - [2023-01-28T16:31:20.082+0000] {dagbag.py:537} INFO - Filling up the DagBag from /home/airflow/.local/lib/python3.7/site-packages/airflow/example_dags/example_branch_day_of_week_operator.py
[2023-01-28T16:31:20.117+0000] {processor.py:766} INFO - DAG(s) dict_keys(['example_weekday_branch_operator']) retrieved from /home/airflow/.local/lib/python3.7/site-packages/airflow/example_dags/example_branch_day_of_week_operator.py
[2023-01-28T16:31:20.196+0000] {logging_mixin.py:120} INFO - [2023-01-28T16:31:20.195+0000] {dag.py:2585} INFO - Sync 1 DAGs
[2023-01-28T16:31:20.271+0000] {logging_mixin.py:120} INFO - [2023-01-28T16:31:20.271+0000] {dag.py:3340} INFO - Setting next_dagrun for example_weekday_branch_operator to 2023-01-27T00:00:00+00:00, run_after=2023-01-28T00:00:00+00:00
[2023-01-28T16:31:20.311+0000] {processor.py:176} INFO - Processing /home/airflow/.local/lib/python3.7/site-packages/airflow/example_dags/example_branch_day_of_week_operator.py took 0.240 seconds
[2023-01-28T16:31:50.906+0000] {processor.py:154} INFO - Started process (PID=106) to work on /home/airflow/.local/lib/python3.7/site-packages/airflow/example_dags/example_branch_day_of_week_operator.py
[2023-01-28T16:31:50.908+0000] {processor.py:756} INFO - Processing file /home/airflow/.local/lib/python3.7/site-packages/airflow/example_dags/example_branch_day_of_week_operator.py for tasks to queue
[2023-01-28T16:31:50.910+0000] {logging_mixin.py:120} INFO - [2023-01-28T16:31:50.910+0000] {dagbag.py:537} INFO - Filling up the DagBag from /home/airflow/.local/lib/python3.7/site-packages/airflow/example_dags/example_branch_day_of_week_operator.py
[2023-01-28T16:31:50.945+0000] {processor.py:766} INFO - DAG(s) dict_keys(['example_weekday_branch_operator']) retrieved from /home/airflow/.local/lib/python3.7/site-packages/airflow/example_dags/example_branch_day_of_week_operator.py
[2023-01-28T16:31:51.012+0000] {logging_mixin.py:120} INFO - [2023-01-28T16:31:51.012+0000] {dag.py:2585} INFO - Sync 1 DAGs
[2023-01-28T16:31:51.061+0000] {logging_mixin.py:120} INFO - [2023-01-28T16:31:51.061+0000] {dag.py:3340} INFO - Setting next_dagrun for example_weekday_branch_operator to 2023-01-27T00:00:00+00:00, run_after=2023-01-28T00:00:00+00:00
[2023-01-28T16:31:51.097+0000] {processor.py:176} INFO - Processing /home/airflow/.local/lib/python3.7/site-packages/airflow/example_dags/example_branch_day_of_week_operator.py took 0.195 seconds
[2023-01-28T16:32:21.547+0000] {processor.py:154} INFO - Started process (PID=170) to work on /home/airflow/.local/lib/python3.7/site-packages/airflow/example_dags/example_branch_day_of_week_operator.py
[2023-01-28T16:32:21.549+0000] {processor.py:756} INFO - Processing file /home/airflow/.local/lib/python3.7/site-packages/airflow/example_dags/example_branch_day_of_week_operator.py for tasks to queue
[2023-01-28T16:32:21.551+0000] {logging_mixin.py:120} INFO - [2023-01-28T16:32:21.551+0000] {dagbag.py:537} INFO - Filling up the DagBag from /home/airflow/.local/lib/python3.7/site-packages/airflow/example_dags/example_branch_day_of_week_operator.py
[2023-01-28T16:32:21.569+0000] {processor.py:766} INFO - DAG(s) dict_keys(['example_weekday_branch_operator']) retrieved from /home/airflow/.local/lib/python3.7/site-packages/airflow/example_dags/example_branch_day_of_week_operator.py
[2023-01-28T16:32:21.618+0000] {logging_mixin.py:120} INFO - [2023-01-28T16:32:21.618+0000] {dag.py:2585} INFO - Sync 1 DAGs
[2023-01-28T16:32:21.652+0000] {logging_mixin.py:120} INFO - [2023-01-28T16:32:21.652+0000] {dag.py:3340} INFO - Setting next_dagrun for example_weekday_branch_operator to 2023-01-27T00:00:00+00:00, run_after=2023-01-28T00:00:00+00:00
[2023-01-28T16:32:21.684+0000] {processor.py:176} INFO - Processing /home/airflow/.local/lib/python3.7/site-packages/airflow/example_dags/example_branch_day_of_week_operator.py took 0.141 seconds
[2023-01-28T16:32:53.082+0000] {processor.py:154} INFO - Started process (PID=233) to work on /home/airflow/.local/lib/python3.7/site-packages/airflow/example_dags/example_branch_day_of_week_operator.py
[2023-01-28T16:32:53.084+0000] {processor.py:756} INFO - Processing file /home/airflow/.local/lib/python3.7/site-packages/airflow/example_dags/example_branch_day_of_week_operator.py for tasks to queue
[2023-01-28T16:32:53.088+0000] {logging_mixin.py:120} INFO - [2023-01-28T16:32:53.087+0000] {dagbag.py:537} INFO - Filling up the DagBag from /home/airflow/.local/lib/python3.7/site-packages/airflow/example_dags/example_branch_day_of_week_operator.py
[2023-01-28T16:32:53.117+0000] {processor.py:766} INFO - DAG(s) dict_keys(['example_weekday_branch_operator']) retrieved from /home/airflow/.local/lib/python3.7/site-packages/airflow/example_dags/example_branch_day_of_week_operator.py
[2023-01-28T16:32:53.180+0000] {logging_mixin.py:120} INFO - [2023-01-28T16:32:53.180+0000] {dag.py:2585} INFO - Sync 1 DAGs
[2023-01-28T16:32:53.243+0000] {logging_mixin.py:120} INFO - [2023-01-28T16:32:53.242+0000] {dag.py:3340} INFO - Setting next_dagrun for example_weekday_branch_operator to 2023-01-27T00:00:00+00:00, run_after=2023-01-28T00:00:00+00:00
[2023-01-28T16:32:53.284+0000] {processor.py:176} INFO - Processing /home/airflow/.local/lib/python3.7/site-packages/airflow/example_dags/example_branch_day_of_week_operator.py took 0.206 seconds
